[2021-02-14 14:22:14.959] [renderer1] [error] [File Watcher (node.js)] Error: ENOENT: no such file or directory, stat '/home/dias/projetos/ESTUDAPORRA/.vscode'
[2021-02-14 14:22:14.964] [renderer1] [warning] Workbench did not finish loading in 10 seconds, that might be a problem that should be reported.
[2021-02-14 14:23:01.442] [renderer1] [warning] UNRESPONSIVE extension host, 'ms-vscode.js-debug' took 43% of 6942.343ms, saved PROFILE here: '/tmp/exthost-d6c4ae.cpuprofile' [{"id":"gc","total":108286,"percentage":2},{"id":"ms-vscode.js-debug","total":2962486,"percentage":43},{"id":"self","total":2975727,"percentage":43},{"id":"vscode.debug-auto-launch","total":130210,"percentage":2},{"id":"vscode.npm","total":465135,"percentage":7},{"id":"vscode.php-language-features","total":115951,"percentage":2},{"id":"vscode.typescript-language-features","total":183623,"percentage":3}]
[2021-02-14 14:23:13.493] [renderer1] [warning] UNRESPONSIVE extension host, 'vscode.emmet' took 93% of 817.622ms, saved PROFILE here: '/tmp/exthost-0f4e16.cpuprofile' [{"id":"program","total":189,"percentage":0},{"id":"self","total":11102,"percentage":1},{"id":"vscode.emmet","total":759136,"percentage":93},{"id":"vscode.git","total":2877,"percentage":0},{"id":"vscode.github","total":9987,"percentage":1},{"id":"vscode.merge-conflict","total":24882,"percentage":3},{"id":"vscode.microsoft-authentication","total":180,"percentage":0},{"id":"vscode.testing-editor-contributions","total":8662,"percentage":1}]
[2021-02-14 21:23:14.918] [renderer1] [error] read ECONNRESET: Error: read ECONNRESET
	at TLSWrap.onStreamRead (internal/stream_base_commons.js:205:27)
[2021-02-14 21:53:14.777] [renderer1] [error] read ECONNRESET: Error: read ECONNRESET
	at TLSWrap.onStreamRead (internal/stream_base_commons.js:205:27)
[2021-02-14 22:23:15.942] [renderer1] [error] read ECONNRESET: Error: read ECONNRESET
	at TLSWrap.onStreamRead (internal/stream_base_commons.js:205:27)
[2021-02-14 22:53:15.948] [renderer1] [error] read ECONNRESET: Error: read ECONNRESET
	at TLSWrap.onStreamRead (internal/stream_base_commons.js:205:27)
[2021-02-14 23:23:15.467] [renderer1] [error] read ECONNRESET: Error: read ECONNRESET
	at TLSWrap.onStreamRead (internal/stream_base_commons.js:205:27)
[2021-02-14 23:53:15.467] [renderer1] [error] read ECONNRESET: Error: read ECONNRESET
	at TLSWrap.onStreamRead (internal/stream_base_commons.js:205:27)
[2021-02-15 00:23:15.461] [renderer1] [error] read ECONNRESET: Error: read ECONNRESET
	at TLSWrap.onStreamRead (internal/stream_base_commons.js:205:27)
[2021-02-15 00:53:15.546] [renderer1] [error] read ECONNRESET: Error: read ECONNRESET
	at TLSWrap.onStreamRead (internal/stream_base_commons.js:205:27)
[2021-02-15 01:23:15.943] [renderer1] [error] read ECONNRESET: Error: read ECONNRESET
	at TLSWrap.onStreamRead (internal/stream_base_commons.js:205:27)
[2021-02-15 01:53:15.945] [renderer1] [error] read ECONNRESET: Error: read ECONNRESET
	at TLSWrap.onStreamRead (internal/stream_base_commons.js:205:27)
[2021-02-15 02:23:15.946] [renderer1] [error] read ECONNRESET: Error: read ECONNRESET
	at TLSWrap.onStreamRead (internal/stream_base_commons.js:205:27)
[2021-02-15 02:53:16.833] [renderer1] [error] read ECONNRESET: Error: read ECONNRESET
	at TLSWrap.onStreamRead (internal/stream_base_commons.js:205:27)
[2021-02-15 03:23:17.263] [renderer1] [error] read ECONNRESET: Error: read ECONNRESET
	at TLSWrap.onStreamRead (internal/stream_base_commons.js:205:27)
[2021-02-15 15:03:15.582] [renderer1] [error] read ECONNRESET: Error: read ECONNRESET
	at TLSWrap.onStreamRead (internal/stream_base_commons.js:205:27)
[2021-02-15 15:33:15.588] [renderer1] [error] read ECONNRESET: Error: read ECONNRESET
	at TLSWrap.onStreamRead (internal/stream_base_commons.js:205:27)
[2021-02-15 16:03:15.589] [renderer1] [error] read ECONNRESET: Error: read ECONNRESET
	at TLSWrap.onStreamRead (internal/stream_base_commons.js:205:27)
[2021-02-15 16:33:15.590] [renderer1] [error] read ECONNRESET: Error: read ECONNRESET
	at TLSWrap.onStreamRead (internal/stream_base_commons.js:205:27)
[2021-02-15 17:03:15.591] [renderer1] [error] read ECONNRESET: Error: read ECONNRESET
	at TLSWrap.onStreamRead (internal/stream_base_commons.js:205:27)
[2021-02-15 17:33:15.593] [renderer1] [error] read ECONNRESET: Error: read ECONNRESET
	at TLSWrap.onStreamRead (internal/stream_base_commons.js:205:27)
[2021-02-15 18:03:15.536] [renderer1] [error] read ECONNRESET: Error: read ECONNRESET
	at TLSWrap.onStreamRead (internal/stream_base_commons.js:205:27)
[2021-02-15 18:33:15.943] [renderer1] [error] read ECONNRESET: Error: read ECONNRESET
	at TLSWrap.onStreamRead (internal/stream_base_commons.js:205:27)
[2021-02-15 19:03:15.948] [renderer1] [error] read ECONNRESET: Error: read ECONNRESET
	at TLSWrap.onStreamRead (internal/stream_base_commons.js:205:27)
[2021-02-15 19:33:15.947] [renderer1] [error] read ECONNRESET: Error: read ECONNRESET
	at TLSWrap.onStreamRead (internal/stream_base_commons.js:205:27)
[2021-02-15 20:03:15.949] [renderer1] [error] read ECONNRESET: Error: read ECONNRESET
	at TLSWrap.onStreamRead (internal/stream_base_commons.js:205:27)
[2021-02-15 20:33:16.361] [renderer1] [error] read ECONNRESET: Error: read ECONNRESET
	at TLSWrap.onStreamRead (internal/stream_base_commons.js:205:27)
[2021-02-15 21:03:15.956] [renderer1] [error] read ECONNRESET: Error: read ECONNRESET
	at TLSWrap.onStreamRead (internal/stream_base_commons.js:205:27)
[2021-02-15 21:33:15.959] [renderer1] [error] read ECONNRESET: Error: read ECONNRESET
	at TLSWrap.onStreamRead (internal/stream_base_commons.js:205:27)
[2021-02-15 22:03:15.960] [renderer1] [error] read ECONNRESET: Error: read ECONNRESET
	at TLSWrap.onStreamRead (internal/stream_base_commons.js:205:27)
[2021-02-15 22:33:16.458] [renderer1] [error] read ECONNRESET: Error: read ECONNRESET
	at TLSWrap.onStreamRead (internal/stream_base_commons.js:205:27)
[2021-02-15 23:03:16.460] [renderer1] [error] read ECONNRESET: Error: read ECONNRESET
	at TLSWrap.onStreamRead (internal/stream_base_commons.js:205:27)
[2021-02-15 23:33:16.879] [renderer1] [error] read ECONNRESET: Error: read ECONNRESET
	at TLSWrap.onStreamRead (internal/stream_base_commons.js:205:27)
[2021-02-16 00:03:17.320] [renderer1] [error] read ECONNRESET: Error: read ECONNRESET
	at TLSWrap.onStreamRead (internal/stream_base_commons.js:205:27)
