[Info] /root/.ssh/config: ENOENT: no such file or directory, open '/root/.ssh/config'
[Info] Looking for git repository
[Info] Git repository found, initializing review manager and pr tree view.
[Info] Review> Validate state in progress
[Info] Review> Validating state...
[Info] No remote with name 'upstream' found.
[Info] Found GitHub remote
[Info] Review> no matching pull request metadata found for current branch master
[Info] Review> no matching pull request metadata found on GitHub for current branch master
[Info] Error signing in to GitHub: Error: Cancelled
[Info] Error: Cancelled
	at /snap/code/52/usr/share/code/resources/app/extensions/github-authentication/dist/extension.js:1:27190
	at /snap/code/52/usr/share/code/resources/app/extensions/github-authentication/dist/extension.js:1:64921
	at l.fire (/snap/code/52/usr/share/code/resources/app/out/vs/workbench/services/extensions/node/extensionHostProcess.js:46:801)
	at t.GitHubServer.manuallyProvideToken (/snap/code/52/usr/share/code/resources/app/extensions/github-authentication/dist/extension.js:1:27935)
	at processTicksAndRejections (internal/process/task_queues.js:94:5)
[Info] Error signing in to GitHub: Error: Cancelled
[Info] Error: Cancelled
	at /snap/code/52/usr/share/code/resources/app/extensions/github-authentication/dist/extension.js:1:27190
	at /snap/code/52/usr/share/code/resources/app/extensions/github-authentication/dist/extension.js:1:64921
	at l.fire (/snap/code/52/usr/share/code/resources/app/out/vs/workbench/services/extensions/node/extensionHostProcess.js:46:801)
	at t.GitHubServer.manuallyProvideToken (/snap/code/52/usr/share/code/resources/app/extensions/github-authentication/dist/extension.js:1:27935)
	at processTicksAndRejections (internal/process/task_queues.js:94:5)
[Info] Error signing in to GitHub: Error: Cancelled
[Info] Error: Cancelled
	at /snap/code/52/usr/share/code/resources/app/extensions/github-authentication/dist/extension.js:1:27190
	at /snap/code/52/usr/share/code/resources/app/extensions/github-authentication/dist/extension.js:1:64921
	at l.fire (/snap/code/52/usr/share/code/resources/app/out/vs/workbench/services/extensions/node/extensionHostProcess.js:46:801)
	at t.GitHubServer.manuallyProvideToken (/snap/code/52/usr/share/code/resources/app/extensions/github-authentication/dist/extension.js:1:27935)
	at processTicksAndRejections (internal/process/task_queues.js:94:5)
[Info] Error signing in to GitHub: Error: Cancelled
[Info] Error: Cancelled
	at /snap/code/52/usr/share/code/resources/app/extensions/github-authentication/dist/extension.js:1:27190
	at /snap/code/52/usr/share/code/resources/app/extensions/github-authentication/dist/extension.js:1:64921
	at l.fire (/snap/code/52/usr/share/code/resources/app/out/vs/workbench/services/extensions/node/extensionHostProcess.js:46:801)
	at t.GitHubServer.manuallyProvideToken (/snap/code/52/usr/share/code/resources/app/extensions/github-authentication/dist/extension.js:1:27935)
	at processTicksAndRejections (internal/process/task_queues.js:94:5)
[Info] Error signing in to GitHub: Error: Cancelled
[Info] Error: Cancelled
	at /snap/code/52/usr/share/code/resources/app/extensions/github-authentication/dist/extension.js:1:27190
	at /snap/code/52/usr/share/code/resources/app/extensions/github-authentication/dist/extension.js:1:64921
	at l.fire (/snap/code/52/usr/share/code/resources/app/out/vs/workbench/services/extensions/node/extensionHostProcess.js:46:801)
	at t.GitHubServer.manuallyProvideToken (/snap/code/52/usr/share/code/resources/app/extensions/github-authentication/dist/extension.js:1:27935)
	at processTicksAndRejections (internal/process/task_queues.js:94:5)
[Info] Error signing in to GitHub: Error: Cancelled
[Info] Error: Cancelled
	at /snap/code/52/usr/share/code/resources/app/extensions/github-authentication/dist/extension.js:1:27190
	at /snap/code/52/usr/share/code/resources/app/extensions/github-authentication/dist/extension.js:1:64921
	at l.fire (/snap/code/52/usr/share/code/resources/app/out/vs/workbench/services/extensions/node/extensionHostProcess.js:46:801)
	at t.GitHubServer.manuallyProvideToken (/snap/code/52/usr/share/code/resources/app/extensions/github-authentication/dist/extension.js:1:27935)
	at processTicksAndRejections (internal/process/task_queues.js:94:5)
[Info] Error signing in to GitHub: Error: Cancelled
[Info] Error: Cancelled
	at /snap/code/52/usr/share/code/resources/app/extensions/github-authentication/dist/extension.js:1:27190
	at /snap/code/52/usr/share/code/resources/app/extensions/github-authentication/dist/extension.js:1:64921
	at l.fire (/snap/code/52/usr/share/code/resources/app/out/vs/workbench/services/extensions/node/extensionHostProcess.js:46:801)
	at t.GitHubServer.manuallyProvideToken (/snap/code/52/usr/share/code/resources/app/extensions/github-authentication/dist/extension.js:1:27935)
	at processTicksAndRejections (internal/process/task_queues.js:94:5)
[Info] Error signing in to GitHub: Error: Cancelled
[Info] Error: Cancelled
	at /snap/code/52/usr/share/code/resources/app/extensions/github-authentication/dist/extension.js:1:27190
	at /snap/code/52/usr/share/code/resources/app/extensions/github-authentication/dist/extension.js:1:64921
	at l.fire (/snap/code/52/usr/share/code/resources/app/out/vs/workbench/services/extensions/node/extensionHostProcess.js:46:801)
	at t.GitHubServer.manuallyProvideToken (/snap/code/52/usr/share/code/resources/app/extensions/github-authentication/dist/extension.js:1:27935)
	at processTicksAndRejections (internal/process/task_queues.js:94:5)
[Info] Error signing in to GitHub: Error: Cancelled
[Info] Error: Cancelled
	at /snap/code/52/usr/share/code/resources/app/extensions/github-authentication/dist/extension.js:1:27190
	at /snap/code/52/usr/share/code/resources/app/extensions/github-authentication/dist/extension.js:1:64921
	at l.fire (/snap/code/52/usr/share/code/resources/app/out/vs/workbench/services/extensions/node/extensionHostProcess.js:46:801)
	at t.GitHubServer.manuallyProvideToken (/snap/code/52/usr/share/code/resources/app/extensions/github-authentication/dist/extension.js:1:27935)
	at processTicksAndRejections (internal/process/task_queues.js:94:5)
[Info] Error signing in to GitHub: Error: Cancelled
[Info] Error: Cancelled
	at /snap/code/52/usr/share/code/resources/app/extensions/github-authentication/dist/extension.js:1:27190
	at /snap/code/52/usr/share/code/resources/app/extensions/github-authentication/dist/extension.js:1:64921
	at l.fire (/snap/code/52/usr/share/code/resources/app/out/vs/workbench/services/extensions/node/extensionHostProcess.js:46:801)
	at t.GitHubServer.manuallyProvideToken (/snap/code/52/usr/share/code/resources/app/extensions/github-authentication/dist/extension.js:1:27935)
	at processTicksAndRejections (internal/process/task_queues.js:94:5)
[Info] Error signing in to GitHub: Error: Cancelled
[Info] Error: Cancelled
	at /snap/code/52/usr/share/code/resources/app/extensions/github-authentication/dist/extension.js:1:27190
	at /snap/code/52/usr/share/code/resources/app/extensions/github-authentication/dist/extension.js:1:64921
	at l.fire (/snap/code/52/usr/share/code/resources/app/out/vs/workbench/services/extensions/node/extensionHostProcess.js:46:801)
	at t.GitHubServer.manuallyProvideToken (/snap/code/52/usr/share/code/resources/app/extensions/github-authentication/dist/extension.js:1:27935)
	at processTicksAndRejections (internal/process/task_queues.js:94:5)
[Info] Error signing in to GitHub: Error: Cancelled
[Info] Error: Cancelled
	at /snap/code/52/usr/share/code/resources/app/extensions/github-authentication/dist/extension.js:1:27190
	at /snap/code/52/usr/share/code/resources/app/extensions/github-authentication/dist/extension.js:1:64921
	at l.fire (/snap/code/52/usr/share/code/resources/app/out/vs/workbench/services/extensions/node/extensionHostProcess.js:46:801)
	at t.GitHubServer.manuallyProvideToken (/snap/code/52/usr/share/code/resources/app/extensions/github-authentication/dist/extension.js:1:27935)
	at processTicksAndRejections (internal/process/task_queues.js:94:5)
[Info] Error signing in to GitHub: Error: Cancelled
[Info] Error: Cancelled
	at /snap/code/52/usr/share/code/resources/app/extensions/github-authentication/dist/extension.js:1:27190
	at /snap/code/52/usr/share/code/resources/app/extensions/github-authentication/dist/extension.js:1:64921
	at l.fire (/snap/code/52/usr/share/code/resources/app/out/vs/workbench/services/extensions/node/extensionHostProcess.js:46:801)
	at t.GitHubServer.manuallyProvideToken (/snap/code/52/usr/share/code/resources/app/extensions/github-authentication/dist/extension.js:1:27935)
	at processTicksAndRejections (internal/process/task_queues.js:94:5)
[Info] Error signing in to GitHub: Error: Cancelled
[Info] Error: Cancelled
	at /snap/code/52/usr/share/code/resources/app/extensions/github-authentication/dist/extension.js:1:27190
	at /snap/code/52/usr/share/code/resources/app/extensions/github-authentication/dist/extension.js:1:64921
	at l.fire (/snap/code/52/usr/share/code/resources/app/out/vs/workbench/services/extensions/node/extensionHostProcess.js:46:801)
	at t.GitHubServer.manuallyProvideToken (/snap/code/52/usr/share/code/resources/app/extensions/github-authentication/dist/extension.js:1:27935)
	at processTicksAndRejections (internal/process/task_queues.js:94:5)
