[2021-01-22 11:33:32.669] [exthost] [info] extension host started
[2021-01-22 11:33:34.080] [exthost] [info] ExtensionService#_doActivateExtension vscode.microsoft-authentication {"startup":false,"extensionId":{"value":"vscode.microsoft-authentication","_lower":"vscode.microsoft-authentication"},"activationEvent":"onAuthenticationRequest:microsoft"}
[2021-01-22 11:33:34.081] [exthost] [info] ExtensionService#loadCommonJSModule file:///snap/code/52/usr/share/code/resources/app/extensions/microsoft-authentication/dist/extension.js
[2021-01-22 11:33:34.275] [exthost] [info] ExtensionService#_doActivateExtension vscode.php-language-features {"startup":false,"extensionId":{"value":"vscode.php-language-features","_lower":"vscode.php-language-features"},"activationEvent":"onLanguage:php"}
[2021-01-22 11:33:34.275] [exthost] [info] ExtensionService#loadCommonJSModule file:///snap/code/52/usr/share/code/resources/app/extensions/php-language-features/dist/phpMain
[2021-01-22 11:33:34.391] [exthost] [info] ExtensionService#_doActivateExtension vscode.debug-auto-launch {"startup":true,"extensionId":{"value":"vscode.debug-auto-launch","_lower":"vscode.debug-auto-launch"},"activationEvent":"*"}
[2021-01-22 11:33:34.392] [exthost] [info] ExtensionService#loadCommonJSModule file:///snap/code/52/usr/share/code/resources/app/extensions/debug-auto-launch/dist/extension
[2021-01-22 11:33:34.424] [exthost] [info] ExtensionService#_doActivateExtension vscode.emmet {"startup":true,"extensionId":{"value":"vscode.emmet","_lower":"vscode.emmet"},"activationEvent":"*"}
[2021-01-22 11:33:34.425] [exthost] [info] ExtensionService#loadCommonJSModule file:///snap/code/52/usr/share/code/resources/app/extensions/emmet/dist/node/emmetNodeMain
[2021-01-22 11:33:35.279] [exthost] [info] ExtensionService#_doActivateExtension vscode.git {"startup":true,"extensionId":{"value":"vscode.github","_lower":"vscode.github"},"activationEvent":"*"}
[2021-01-22 11:33:35.282] [exthost] [info] ExtensionService#loadCommonJSModule file:///snap/code/52/usr/share/code/resources/app/extensions/git/dist/main
[2021-01-22 11:33:35.659] [exthost] [info] ExtensionService#_doActivateExtension vscode.merge-conflict {"startup":true,"extensionId":{"value":"vscode.merge-conflict","_lower":"vscode.merge-conflict"},"activationEvent":"*"}
[2021-01-22 11:33:35.659] [exthost] [info] ExtensionService#loadCommonJSModule file:///snap/code/52/usr/share/code/resources/app/extensions/merge-conflict/dist/mergeConflictMain
[2021-01-22 11:33:35.689] [exthost] [info] ExtensionService#_doActivateExtension vscode.search-result {"startup":true,"extensionId":{"value":"vscode.search-result","_lower":"vscode.search-result"},"activationEvent":"*"}
[2021-01-22 11:33:35.694] [exthost] [info] ExtensionService#loadCommonJSModule file:///snap/code/52/usr/share/code/resources/app/extensions/search-result/dist/extension.js
[2021-01-22 11:33:35.708] [exthost] [info] ExtensionService#_doActivateExtension vscode.npm {"startup":true,"extensionId":{"value":"vscode.npm","_lower":"vscode.npm"},"activationEvent":"workspaceContains:package.json"}
[2021-01-22 11:33:35.709] [exthost] [info] ExtensionService#loadCommonJSModule file:///snap/code/52/usr/share/code/resources/app/extensions/npm/dist/npmMain
[2021-01-22 11:33:39.310] [exthost] [info] ExtensionService#_doActivateExtension vscode.github {"startup":true,"extensionId":{"value":"vscode.github","_lower":"vscode.github"},"activationEvent":"*"}
[2021-01-22 11:33:39.317] [exthost] [info] ExtensionService#loadCommonJSModule file:///snap/code/52/usr/share/code/resources/app/extensions/github/dist/extension.js
[2021-01-22 11:33:40.034] [exthost] [info] eager extensions activated
[2021-01-22 11:33:40.158] [exthost] [info] ExtensionService#_doActivateExtension ms-vscode.js-debug {"startup":false,"extensionId":{"value":"ms-vscode.js-debug","_lower":"ms-vscode.js-debug"},"activationEvent":"onCommand:extension.js-debug.clearAutoAttachVariables"}
[2021-01-22 11:33:40.159] [exthost] [info] ExtensionService#loadCommonJSModule file:///snap/code/52/usr/share/code/resources/app/extensions/ms-vscode.js-debug/src/extension.js
[2021-01-22 11:33:41.956] [exthost] [info] ExtensionService#_doActivateExtension GitHub.vscode-pull-request-github {"startup":false,"extensionId":{"value":"GitHub.vscode-pull-request-github","_lower":"github.vscode-pull-request-github"},"activationEvent":"onStartupFinished"}
[2021-01-22 11:33:41.958] [exthost] [info] ExtensionService#loadCommonJSModule file:///root/.vscode/extensions/github.vscode-pull-request-github-0.22.0/media/extension
[2021-01-22 11:33:42.378] [exthost] [info] ExtensionService#_doActivateExtension ms-vscode-remote.remote-containers {"startup":false,"extensionId":{"value":"ms-vscode-remote.remote-containers","_lower":"ms-vscode-remote.remote-containers"},"activationEvent":"onStartupFinished"}
[2021-01-22 11:33:42.390] [exthost] [info] ExtensionService#loadCommonJSModule file:///root/.vscode/extensions/ms-vscode-remote.remote-containers-0.154.2/dist/extension
[2021-01-22 11:33:44.588] [exthost] [info] ExtensionService#_doActivateExtension vscode.github-authentication {"startup":false,"extensionId":{"value":"vscode.github-authentication","_lower":"vscode.github-authentication"},"activationEvent":"onAuthenticationRequest:github"}
[2021-01-22 11:33:44.598] [exthost] [info] ExtensionService#loadCommonJSModule file:///snap/code/52/usr/share/code/resources/app/extensions/github-authentication/dist/extension.js
[2021-01-22 11:39:54.986] [exthost] [info] ExtensionService#_doActivateExtension vscode.configuration-editing {"startup":false,"extensionId":{"value":"vscode.configuration-editing","_lower":"vscode.configuration-editing"},"activationEvent":"onLanguage:jsonc"}
[2021-01-22 11:39:54.987] [exthost] [info] ExtensionService#loadCommonJSModule file:///snap/code/52/usr/share/code/resources/app/extensions/configuration-editing/dist/configurationEditingMain
[2021-01-22 11:39:55.027] [exthost] [info] ExtensionService#_doActivateExtension vscode.json-language-features {"startup":false,"extensionId":{"value":"vscode.json-language-features","_lower":"vscode.json-language-features"},"activationEvent":"onLanguage:jsonc"}
[2021-01-22 11:39:55.027] [exthost] [info] ExtensionService#loadCommonJSModule file:///snap/code/52/usr/share/code/resources/app/extensions/json-language-features/client/dist/node/jsonClientMain
[2021-01-22 11:39:55.325] [exthost] [info] ExtensionService#_doActivateExtension vscode.typescript-language-features {"startup":false,"extensionId":{"value":"vscode.typescript-language-features","_lower":"vscode.typescript-language-features"},"activationEvent":"onLanguage:jsonc"}
[2021-01-22 11:39:55.326] [exthost] [info] ExtensionService#loadCommonJSModule file:///snap/code/52/usr/share/code/resources/app/extensions/typescript-language-features/dist/extension
