[2021-01-16 19:40:40.140] [renderer1] [error] [File Watcher (node.js)] Error: ENOENT: no such file or directory, stat '/home/dias/projetos/ESTUDAPORRA/.vscode'
[2021-01-16 19:41:11.540] [renderer1] [warning] UNRESPONSIVE extension host, 'vscode.git' took 92% of 5429.181ms, saved PROFILE here: '/tmp/exthost-13b740.cpuprofile' [{"id":"gc","total":18209,"percentage":0},{"id":"program","total":215558,"percentage":4},{"id":"self","total":178973,"percentage":3},{"id":"vscode.git","total":5009998,"percentage":92},{"id":"vscode.merge-conflict","total":1100,"percentage":0},{"id":"vscode.php-language-features","total":4089,"percentage":0}]
[2021-01-16 23:41:20.220] [renderer1] [error] getaddrinfo EAI_AGAIN default.exp-tas.com: Error: getaddrinfo EAI_AGAIN default.exp-tas.com
	at GetAddrInfoReqWrap.onlookup [as oncomplete] (dns.js:60:26)
[2021-01-17 00:11:00.133] [renderer1] [error] getaddrinfo EAI_AGAIN default.exp-tas.com: Error: getaddrinfo EAI_AGAIN default.exp-tas.com
	at GetAddrInfoReqWrap.onlookup [as oncomplete] (dns.js:60:26)
[2021-01-17 00:41:00.133] [renderer1] [error] getaddrinfo EAI_AGAIN default.exp-tas.com: Error: getaddrinfo EAI_AGAIN default.exp-tas.com
	at GetAddrInfoReqWrap.onlookup [as oncomplete] (dns.js:60:26)
[2021-01-17 01:11:00.136] [renderer1] [error] getaddrinfo EAI_AGAIN default.exp-tas.com: Error: getaddrinfo EAI_AGAIN default.exp-tas.com
	at GetAddrInfoReqWrap.onlookup [as oncomplete] (dns.js:60:26)
[2021-01-17 01:41:00.136] [renderer1] [error] getaddrinfo EAI_AGAIN default.exp-tas.com: Error: getaddrinfo EAI_AGAIN default.exp-tas.com
	at GetAddrInfoReqWrap.onlookup [as oncomplete] (dns.js:60:26)
[2021-01-17 02:11:00.143] [renderer1] [error] getaddrinfo EAI_AGAIN default.exp-tas.com: Error: getaddrinfo EAI_AGAIN default.exp-tas.com
	at GetAddrInfoReqWrap.onlookup [as oncomplete] (dns.js:60:26)
[2021-01-17 02:41:00.145] [renderer1] [error] getaddrinfo EAI_AGAIN default.exp-tas.com: Error: getaddrinfo EAI_AGAIN default.exp-tas.com
	at GetAddrInfoReqWrap.onlookup [as oncomplete] (dns.js:60:26)
[2021-01-17 03:11:00.612] [renderer1] [error] getaddrinfo EAI_AGAIN default.exp-tas.com: Error: getaddrinfo EAI_AGAIN default.exp-tas.com
	at GetAddrInfoReqWrap.onlookup [as oncomplete] (dns.js:60:26)
[2021-01-17 03:41:00.621] [renderer1] [error] getaddrinfo EAI_AGAIN default.exp-tas.com: Error: getaddrinfo EAI_AGAIN default.exp-tas.com
	at GetAddrInfoReqWrap.onlookup [as oncomplete] (dns.js:60:26)
[2021-01-17 04:11:00.613] [renderer1] [error] getaddrinfo EAI_AGAIN default.exp-tas.com: Error: getaddrinfo EAI_AGAIN default.exp-tas.com
	at GetAddrInfoReqWrap.onlookup [as oncomplete] (dns.js:60:26)
[2021-01-17 16:47:50.767] [renderer1] [error] getaddrinfo EAI_AGAIN default.exp-tas.com: Error: getaddrinfo EAI_AGAIN default.exp-tas.com
	at GetAddrInfoReqWrap.onlookup [as oncomplete] (dns.js:60:26)
[2021-01-17 17:17:50.773] [renderer1] [error] getaddrinfo EAI_AGAIN default.exp-tas.com: Error: getaddrinfo EAI_AGAIN default.exp-tas.com
	at GetAddrInfoReqWrap.onlookup [as oncomplete] (dns.js:60:26)
[2021-01-17 17:47:50.762] [renderer1] [error] getaddrinfo EAI_AGAIN default.exp-tas.com: Error: getaddrinfo EAI_AGAIN default.exp-tas.com
	at GetAddrInfoReqWrap.onlookup [as oncomplete] (dns.js:60:26)
[2021-01-17 18:17:51.426] [renderer1] [error] getaddrinfo EAI_AGAIN default.exp-tas.com: Error: getaddrinfo EAI_AGAIN default.exp-tas.com
	at GetAddrInfoReqWrap.onlookup [as oncomplete] (dns.js:60:26)
[2021-01-17 18:47:52.091] [renderer1] [error] getaddrinfo EAI_AGAIN default.exp-tas.com: Error: getaddrinfo EAI_AGAIN default.exp-tas.com
	at GetAddrInfoReqWrap.onlookup [as oncomplete] (dns.js:60:26)
[2021-01-17 19:17:52.093] [renderer1] [error] getaddrinfo EAI_AGAIN default.exp-tas.com: Error: getaddrinfo EAI_AGAIN default.exp-tas.com
	at GetAddrInfoReqWrap.onlookup [as oncomplete] (dns.js:60:26)
[2021-01-17 19:47:52.094] [renderer1] [error] getaddrinfo EAI_AGAIN default.exp-tas.com: Error: getaddrinfo EAI_AGAIN default.exp-tas.com
	at GetAddrInfoReqWrap.onlookup [as oncomplete] (dns.js:60:26)
[2021-01-17 20:17:52.524] [renderer1] [error] getaddrinfo EAI_AGAIN default.exp-tas.com: Error: getaddrinfo EAI_AGAIN default.exp-tas.com
	at GetAddrInfoReqWrap.onlookup [as oncomplete] (dns.js:60:26)
[2021-01-17 20:47:52.516] [renderer1] [error] getaddrinfo EAI_AGAIN default.exp-tas.com: Error: getaddrinfo EAI_AGAIN default.exp-tas.com
	at GetAddrInfoReqWrap.onlookup [as oncomplete] (dns.js:60:26)
[2021-01-17 21:17:52.518] [renderer1] [error] getaddrinfo EAI_AGAIN default.exp-tas.com: Error: getaddrinfo EAI_AGAIN default.exp-tas.com
	at GetAddrInfoReqWrap.onlookup [as oncomplete] (dns.js:60:26)
[2021-01-17 21:47:52.520] [renderer1] [error] getaddrinfo EAI_AGAIN default.exp-tas.com: Error: getaddrinfo EAI_AGAIN default.exp-tas.com
	at GetAddrInfoReqWrap.onlookup [as oncomplete] (dns.js:60:26)
[2021-01-17 22:17:52.520] [renderer1] [error] getaddrinfo EAI_AGAIN default.exp-tas.com: Error: getaddrinfo EAI_AGAIN default.exp-tas.com
	at GetAddrInfoReqWrap.onlookup [as oncomplete] (dns.js:60:26)
[2021-01-17 22:47:52.522] [renderer1] [error] getaddrinfo EAI_AGAIN default.exp-tas.com: Error: getaddrinfo EAI_AGAIN default.exp-tas.com
	at GetAddrInfoReqWrap.onlookup [as oncomplete] (dns.js:60:26)
[2021-01-17 23:17:53.525] [renderer1] [error] getaddrinfo EAI_AGAIN default.exp-tas.com: Error: getaddrinfo EAI_AGAIN default.exp-tas.com
	at GetAddrInfoReqWrap.onlookup [as oncomplete] (dns.js:60:26)
[2021-01-17 23:47:54.100] [renderer1] [error] getaddrinfo EAI_AGAIN default.exp-tas.com: Error: getaddrinfo EAI_AGAIN default.exp-tas.com
	at GetAddrInfoReqWrap.onlookup [as oncomplete] (dns.js:60:26)
[2021-01-18 00:17:54.602] [renderer1] [error] getaddrinfo EAI_AGAIN default.exp-tas.com: Error: getaddrinfo EAI_AGAIN default.exp-tas.com
	at GetAddrInfoReqWrap.onlookup [as oncomplete] (dns.js:60:26)
[2021-01-18 00:47:54.613] [renderer1] [error] getaddrinfo EAI_AGAIN default.exp-tas.com: Error: getaddrinfo EAI_AGAIN default.exp-tas.com
	at GetAddrInfoReqWrap.onlookup [as oncomplete] (dns.js:60:26)
[2021-01-18 01:17:54.616] [renderer1] [error] getaddrinfo EAI_AGAIN default.exp-tas.com: Error: getaddrinfo EAI_AGAIN default.exp-tas.com
	at GetAddrInfoReqWrap.onlookup [as oncomplete] (dns.js:60:26)
[2021-01-18 01:43:12.819] [renderer1] [warning] UNRESPONSIVE extension host, 'vscode.git' took 67% of 4027.057ms, saved PROFILE here: '/tmp/exthost-93b62c.cpuprofile' [{"id":"gc","total":76512,"percentage":2},{"id":"program","total":807346,"percentage":20},{"id":"self","total":459106,"percentage":11},{"id":"vscode.git","total":2683678,"percentage":67}]
[2021-01-18 01:47:55.611] [renderer1] [error] getaddrinfo EAI_AGAIN default.exp-tas.com: Error: getaddrinfo EAI_AGAIN default.exp-tas.com
	at GetAddrInfoReqWrap.onlookup [as oncomplete] (dns.js:60:26)
[2021-01-18 01:51:36.140] [renderer1] [warning] UNRESPONSIVE extension host, 'vscode.git' took 78% of 1793.227ms, saved PROFILE here: '/tmp/exthost-6e8c43.cpuprofile' [{"id":"gc","total":55895,"percentage":3},{"id":"program","total":191219,"percentage":11},{"id":"self","total":150198,"percentage":8},{"id":"vscode.git","total":1395422,"percentage":78}]
[2021-01-18 02:17:55.610] [renderer1] [error] getaddrinfo EAI_AGAIN default.exp-tas.com: Error: getaddrinfo EAI_AGAIN default.exp-tas.com
	at GetAddrInfoReqWrap.onlookup [as oncomplete] (dns.js:60:26)
[2021-01-18 02:38:26.445] [renderer1] [warning] UNRESPONSIVE extension host, 'vscode.git' took 71% of 801.186ms, saved PROFILE here: '/tmp/exthost-bf89c0.cpuprofile' [{"id":"gc","total":7863,"percentage":1},{"id":"program","total":143973,"percentage":18},{"id":"self","total":80953,"percentage":10},{"id":"vscode.git","total":567194,"percentage":71}]
[2021-01-18 02:47:55.613] [renderer1] [error] getaddrinfo EAI_AGAIN default.exp-tas.com: Error: getaddrinfo EAI_AGAIN default.exp-tas.com
	at GetAddrInfoReqWrap.onlookup [as oncomplete] (dns.js:60:26)
[2021-01-18 16:36:28.935] [renderer1] [error] getaddrinfo EAI_AGAIN default.exp-tas.com: Error: getaddrinfo EAI_AGAIN default.exp-tas.com
	at GetAddrInfoReqWrap.onlookup [as oncomplete] (dns.js:60:26)
[2021-01-18 17:06:29.447] [renderer1] [error] getaddrinfo EAI_AGAIN default.exp-tas.com: Error: getaddrinfo EAI_AGAIN default.exp-tas.com
	at GetAddrInfoReqWrap.onlookup [as oncomplete] (dns.js:60:26)
[2021-01-18 17:36:29.454] [renderer1] [error] getaddrinfo EAI_AGAIN default.exp-tas.com: Error: getaddrinfo EAI_AGAIN default.exp-tas.com
	at GetAddrInfoReqWrap.onlookup [as oncomplete] (dns.js:60:26)
[2021-01-18 18:06:29.446] [renderer1] [error] getaddrinfo EAI_AGAIN default.exp-tas.com: Error: getaddrinfo EAI_AGAIN default.exp-tas.com
	at GetAddrInfoReqWrap.onlookup [as oncomplete] (dns.js:60:26)
[2021-01-18 18:36:29.447] [renderer1] [error] getaddrinfo EAI_AGAIN default.exp-tas.com: Error: getaddrinfo EAI_AGAIN default.exp-tas.com
	at GetAddrInfoReqWrap.onlookup [as oncomplete] (dns.js:60:26)
[2021-01-18 19:06:29.445] [renderer1] [error] getaddrinfo EAI_AGAIN default.exp-tas.com: Error: getaddrinfo EAI_AGAIN default.exp-tas.com
	at GetAddrInfoReqWrap.onlookup [as oncomplete] (dns.js:60:26)
[2021-01-18 19:36:29.909] [renderer1] [error] getaddrinfo EAI_AGAIN default.exp-tas.com: Error: getaddrinfo EAI_AGAIN default.exp-tas.com
	at GetAddrInfoReqWrap.onlookup [as oncomplete] (dns.js:60:26)
[2021-01-18 19:43:39.299] [renderer1] [warning] UNRESPONSIVE extension host, 'vscode.git' took 62% of 1063.091ms, saved PROFILE here: '/tmp/exthost-c49d91.cpuprofile' [{"id":"gc","total":193338,"percentage":18},{"id":"program","total":143707,"percentage":14},{"id":"self","total":70670,"percentage":7},{"id":"vscode.git","total":654275,"percentage":62}]
[2021-01-18 20:06:29.954] [renderer1] [error] getaddrinfo EAI_AGAIN default.exp-tas.com: Error: getaddrinfo EAI_AGAIN default.exp-tas.com
	at GetAddrInfoReqWrap.onlookup [as oncomplete] (dns.js:60:26)
[2021-01-18 20:36:29.911] [renderer1] [error] getaddrinfo EAI_AGAIN default.exp-tas.com: Error: getaddrinfo EAI_AGAIN default.exp-tas.com
	at GetAddrInfoReqWrap.onlookup [as oncomplete] (dns.js:60:26)
[2021-01-18 21:06:29.911] [renderer1] [error] getaddrinfo EAI_AGAIN default.exp-tas.com: Error: getaddrinfo EAI_AGAIN default.exp-tas.com
	at GetAddrInfoReqWrap.onlookup [as oncomplete] (dns.js:60:26)
[2021-01-18 21:36:29.915] [renderer1] [error] getaddrinfo EAI_AGAIN default.exp-tas.com: Error: getaddrinfo EAI_AGAIN default.exp-tas.com
	at GetAddrInfoReqWrap.onlookup [as oncomplete] (dns.js:60:26)
[2021-01-18 22:06:30.319] [renderer1] [error] getaddrinfo EAI_AGAIN default.exp-tas.com: Error: getaddrinfo EAI_AGAIN default.exp-tas.com
	at GetAddrInfoReqWrap.onlookup [as oncomplete] (dns.js:60:26)
[2021-01-18 22:36:30.315] [renderer1] [error] getaddrinfo EAI_AGAIN default.exp-tas.com: Error: getaddrinfo EAI_AGAIN default.exp-tas.com
	at GetAddrInfoReqWrap.onlookup [as oncomplete] (dns.js:60:26)
[2021-01-18 23:06:30.317] [renderer1] [error] getaddrinfo EAI_AGAIN default.exp-tas.com: Error: getaddrinfo EAI_AGAIN default.exp-tas.com
	at GetAddrInfoReqWrap.onlookup [as oncomplete] (dns.js:60:26)
[2021-01-18 23:36:30.809] [renderer1] [error] getaddrinfo EAI_AGAIN default.exp-tas.com: Error: getaddrinfo EAI_AGAIN default.exp-tas.com
	at GetAddrInfoReqWrap.onlookup [as oncomplete] (dns.js:60:26)
[2021-01-18 23:43:10.133] [renderer1] [error] Model is disposed!: Error: Model is disposed!
    at P._assertNotDisposed (file:///snap/code/52/usr/share/code/resources/app/out/vs/workbench/workbench.desktop.main.js:1505:178)
    at P.getLineCount (file:///snap/code/52/usr/share/code/resources/app/out/vs/workbench/workbench.desktop.main.js:1511:612)
    at g.put (file:///snap/code/52/usr/share/code/resources/app/out/vs/workbench/workbench.desktop.main.js:2017:932)
    at file:///snap/code/52/usr/share/code/resources/app/out/vs/workbench/workbench.desktop.main.js:2478:812
[2021-01-18 23:53:15.535] [renderer1] [warning] UNRESPONSIVE extension host, 'vscode.git' took 63% of 776.155ms, saved PROFILE here: '/tmp/exthost-60fe1f.cpuprofile' [{"id":"gc","total":13565,"percentage":2},{"id":"program","total":202066,"percentage":26},{"id":"self","total":70358,"percentage":9},{"id":"vscode.git","total":489751,"percentage":63}]
[2021-01-19 00:06:30.825] [renderer1] [error] getaddrinfo EAI_AGAIN default.exp-tas.com: Error: getaddrinfo EAI_AGAIN default.exp-tas.com
	at GetAddrInfoReqWrap.onlookup [as oncomplete] (dns.js:60:26)
