[2021-01-24 17:53:47.668] [renderer1] [error] [storage state.vscdb] exec(): Error: SQLITE_READONLY: attempt to write a readonly database
[2021-01-24 17:53:47.669] [renderer1] [error] [storage state.vscdb] open(): Unable to open DB due to Error: SQLITE_READONLY: attempt to write a readonly database
[2021-01-24 17:53:47.669] [renderer1] [error] [storage state.vscdb] open(): Unable to use backup due to Error: EACCES: permission denied, unlink '/home/dias/projetos/ESTUDAPORRA/~/.vscode-root/User/workspaceStorage/17e6d6afa417f976cf5f85256d0ffa99/state.vscdb'
[2021-01-24 17:53:47.669] [renderer1] [error] [File Watcher (node.js)] Error: ENOENT: no such file or directory, stat '/home/dias/projetos/ESTUDAPORRA/.vscode'
[2021-01-24 18:13:25.609] [renderer1] [error] Error: Unable to write file 'vscode-userdata:/home/dias/projetos/ESTUDAPORRA/~/.vscode-root/Backups/2b637956a5fd70ab339478e19b6fbb94/file/f2b4e4c142ad61a9e5b52d23525dc661' (NoPermissions (FileSystemError): Error: EACCES: permission denied, open '/home/dias/projetos/ESTUDAPORRA/~/.vscode-root/Backups/2b637956a5fd70ab339478e19b6fbb94/file/f2b4e4c142ad61a9e5b52d23525dc661')
    at _.writeFile (file:///snap/code/52/usr/share/code/resources/app/out/vs/workbench/workbench.desktop.main.js:1803:7)
    at async Object.factory (file:///snap/code/52/usr/share/code/resources/app/out/vs/workbench/workbench.desktop.main.js:5847:495)
[2021-01-24 18:13:26.722] [renderer1] [error] Error: Unable to write file 'vscode-userdata:/home/dias/projetos/ESTUDAPORRA/~/.vscode-root/Backups/2b637956a5fd70ab339478e19b6fbb94/file/f2b4e4c142ad61a9e5b52d23525dc661' (NoPermissions (FileSystemError): Error: EACCES: permission denied, open '/home/dias/projetos/ESTUDAPORRA/~/.vscode-root/Backups/2b637956a5fd70ab339478e19b6fbb94/file/f2b4e4c142ad61a9e5b52d23525dc661')
    at _.writeFile (file:///snap/code/52/usr/share/code/resources/app/out/vs/workbench/workbench.desktop.main.js:1803:7)
    at async Object.factory (file:///snap/code/52/usr/share/code/resources/app/out/vs/workbench/workbench.desktop.main.js:5847:495)
[2021-01-24 18:13:29.159] [renderer1] [error] Error: Unable to write file 'vscode-userdata:/home/dias/projetos/ESTUDAPORRA/~/.vscode-root/Backups/2b637956a5fd70ab339478e19b6fbb94/file/f2b4e4c142ad61a9e5b52d23525dc661' (NoPermissions (FileSystemError): Error: EACCES: permission denied, open '/home/dias/projetos/ESTUDAPORRA/~/.vscode-root/Backups/2b637956a5fd70ab339478e19b6fbb94/file/f2b4e4c142ad61a9e5b52d23525dc661')
    at _.writeFile (file:///snap/code/52/usr/share/code/resources/app/out/vs/workbench/workbench.desktop.main.js:1803:7)
    at async Object.factory (file:///snap/code/52/usr/share/code/resources/app/out/vs/workbench/workbench.desktop.main.js:5847:495)
[2021-01-24 18:13:45.192] [renderer1] [error] Error: Unable to write file 'vscode-userdata:/home/dias/projetos/ESTUDAPORRA/~/.vscode-root/Backups/2b637956a5fd70ab339478e19b6fbb94/file/f2b4e4c142ad61a9e5b52d23525dc661' (NoPermissions (FileSystemError): Error: EACCES: permission denied, open '/home/dias/projetos/ESTUDAPORRA/~/.vscode-root/Backups/2b637956a5fd70ab339478e19b6fbb94/file/f2b4e4c142ad61a9e5b52d23525dc661')
    at _.writeFile (file:///snap/code/52/usr/share/code/resources/app/out/vs/workbench/workbench.desktop.main.js:1803:7)
    at async Object.factory (file:///snap/code/52/usr/share/code/resources/app/out/vs/workbench/workbench.desktop.main.js:5847:495)
[2021-01-24 18:13:49.518] [renderer1] [error] Error: Unable to write file 'vscode-userdata:/home/dias/projetos/ESTUDAPORRA/~/.vscode-root/Backups/2b637956a5fd70ab339478e19b6fbb94/file/f2b4e4c142ad61a9e5b52d23525dc661' (NoPermissions (FileSystemError): Error: EACCES: permission denied, open '/home/dias/projetos/ESTUDAPORRA/~/.vscode-root/Backups/2b637956a5fd70ab339478e19b6fbb94/file/f2b4e4c142ad61a9e5b52d23525dc661')
    at _.writeFile (file:///snap/code/52/usr/share/code/resources/app/out/vs/workbench/workbench.desktop.main.js:1803:7)
    at async Object.factory (file:///snap/code/52/usr/share/code/resources/app/out/vs/workbench/workbench.desktop.main.js:5847:495)
[2021-01-24 18:13:53.724] [renderer1] [error] Error: Unable to write file 'vscode-userdata:/home/dias/projetos/ESTUDAPORRA/~/.vscode-root/Backups/2b637956a5fd70ab339478e19b6fbb94/file/f2b4e4c142ad61a9e5b52d23525dc661' (NoPermissions (FileSystemError): Error: EACCES: permission denied, open '/home/dias/projetos/ESTUDAPORRA/~/.vscode-root/Backups/2b637956a5fd70ab339478e19b6fbb94/file/f2b4e4c142ad61a9e5b52d23525dc661')
    at _.writeFile (file:///snap/code/52/usr/share/code/resources/app/out/vs/workbench/workbench.desktop.main.js:1803:7)
    at async Object.factory (file:///snap/code/52/usr/share/code/resources/app/out/vs/workbench/workbench.desktop.main.js:5847:495)
[2021-01-24 18:31:37.135] [renderer1] [error] Error: Unable to write file 'vscode-userdata:/home/dias/projetos/ESTUDAPORRA/~/.vscode-root/Backups/2b637956a5fd70ab339478e19b6fbb94/file/5555fe470c70a69cc065c4cad9a25362' (NoPermissions (FileSystemError): Error: EACCES: permission denied, open '/home/dias/projetos/ESTUDAPORRA/~/.vscode-root/Backups/2b637956a5fd70ab339478e19b6fbb94/file/5555fe470c70a69cc065c4cad9a25362')
    at _.writeFile (file:///snap/code/52/usr/share/code/resources/app/out/vs/workbench/workbench.desktop.main.js:1803:7)
    at async Object.factory (file:///snap/code/52/usr/share/code/resources/app/out/vs/workbench/workbench.desktop.main.js:5847:495)
[2021-01-24 18:31:39.136] [renderer1] [error] Error: Unable to write file 'vscode-userdata:/home/dias/projetos/ESTUDAPORRA/~/.vscode-root/Backups/2b637956a5fd70ab339478e19b6fbb94/file/5555fe470c70a69cc065c4cad9a25362' (NoPermissions (FileSystemError): Error: EACCES: permission denied, open '/home/dias/projetos/ESTUDAPORRA/~/.vscode-root/Backups/2b637956a5fd70ab339478e19b6fbb94/file/5555fe470c70a69cc065c4cad9a25362')
    at _.writeFile (file:///snap/code/52/usr/share/code/resources/app/out/vs/workbench/workbench.desktop.main.js:1803:7)
    at async Object.factory (file:///snap/code/52/usr/share/code/resources/app/out/vs/workbench/workbench.desktop.main.js:5847:495)
[2021-01-24 18:31:42.420] [renderer1] [error] Error: Unable to write file 'vscode-userdata:/home/dias/projetos/ESTUDAPORRA/~/.vscode-root/Backups/2b637956a5fd70ab339478e19b6fbb94/file/5555fe470c70a69cc065c4cad9a25362' (NoPermissions (FileSystemError): Error: EACCES: permission denied, open '/home/dias/projetos/ESTUDAPORRA/~/.vscode-root/Backups/2b637956a5fd70ab339478e19b6fbb94/file/5555fe470c70a69cc065c4cad9a25362')
    at _.writeFile (file:///snap/code/52/usr/share/code/resources/app/out/vs/workbench/workbench.desktop.main.js:1803:7)
    at async Object.factory (file:///snap/code/52/usr/share/code/resources/app/out/vs/workbench/workbench.desktop.main.js:5847:495)
[2021-01-24 18:31:45.592] [renderer1] [error] Error: Unable to write file 'vscode-userdata:/home/dias/projetos/ESTUDAPORRA/~/.vscode-root/Backups/2b637956a5fd70ab339478e19b6fbb94/file/5555fe470c70a69cc065c4cad9a25362' (NoPermissions (FileSystemError): Error: EACCES: permission denied, open '/home/dias/projetos/ESTUDAPORRA/~/.vscode-root/Backups/2b637956a5fd70ab339478e19b6fbb94/file/5555fe470c70a69cc065c4cad9a25362')
    at _.writeFile (file:///snap/code/52/usr/share/code/resources/app/out/vs/workbench/workbench.desktop.main.js:1803:7)
    at async Object.factory (file:///snap/code/52/usr/share/code/resources/app/out/vs/workbench/workbench.desktop.main.js:5847:495)
[2021-01-24 18:31:49.580] [renderer1] [error] Error: Unable to write file 'vscode-userdata:/home/dias/projetos/ESTUDAPORRA/~/.vscode-root/Backups/2b637956a5fd70ab339478e19b6fbb94/file/5555fe470c70a69cc065c4cad9a25362' (NoPermissions (FileSystemError): Error: EACCES: permission denied, open '/home/dias/projetos/ESTUDAPORRA/~/.vscode-root/Backups/2b637956a5fd70ab339478e19b6fbb94/file/5555fe470c70a69cc065c4cad9a25362')
    at _.writeFile (file:///snap/code/52/usr/share/code/resources/app/out/vs/workbench/workbench.desktop.main.js:1803:7)
    at async Object.factory (file:///snap/code/52/usr/share/code/resources/app/out/vs/workbench/workbench.desktop.main.js:5847:495)
[2021-01-24 18:31:52.378] [renderer1] [error] Error: Unable to write file 'vscode-userdata:/home/dias/projetos/ESTUDAPORRA/~/.vscode-root/Backups/2b637956a5fd70ab339478e19b6fbb94/file/5555fe470c70a69cc065c4cad9a25362' (NoPermissions (FileSystemError): Error: EACCES: permission denied, open '/home/dias/projetos/ESTUDAPORRA/~/.vscode-root/Backups/2b637956a5fd70ab339478e19b6fbb94/file/5555fe470c70a69cc065c4cad9a25362')
    at _.writeFile (file:///snap/code/52/usr/share/code/resources/app/out/vs/workbench/workbench.desktop.main.js:1803:7)
    at async Object.factory (file:///snap/code/52/usr/share/code/resources/app/out/vs/workbench/workbench.desktop.main.js:5847:495)
[2021-01-24 18:31:56.477] [renderer1] [error] Error: Unable to write file 'vscode-userdata:/home/dias/projetos/ESTUDAPORRA/~/.vscode-root/Backups/2b637956a5fd70ab339478e19b6fbb94/file/5555fe470c70a69cc065c4cad9a25362' (NoPermissions (FileSystemError): Error: EACCES: permission denied, open '/home/dias/projetos/ESTUDAPORRA/~/.vscode-root/Backups/2b637956a5fd70ab339478e19b6fbb94/file/5555fe470c70a69cc065c4cad9a25362')
    at _.writeFile (file:///snap/code/52/usr/share/code/resources/app/out/vs/workbench/workbench.desktop.main.js:1803:7)
    at async Object.factory (file:///snap/code/52/usr/share/code/resources/app/out/vs/workbench/workbench.desktop.main.js:5847:495)
[2021-01-24 18:31:57.610] [renderer1] [error] Error: Unable to write file 'vscode-userdata:/home/dias/projetos/ESTUDAPORRA/~/.vscode-root/Backups/2b637956a5fd70ab339478e19b6fbb94/file/5555fe470c70a69cc065c4cad9a25362' (NoPermissions (FileSystemError): Error: EACCES: permission denied, open '/home/dias/projetos/ESTUDAPORRA/~/.vscode-root/Backups/2b637956a5fd70ab339478e19b6fbb94/file/5555fe470c70a69cc065c4cad9a25362')
    at _.writeFile (file:///snap/code/52/usr/share/code/resources/app/out/vs/workbench/workbench.desktop.main.js:1803:7)
    at async Object.factory (file:///snap/code/52/usr/share/code/resources/app/out/vs/workbench/workbench.desktop.main.js:5847:495)
[2021-01-24 18:31:59.068] [renderer1] [error] Error: Unable to write file 'vscode-userdata:/home/dias/projetos/ESTUDAPORRA/~/.vscode-root/Backups/2b637956a5fd70ab339478e19b6fbb94/file/5555fe470c70a69cc065c4cad9a25362' (NoPermissions (FileSystemError): Error: EACCES: permission denied, open '/home/dias/projetos/ESTUDAPORRA/~/.vscode-root/Backups/2b637956a5fd70ab339478e19b6fbb94/file/5555fe470c70a69cc065c4cad9a25362')
    at _.writeFile (file:///snap/code/52/usr/share/code/resources/app/out/vs/workbench/workbench.desktop.main.js:1803:7)
    at async Object.factory (file:///snap/code/52/usr/share/code/resources/app/out/vs/workbench/workbench.desktop.main.js:5847:495)
[2021-01-24 18:32:02.740] [renderer1] [error] Error: Unable to write file 'vscode-userdata:/home/dias/projetos/ESTUDAPORRA/~/.vscode-root/Backups/2b637956a5fd70ab339478e19b6fbb94/file/5555fe470c70a69cc065c4cad9a25362' (NoPermissions (FileSystemError): Error: EACCES: permission denied, open '/home/dias/projetos/ESTUDAPORRA/~/.vscode-root/Backups/2b637956a5fd70ab339478e19b6fbb94/file/5555fe470c70a69cc065c4cad9a25362')
    at _.writeFile (file:///snap/code/52/usr/share/code/resources/app/out/vs/workbench/workbench.desktop.main.js:1803:7)
    at async Object.factory (file:///snap/code/52/usr/share/code/resources/app/out/vs/workbench/workbench.desktop.main.js:5847:495)
[2021-01-24 18:32:30.044] [renderer1] [error] Error: Unable to write file 'vscode-userdata:/home/dias/projetos/ESTUDAPORRA/~/.vscode-root/Backups/2b637956a5fd70ab339478e19b6fbb94/file/5555fe470c70a69cc065c4cad9a25362' (NoPermissions (FileSystemError): Error: EACCES: permission denied, open '/home/dias/projetos/ESTUDAPORRA/~/.vscode-root/Backups/2b637956a5fd70ab339478e19b6fbb94/file/5555fe470c70a69cc065c4cad9a25362')
    at _.writeFile (file:///snap/code/52/usr/share/code/resources/app/out/vs/workbench/workbench.desktop.main.js:1803:7)
    at async Object.factory (file:///snap/code/52/usr/share/code/resources/app/out/vs/workbench/workbench.desktop.main.js:5847:495)
[2021-01-24 18:32:46.251] [renderer1] [error] Error: Unable to write file 'vscode-userdata:/home/dias/projetos/ESTUDAPORRA/~/.vscode-root/Backups/2b637956a5fd70ab339478e19b6fbb94/file/5555fe470c70a69cc065c4cad9a25362' (NoPermissions (FileSystemError): Error: EACCES: permission denied, open '/home/dias/projetos/ESTUDAPORRA/~/.vscode-root/Backups/2b637956a5fd70ab339478e19b6fbb94/file/5555fe470c70a69cc065c4cad9a25362')
    at _.writeFile (file:///snap/code/52/usr/share/code/resources/app/out/vs/workbench/workbench.desktop.main.js:1803:7)
    at async Object.factory (file:///snap/code/52/usr/share/code/resources/app/out/vs/workbench/workbench.desktop.main.js:5847:495)
[2021-01-24 18:32:47.959] [renderer1] [error] Error: Unable to write file 'vscode-userdata:/home/dias/projetos/ESTUDAPORRA/~/.vscode-root/Backups/2b637956a5fd70ab339478e19b6fbb94/file/5555fe470c70a69cc065c4cad9a25362' (NoPermissions (FileSystemError): Error: EACCES: permission denied, open '/home/dias/projetos/ESTUDAPORRA/~/.vscode-root/Backups/2b637956a5fd70ab339478e19b6fbb94/file/5555fe470c70a69cc065c4cad9a25362')
    at _.writeFile (file:///snap/code/52/usr/share/code/resources/app/out/vs/workbench/workbench.desktop.main.js:1803:7)
    at async Object.factory (file:///snap/code/52/usr/share/code/resources/app/out/vs/workbench/workbench.desktop.main.js:5847:495)
[2021-01-24 18:32:50.206] [renderer1] [error] Error: Unable to write file 'vscode-userdata:/home/dias/projetos/ESTUDAPORRA/~/.vscode-root/Backups/2b637956a5fd70ab339478e19b6fbb94/file/5555fe470c70a69cc065c4cad9a25362' (NoPermissions (FileSystemError): Error: EACCES: permission denied, open '/home/dias/projetos/ESTUDAPORRA/~/.vscode-root/Backups/2b637956a5fd70ab339478e19b6fbb94/file/5555fe470c70a69cc065c4cad9a25362')
    at _.writeFile (file:///snap/code/52/usr/share/code/resources/app/out/vs/workbench/workbench.desktop.main.js:1803:7)
    at async Object.factory (file:///snap/code/52/usr/share/code/resources/app/out/vs/workbench/workbench.desktop.main.js:5847:495)
[2021-01-24 18:32:51.776] [renderer1] [error] Error: Unable to write file 'vscode-userdata:/home/dias/projetos/ESTUDAPORRA/~/.vscode-root/Backups/2b637956a5fd70ab339478e19b6fbb94/file/5555fe470c70a69cc065c4cad9a25362' (NoPermissions (FileSystemError): Error: EACCES: permission denied, open '/home/dias/projetos/ESTUDAPORRA/~/.vscode-root/Backups/2b637956a5fd70ab339478e19b6fbb94/file/5555fe470c70a69cc065c4cad9a25362')
    at _.writeFile (file:///snap/code/52/usr/share/code/resources/app/out/vs/workbench/workbench.desktop.main.js:1803:7)
    at async Object.factory (file:///snap/code/52/usr/share/code/resources/app/out/vs/workbench/workbench.desktop.main.js:5847:495)
[2021-01-24 18:32:54.044] [renderer1] [error] Error: Unable to write file 'vscode-userdata:/home/dias/projetos/ESTUDAPORRA/~/.vscode-root/Backups/2b637956a5fd70ab339478e19b6fbb94/file/5555fe470c70a69cc065c4cad9a25362' (NoPermissions (FileSystemError): Error: EACCES: permission denied, open '/home/dias/projetos/ESTUDAPORRA/~/.vscode-root/Backups/2b637956a5fd70ab339478e19b6fbb94/file/5555fe470c70a69cc065c4cad9a25362')
    at _.writeFile (file:///snap/code/52/usr/share/code/resources/app/out/vs/workbench/workbench.desktop.main.js:1803:7)
    at async Object.factory (file:///snap/code/52/usr/share/code/resources/app/out/vs/workbench/workbench.desktop.main.js:5847:495)
[2021-01-24 18:32:56.264] [renderer1] [error] Error: Unable to write file 'vscode-userdata:/home/dias/projetos/ESTUDAPORRA/~/.vscode-root/Backups/2b637956a5fd70ab339478e19b6fbb94/file/5555fe470c70a69cc065c4cad9a25362' (NoPermissions (FileSystemError): Error: EACCES: permission denied, open '/home/dias/projetos/ESTUDAPORRA/~/.vscode-root/Backups/2b637956a5fd70ab339478e19b6fbb94/file/5555fe470c70a69cc065c4cad9a25362')
    at _.writeFile (file:///snap/code/52/usr/share/code/resources/app/out/vs/workbench/workbench.desktop.main.js:1803:7)
    at async Object.factory (file:///snap/code/52/usr/share/code/resources/app/out/vs/workbench/workbench.desktop.main.js:5847:495)
[2021-01-24 18:32:57.498] [renderer1] [error] Error: Unable to write file 'vscode-userdata:/home/dias/projetos/ESTUDAPORRA/~/.vscode-root/Backups/2b637956a5fd70ab339478e19b6fbb94/file/5555fe470c70a69cc065c4cad9a25362' (NoPermissions (FileSystemError): Error: EACCES: permission denied, open '/home/dias/projetos/ESTUDAPORRA/~/.vscode-root/Backups/2b637956a5fd70ab339478e19b6fbb94/file/5555fe470c70a69cc065c4cad9a25362')
    at _.writeFile (file:///snap/code/52/usr/share/code/resources/app/out/vs/workbench/workbench.desktop.main.js:1803:7)
    at async Object.factory (file:///snap/code/52/usr/share/code/resources/app/out/vs/workbench/workbench.desktop.main.js:5847:495)
[2021-01-24 18:33:05.149] [renderer1] [error] Error: Unable to write file 'vscode-userdata:/home/dias/projetos/ESTUDAPORRA/~/.vscode-root/Backups/2b637956a5fd70ab339478e19b6fbb94/file/5555fe470c70a69cc065c4cad9a25362' (NoPermissions (FileSystemError): Error: EACCES: permission denied, open '/home/dias/projetos/ESTUDAPORRA/~/.vscode-root/Backups/2b637956a5fd70ab339478e19b6fbb94/file/5555fe470c70a69cc065c4cad9a25362')
    at _.writeFile (file:///snap/code/52/usr/share/code/resources/app/out/vs/workbench/workbench.desktop.main.js:1803:7)
    at async Object.factory (file:///snap/code/52/usr/share/code/resources/app/out/vs/workbench/workbench.desktop.main.js:5847:495)
[2021-01-24 18:33:06.428] [renderer1] [error] Error: Unable to write file 'vscode-userdata:/home/dias/projetos/ESTUDAPORRA/~/.vscode-root/Backups/2b637956a5fd70ab339478e19b6fbb94/file/5555fe470c70a69cc065c4cad9a25362' (NoPermissions (FileSystemError): Error: EACCES: permission denied, open '/home/dias/projetos/ESTUDAPORRA/~/.vscode-root/Backups/2b637956a5fd70ab339478e19b6fbb94/file/5555fe470c70a69cc065c4cad9a25362')
    at _.writeFile (file:///snap/code/52/usr/share/code/resources/app/out/vs/workbench/workbench.desktop.main.js:1803:7)
    at async Object.factory (file:///snap/code/52/usr/share/code/resources/app/out/vs/workbench/workbench.desktop.main.js:5847:495)
[2021-01-24 18:33:10.334] [renderer1] [error] Error: Unable to write file 'vscode-userdata:/home/dias/projetos/ESTUDAPORRA/~/.vscode-root/Backups/2b637956a5fd70ab339478e19b6fbb94/file/5555fe470c70a69cc065c4cad9a25362' (NoPermissions (FileSystemError): Error: EACCES: permission denied, open '/home/dias/projetos/ESTUDAPORRA/~/.vscode-root/Backups/2b637956a5fd70ab339478e19b6fbb94/file/5555fe470c70a69cc065c4cad9a25362')
    at _.writeFile (file:///snap/code/52/usr/share/code/resources/app/out/vs/workbench/workbench.desktop.main.js:1803:7)
    at async Object.factory (file:///snap/code/52/usr/share/code/resources/app/out/vs/workbench/workbench.desktop.main.js:5847:495)
[2021-01-24 18:33:14.540] [renderer1] [error] Error: Unable to write file 'vscode-userdata:/home/dias/projetos/ESTUDAPORRA/~/.vscode-root/Backups/2b637956a5fd70ab339478e19b6fbb94/file/5555fe470c70a69cc065c4cad9a25362' (NoPermissions (FileSystemError): Error: EACCES: permission denied, open '/home/dias/projetos/ESTUDAPORRA/~/.vscode-root/Backups/2b637956a5fd70ab339478e19b6fbb94/file/5555fe470c70a69cc065c4cad9a25362')
    at _.writeFile (file:///snap/code/52/usr/share/code/resources/app/out/vs/workbench/workbench.desktop.main.js:1803:7)
    at async Object.factory (file:///snap/code/52/usr/share/code/resources/app/out/vs/workbench/workbench.desktop.main.js:5847:495)
[2021-01-24 18:33:18.595] [renderer1] [error] Error: Unable to write file 'vscode-userdata:/home/dias/projetos/ESTUDAPORRA/~/.vscode-root/Backups/2b637956a5fd70ab339478e19b6fbb94/file/5555fe470c70a69cc065c4cad9a25362' (NoPermissions (FileSystemError): Error: EACCES: permission denied, open '/home/dias/projetos/ESTUDAPORRA/~/.vscode-root/Backups/2b637956a5fd70ab339478e19b6fbb94/file/5555fe470c70a69cc065c4cad9a25362')
    at _.writeFile (file:///snap/code/52/usr/share/code/resources/app/out/vs/workbench/workbench.desktop.main.js:1803:7)
    at async Object.factory (file:///snap/code/52/usr/share/code/resources/app/out/vs/workbench/workbench.desktop.main.js:5847:495)
[2021-01-24 18:33:21.754] [renderer1] [error] Error: Unable to write file 'vscode-userdata:/home/dias/projetos/ESTUDAPORRA/~/.vscode-root/Backups/2b637956a5fd70ab339478e19b6fbb94/file/5555fe470c70a69cc065c4cad9a25362' (NoPermissions (FileSystemError): Error: EACCES: permission denied, open '/home/dias/projetos/ESTUDAPORRA/~/.vscode-root/Backups/2b637956a5fd70ab339478e19b6fbb94/file/5555fe470c70a69cc065c4cad9a25362')
    at _.writeFile (file:///snap/code/52/usr/share/code/resources/app/out/vs/workbench/workbench.desktop.main.js:1803:7)
    at async Object.factory (file:///snap/code/52/usr/share/code/resources/app/out/vs/workbench/workbench.desktop.main.js:5847:495)
[2021-01-24 18:33:23.611] [renderer1] [error] Error: Unable to write file 'vscode-userdata:/home/dias/projetos/ESTUDAPORRA/~/.vscode-root/Backups/2b637956a5fd70ab339478e19b6fbb94/file/5555fe470c70a69cc065c4cad9a25362' (NoPermissions (FileSystemError): Error: EACCES: permission denied, open '/home/dias/projetos/ESTUDAPORRA/~/.vscode-root/Backups/2b637956a5fd70ab339478e19b6fbb94/file/5555fe470c70a69cc065c4cad9a25362')
    at _.writeFile (file:///snap/code/52/usr/share/code/resources/app/out/vs/workbench/workbench.desktop.main.js:1803:7)
    at async Object.factory (file:///snap/code/52/usr/share/code/resources/app/out/vs/workbench/workbench.desktop.main.js:5847:495)
[2021-01-24 18:33:24.662] [renderer1] [error] Error: Unable to write file 'vscode-userdata:/home/dias/projetos/ESTUDAPORRA/~/.vscode-root/Backups/2b637956a5fd70ab339478e19b6fbb94/file/5555fe470c70a69cc065c4cad9a25362' (NoPermissions (FileSystemError): Error: EACCES: permission denied, open '/home/dias/projetos/ESTUDAPORRA/~/.vscode-root/Backups/2b637956a5fd70ab339478e19b6fbb94/file/5555fe470c70a69cc065c4cad9a25362')
    at _.writeFile (file:///snap/code/52/usr/share/code/resources/app/out/vs/workbench/workbench.desktop.main.js:1803:7)
    at async Object.factory (file:///snap/code/52/usr/share/code/resources/app/out/vs/workbench/workbench.desktop.main.js:5847:495)
[2021-01-24 18:33:27.505] [renderer1] [error] Error: Unable to write file 'vscode-userdata:/home/dias/projetos/ESTUDAPORRA/~/.vscode-root/Backups/2b637956a5fd70ab339478e19b6fbb94/file/5555fe470c70a69cc065c4cad9a25362' (NoPermissions (FileSystemError): Error: EACCES: permission denied, open '/home/dias/projetos/ESTUDAPORRA/~/.vscode-root/Backups/2b637956a5fd70ab339478e19b6fbb94/file/5555fe470c70a69cc065c4cad9a25362')
    at _.writeFile (file:///snap/code/52/usr/share/code/resources/app/out/vs/workbench/workbench.desktop.main.js:1803:7)
    at async Object.factory (file:///snap/code/52/usr/share/code/resources/app/out/vs/workbench/workbench.desktop.main.js:5847:495)
[2021-01-24 18:33:33.654] [renderer1] [error] Error: Unable to write file 'vscode-userdata:/home/dias/projetos/ESTUDAPORRA/~/.vscode-root/Backups/2b637956a5fd70ab339478e19b6fbb94/file/5555fe470c70a69cc065c4cad9a25362' (NoPermissions (FileSystemError): Error: EACCES: permission denied, open '/home/dias/projetos/ESTUDAPORRA/~/.vscode-root/Backups/2b637956a5fd70ab339478e19b6fbb94/file/5555fe470c70a69cc065c4cad9a25362')
    at _.writeFile (file:///snap/code/52/usr/share/code/resources/app/out/vs/workbench/workbench.desktop.main.js:1803:7)
    at async Object.factory (file:///snap/code/52/usr/share/code/resources/app/out/vs/workbench/workbench.desktop.main.js:5847:495)
[2021-01-24 18:33:36.743] [renderer1] [error] Error: Unable to write file 'vscode-userdata:/home/dias/projetos/ESTUDAPORRA/~/.vscode-root/Backups/2b637956a5fd70ab339478e19b6fbb94/file/5555fe470c70a69cc065c4cad9a25362' (NoPermissions (FileSystemError): Error: EACCES: permission denied, open '/home/dias/projetos/ESTUDAPORRA/~/.vscode-root/Backups/2b637956a5fd70ab339478e19b6fbb94/file/5555fe470c70a69cc065c4cad9a25362')
    at _.writeFile (file:///snap/code/52/usr/share/code/resources/app/out/vs/workbench/workbench.desktop.main.js:1803:7)
    at async Object.factory (file:///snap/code/52/usr/share/code/resources/app/out/vs/workbench/workbench.desktop.main.js:5847:495)
[2021-01-24 18:33:39.219] [renderer1] [error] Error: Unable to write file 'vscode-userdata:/home/dias/projetos/ESTUDAPORRA/~/.vscode-root/Backups/2b637956a5fd70ab339478e19b6fbb94/file/5555fe470c70a69cc065c4cad9a25362' (NoPermissions (FileSystemError): Error: EACCES: permission denied, open '/home/dias/projetos/ESTUDAPORRA/~/.vscode-root/Backups/2b637956a5fd70ab339478e19b6fbb94/file/5555fe470c70a69cc065c4cad9a25362')
    at _.writeFile (file:///snap/code/52/usr/share/code/resources/app/out/vs/workbench/workbench.desktop.main.js:1803:7)
    at async Object.factory (file:///snap/code/52/usr/share/code/resources/app/out/vs/workbench/workbench.desktop.main.js:5847:495)
[2021-01-24 18:34:04.188] [renderer1] [error] Error: Unable to write file 'vscode-userdata:/home/dias/projetos/ESTUDAPORRA/~/.vscode-root/Backups/2b637956a5fd70ab339478e19b6fbb94/file/5555fe470c70a69cc065c4cad9a25362' (NoPermissions (FileSystemError): Error: EACCES: permission denied, open '/home/dias/projetos/ESTUDAPORRA/~/.vscode-root/Backups/2b637956a5fd70ab339478e19b6fbb94/file/5555fe470c70a69cc065c4cad9a25362')
    at _.writeFile (file:///snap/code/52/usr/share/code/resources/app/out/vs/workbench/workbench.desktop.main.js:1803:7)
    at async Object.factory (file:///snap/code/52/usr/share/code/resources/app/out/vs/workbench/workbench.desktop.main.js:5847:495)
[2021-01-24 18:34:05.844] [renderer1] [error] Error: Unable to write file 'vscode-userdata:/home/dias/projetos/ESTUDAPORRA/~/.vscode-root/Backups/2b637956a5fd70ab339478e19b6fbb94/file/5555fe470c70a69cc065c4cad9a25362' (NoPermissions (FileSystemError): Error: EACCES: permission denied, open '/home/dias/projetos/ESTUDAPORRA/~/.vscode-root/Backups/2b637956a5fd70ab339478e19b6fbb94/file/5555fe470c70a69cc065c4cad9a25362')
    at _.writeFile (file:///snap/code/52/usr/share/code/resources/app/out/vs/workbench/workbench.desktop.main.js:1803:7)
    at async Object.factory (file:///snap/code/52/usr/share/code/resources/app/out/vs/workbench/workbench.desktop.main.js:5847:495)
[2021-01-24 18:34:09.194] [renderer1] [error] Error: Unable to write file 'vscode-userdata:/home/dias/projetos/ESTUDAPORRA/~/.vscode-root/Backups/2b637956a5fd70ab339478e19b6fbb94/file/5555fe470c70a69cc065c4cad9a25362' (NoPermissions (FileSystemError): Error: EACCES: permission denied, open '/home/dias/projetos/ESTUDAPORRA/~/.vscode-root/Backups/2b637956a5fd70ab339478e19b6fbb94/file/5555fe470c70a69cc065c4cad9a25362')
    at _.writeFile (file:///snap/code/52/usr/share/code/resources/app/out/vs/workbench/workbench.desktop.main.js:1803:7)
    at async Object.factory (file:///snap/code/52/usr/share/code/resources/app/out/vs/workbench/workbench.desktop.main.js:5847:495)
[2021-01-24 18:34:11.529] [renderer1] [error] Error: Unable to write file 'vscode-userdata:/home/dias/projetos/ESTUDAPORRA/~/.vscode-root/Backups/2b637956a5fd70ab339478e19b6fbb94/file/5555fe470c70a69cc065c4cad9a25362' (NoPermissions (FileSystemError): Error: EACCES: permission denied, open '/home/dias/projetos/ESTUDAPORRA/~/.vscode-root/Backups/2b637956a5fd70ab339478e19b6fbb94/file/5555fe470c70a69cc065c4cad9a25362')
    at _.writeFile (file:///snap/code/52/usr/share/code/resources/app/out/vs/workbench/workbench.desktop.main.js:1803:7)
    at async Object.factory (file:///snap/code/52/usr/share/code/resources/app/out/vs/workbench/workbench.desktop.main.js:5847:495)
[2021-01-24 18:34:14.086] [renderer1] [error] Error: Unable to write file 'vscode-userdata:/home/dias/projetos/ESTUDAPORRA/~/.vscode-root/Backups/2b637956a5fd70ab339478e19b6fbb94/file/5555fe470c70a69cc065c4cad9a25362' (NoPermissions (FileSystemError): Error: EACCES: permission denied, open '/home/dias/projetos/ESTUDAPORRA/~/.vscode-root/Backups/2b637956a5fd70ab339478e19b6fbb94/file/5555fe470c70a69cc065c4cad9a25362')
    at _.writeFile (file:///snap/code/52/usr/share/code/resources/app/out/vs/workbench/workbench.desktop.main.js:1803:7)
    at async Object.factory (file:///snap/code/52/usr/share/code/resources/app/out/vs/workbench/workbench.desktop.main.js:5847:495)
[2021-01-24 18:34:17.840] [renderer1] [error] Error: Unable to write file 'vscode-userdata:/home/dias/projetos/ESTUDAPORRA/~/.vscode-root/Backups/2b637956a5fd70ab339478e19b6fbb94/file/5555fe470c70a69cc065c4cad9a25362' (NoPermissions (FileSystemError): Error: EACCES: permission denied, open '/home/dias/projetos/ESTUDAPORRA/~/.vscode-root/Backups/2b637956a5fd70ab339478e19b6fbb94/file/5555fe470c70a69cc065c4cad9a25362')
    at _.writeFile (file:///snap/code/52/usr/share/code/resources/app/out/vs/workbench/workbench.desktop.main.js:1803:7)
    at async Object.factory (file:///snap/code/52/usr/share/code/resources/app/out/vs/workbench/workbench.desktop.main.js:5847:495)
[2021-01-24 18:34:23.265] [renderer1] [error] Error: Unable to write file 'vscode-userdata:/home/dias/projetos/ESTUDAPORRA/~/.vscode-root/Backups/2b637956a5fd70ab339478e19b6fbb94/file/5555fe470c70a69cc065c4cad9a25362' (NoPermissions (FileSystemError): Error: EACCES: permission denied, open '/home/dias/projetos/ESTUDAPORRA/~/.vscode-root/Backups/2b637956a5fd70ab339478e19b6fbb94/file/5555fe470c70a69cc065c4cad9a25362')
    at _.writeFile (file:///snap/code/52/usr/share/code/resources/app/out/vs/workbench/workbench.desktop.main.js:1803:7)
    at async Object.factory (file:///snap/code/52/usr/share/code/resources/app/out/vs/workbench/workbench.desktop.main.js:5847:495)
[2021-01-24 18:34:26.014] [renderer1] [error] Error: Unable to write file 'vscode-userdata:/home/dias/projetos/ESTUDAPORRA/~/.vscode-root/Backups/2b637956a5fd70ab339478e19b6fbb94/file/5555fe470c70a69cc065c4cad9a25362' (NoPermissions (FileSystemError): Error: EACCES: permission denied, open '/home/dias/projetos/ESTUDAPORRA/~/.vscode-root/Backups/2b637956a5fd70ab339478e19b6fbb94/file/5555fe470c70a69cc065c4cad9a25362')
    at _.writeFile (file:///snap/code/52/usr/share/code/resources/app/out/vs/workbench/workbench.desktop.main.js:1803:7)
    at async Object.factory (file:///snap/code/52/usr/share/code/resources/app/out/vs/workbench/workbench.desktop.main.js:5847:495)
[2021-01-24 18:34:30.589] [renderer1] [error] Error: Unable to write file 'vscode-userdata:/home/dias/projetos/ESTUDAPORRA/~/.vscode-root/Backups/2b637956a5fd70ab339478e19b6fbb94/file/5555fe470c70a69cc065c4cad9a25362' (NoPermissions (FileSystemError): Error: EACCES: permission denied, open '/home/dias/projetos/ESTUDAPORRA/~/.vscode-root/Backups/2b637956a5fd70ab339478e19b6fbb94/file/5555fe470c70a69cc065c4cad9a25362')
    at _.writeFile (file:///snap/code/52/usr/share/code/resources/app/out/vs/workbench/workbench.desktop.main.js:1803:7)
    at async Object.factory (file:///snap/code/52/usr/share/code/resources/app/out/vs/workbench/workbench.desktop.main.js:5847:495)
[2021-01-24 18:34:50.502] [renderer1] [error] Error: Unable to write file 'vscode-userdata:/home/dias/projetos/ESTUDAPORRA/~/.vscode-root/Backups/2b637956a5fd70ab339478e19b6fbb94/file/5555fe470c70a69cc065c4cad9a25362' (NoPermissions (FileSystemError): Error: EACCES: permission denied, open '/home/dias/projetos/ESTUDAPORRA/~/.vscode-root/Backups/2b637956a5fd70ab339478e19b6fbb94/file/5555fe470c70a69cc065c4cad9a25362')
    at _.writeFile (file:///snap/code/52/usr/share/code/resources/app/out/vs/workbench/workbench.desktop.main.js:1803:7)
    at async Object.factory (file:///snap/code/52/usr/share/code/resources/app/out/vs/workbench/workbench.desktop.main.js:5847:495)
[2021-01-24 18:34:53.668] [renderer1] [error] Error: Unable to write file 'vscode-userdata:/home/dias/projetos/ESTUDAPORRA/~/.vscode-root/Backups/2b637956a5fd70ab339478e19b6fbb94/file/5555fe470c70a69cc065c4cad9a25362' (NoPermissions (FileSystemError): Error: EACCES: permission denied, open '/home/dias/projetos/ESTUDAPORRA/~/.vscode-root/Backups/2b637956a5fd70ab339478e19b6fbb94/file/5555fe470c70a69cc065c4cad9a25362')
    at _.writeFile (file:///snap/code/52/usr/share/code/resources/app/out/vs/workbench/workbench.desktop.main.js:1803:7)
    at async Object.factory (file:///snap/code/52/usr/share/code/resources/app/out/vs/workbench/workbench.desktop.main.js:5847:495)
[2021-01-24 18:34:56.668] [renderer1] [error] Error: Unable to write file 'vscode-userdata:/home/dias/projetos/ESTUDAPORRA/~/.vscode-root/Backups/2b637956a5fd70ab339478e19b6fbb94/file/5555fe470c70a69cc065c4cad9a25362' (NoPermissions (FileSystemError): Error: EACCES: permission denied, open '/home/dias/projetos/ESTUDAPORRA/~/.vscode-root/Backups/2b637956a5fd70ab339478e19b6fbb94/file/5555fe470c70a69cc065c4cad9a25362')
    at _.writeFile (file:///snap/code/52/usr/share/code/resources/app/out/vs/workbench/workbench.desktop.main.js:1803:7)
    at async Object.factory (file:///snap/code/52/usr/share/code/resources/app/out/vs/workbench/workbench.desktop.main.js:5847:495)
[2021-01-24 18:35:02.357] [renderer1] [error] Error: Unable to write file 'vscode-userdata:/home/dias/projetos/ESTUDAPORRA/~/.vscode-root/Backups/2b637956a5fd70ab339478e19b6fbb94/file/5555fe470c70a69cc065c4cad9a25362' (NoPermissions (FileSystemError): Error: EACCES: permission denied, open '/home/dias/projetos/ESTUDAPORRA/~/.vscode-root/Backups/2b637956a5fd70ab339478e19b6fbb94/file/5555fe470c70a69cc065c4cad9a25362')
    at _.writeFile (file:///snap/code/52/usr/share/code/resources/app/out/vs/workbench/workbench.desktop.main.js:1803:7)
    at async Object.factory (file:///snap/code/52/usr/share/code/resources/app/out/vs/workbench/workbench.desktop.main.js:5847:495)
[2021-01-24 18:35:10.713] [renderer1] [error] Error: Unable to write file 'vscode-userdata:/home/dias/projetos/ESTUDAPORRA/~/.vscode-root/Backups/2b637956a5fd70ab339478e19b6fbb94/file/5555fe470c70a69cc065c4cad9a25362' (NoPermissions (FileSystemError): Error: EACCES: permission denied, open '/home/dias/projetos/ESTUDAPORRA/~/.vscode-root/Backups/2b637956a5fd70ab339478e19b6fbb94/file/5555fe470c70a69cc065c4cad9a25362')
    at _.writeFile (file:///snap/code/52/usr/share/code/resources/app/out/vs/workbench/workbench.desktop.main.js:1803:7)
    at async Object.factory (file:///snap/code/52/usr/share/code/resources/app/out/vs/workbench/workbench.desktop.main.js:5847:495)
[2021-01-24 18:35:20.131] [renderer1] [error] Error: Unable to write file 'vscode-userdata:/home/dias/projetos/ESTUDAPORRA/~/.vscode-root/Backups/2b637956a5fd70ab339478e19b6fbb94/file/5555fe470c70a69cc065c4cad9a25362' (NoPermissions (FileSystemError): Error: EACCES: permission denied, open '/home/dias/projetos/ESTUDAPORRA/~/.vscode-root/Backups/2b637956a5fd70ab339478e19b6fbb94/file/5555fe470c70a69cc065c4cad9a25362')
    at _.writeFile (file:///snap/code/52/usr/share/code/resources/app/out/vs/workbench/workbench.desktop.main.js:1803:7)
    at async Object.factory (file:///snap/code/52/usr/share/code/resources/app/out/vs/workbench/workbench.desktop.main.js:5847:495)
[2021-01-24 18:35:24.814] [renderer1] [error] Error: Unable to write file 'vscode-userdata:/home/dias/projetos/ESTUDAPORRA/~/.vscode-root/Backups/2b637956a5fd70ab339478e19b6fbb94/file/5555fe470c70a69cc065c4cad9a25362' (NoPermissions (FileSystemError): Error: EACCES: permission denied, open '/home/dias/projetos/ESTUDAPORRA/~/.vscode-root/Backups/2b637956a5fd70ab339478e19b6fbb94/file/5555fe470c70a69cc065c4cad9a25362')
    at _.writeFile (file:///snap/code/52/usr/share/code/resources/app/out/vs/workbench/workbench.desktop.main.js:1803:7)
    at async Object.factory (file:///snap/code/52/usr/share/code/resources/app/out/vs/workbench/workbench.desktop.main.js:5847:495)
[2021-01-24 18:35:26.626] [renderer1] [error] Error: Unable to write file 'vscode-userdata:/home/dias/projetos/ESTUDAPORRA/~/.vscode-root/Backups/2b637956a5fd70ab339478e19b6fbb94/file/5555fe470c70a69cc065c4cad9a25362' (NoPermissions (FileSystemError): Error: EACCES: permission denied, open '/home/dias/projetos/ESTUDAPORRA/~/.vscode-root/Backups/2b637956a5fd70ab339478e19b6fbb94/file/5555fe470c70a69cc065c4cad9a25362')
    at _.writeFile (file:///snap/code/52/usr/share/code/resources/app/out/vs/workbench/workbench.desktop.main.js:1803:7)
    at async Object.factory (file:///snap/code/52/usr/share/code/resources/app/out/vs/workbench/workbench.desktop.main.js:5847:495)
[2021-01-24 18:35:27.913] [renderer1] [error] Error: Unable to write file 'vscode-userdata:/home/dias/projetos/ESTUDAPORRA/~/.vscode-root/Backups/2b637956a5fd70ab339478e19b6fbb94/file/5555fe470c70a69cc065c4cad9a25362' (NoPermissions (FileSystemError): Error: EACCES: permission denied, open '/home/dias/projetos/ESTUDAPORRA/~/.vscode-root/Backups/2b637956a5fd70ab339478e19b6fbb94/file/5555fe470c70a69cc065c4cad9a25362')
    at _.writeFile (file:///snap/code/52/usr/share/code/resources/app/out/vs/workbench/workbench.desktop.main.js:1803:7)
    at async Object.factory (file:///snap/code/52/usr/share/code/resources/app/out/vs/workbench/workbench.desktop.main.js:5847:495)
[2021-01-24 18:35:29.876] [renderer1] [error] Error: Unable to write file 'vscode-userdata:/home/dias/projetos/ESTUDAPORRA/~/.vscode-root/Backups/2b637956a5fd70ab339478e19b6fbb94/file/5555fe470c70a69cc065c4cad9a25362' (NoPermissions (FileSystemError): Error: EACCES: permission denied, open '/home/dias/projetos/ESTUDAPORRA/~/.vscode-root/Backups/2b637956a5fd70ab339478e19b6fbb94/file/5555fe470c70a69cc065c4cad9a25362')
    at _.writeFile (file:///snap/code/52/usr/share/code/resources/app/out/vs/workbench/workbench.desktop.main.js:1803:7)
    at async Object.factory (file:///snap/code/52/usr/share/code/resources/app/out/vs/workbench/workbench.desktop.main.js:5847:495)
[2021-01-24 18:35:33.676] [renderer1] [error] Error: Unable to write file 'vscode-userdata:/home/dias/projetos/ESTUDAPORRA/~/.vscode-root/Backups/2b637956a5fd70ab339478e19b6fbb94/file/5555fe470c70a69cc065c4cad9a25362' (NoPermissions (FileSystemError): Error: EACCES: permission denied, open '/home/dias/projetos/ESTUDAPORRA/~/.vscode-root/Backups/2b637956a5fd70ab339478e19b6fbb94/file/5555fe470c70a69cc065c4cad9a25362')
    at _.writeFile (file:///snap/code/52/usr/share/code/resources/app/out/vs/workbench/workbench.desktop.main.js:1803:7)
    at async Object.factory (file:///snap/code/52/usr/share/code/resources/app/out/vs/workbench/workbench.desktop.main.js:5847:495)
[2021-01-24 18:35:50.754] [renderer1] [error] Error: Unable to write file 'vscode-userdata:/home/dias/projetos/ESTUDAPORRA/~/.vscode-root/Backups/2b637956a5fd70ab339478e19b6fbb94/file/5555fe470c70a69cc065c4cad9a25362' (NoPermissions (FileSystemError): Error: EACCES: permission denied, open '/home/dias/projetos/ESTUDAPORRA/~/.vscode-root/Backups/2b637956a5fd70ab339478e19b6fbb94/file/5555fe470c70a69cc065c4cad9a25362')
    at _.writeFile (file:///snap/code/52/usr/share/code/resources/app/out/vs/workbench/workbench.desktop.main.js:1803:7)
    at async Object.factory (file:///snap/code/52/usr/share/code/resources/app/out/vs/workbench/workbench.desktop.main.js:5847:495)
[2021-01-24 18:36:29.540] [renderer1] [error] Error: Unable to write file 'vscode-userdata:/home/dias/projetos/ESTUDAPORRA/~/.vscode-root/Backups/2b637956a5fd70ab339478e19b6fbb94/file/5555fe470c70a69cc065c4cad9a25362' (NoPermissions (FileSystemError): Error: EACCES: permission denied, open '/home/dias/projetos/ESTUDAPORRA/~/.vscode-root/Backups/2b637956a5fd70ab339478e19b6fbb94/file/5555fe470c70a69cc065c4cad9a25362')
    at _.writeFile (file:///snap/code/52/usr/share/code/resources/app/out/vs/workbench/workbench.desktop.main.js:1803:7)
    at async Object.factory (file:///snap/code/52/usr/share/code/resources/app/out/vs/workbench/workbench.desktop.main.js:5847:495)
[2021-01-24 18:36:31.665] [renderer1] [error] Error: Unable to write file 'vscode-userdata:/home/dias/projetos/ESTUDAPORRA/~/.vscode-root/Backups/2b637956a5fd70ab339478e19b6fbb94/file/5555fe470c70a69cc065c4cad9a25362' (NoPermissions (FileSystemError): Error: EACCES: permission denied, open '/home/dias/projetos/ESTUDAPORRA/~/.vscode-root/Backups/2b637956a5fd70ab339478e19b6fbb94/file/5555fe470c70a69cc065c4cad9a25362')
    at _.writeFile (file:///snap/code/52/usr/share/code/resources/app/out/vs/workbench/workbench.desktop.main.js:1803:7)
    at async Object.factory (file:///snap/code/52/usr/share/code/resources/app/out/vs/workbench/workbench.desktop.main.js:5847:495)
[2021-01-24 18:36:33.093] [renderer1] [error] Error: Unable to write file 'vscode-userdata:/home/dias/projetos/ESTUDAPORRA/~/.vscode-root/Backups/2b637956a5fd70ab339478e19b6fbb94/file/5555fe470c70a69cc065c4cad9a25362' (NoPermissions (FileSystemError): Error: EACCES: permission denied, open '/home/dias/projetos/ESTUDAPORRA/~/.vscode-root/Backups/2b637956a5fd70ab339478e19b6fbb94/file/5555fe470c70a69cc065c4cad9a25362')
    at _.writeFile (file:///snap/code/52/usr/share/code/resources/app/out/vs/workbench/workbench.desktop.main.js:1803:7)
    at async Object.factory (file:///snap/code/52/usr/share/code/resources/app/out/vs/workbench/workbench.desktop.main.js:5847:495)
[2021-01-24 18:36:34.348] [renderer1] [error] Error: Unable to write file 'vscode-userdata:/home/dias/projetos/ESTUDAPORRA/~/.vscode-root/Backups/2b637956a5fd70ab339478e19b6fbb94/file/5555fe470c70a69cc065c4cad9a25362' (NoPermissions (FileSystemError): Error: EACCES: permission denied, open '/home/dias/projetos/ESTUDAPORRA/~/.vscode-root/Backups/2b637956a5fd70ab339478e19b6fbb94/file/5555fe470c70a69cc065c4cad9a25362')
    at _.writeFile (file:///snap/code/52/usr/share/code/resources/app/out/vs/workbench/workbench.desktop.main.js:1803:7)
    at async Object.factory (file:///snap/code/52/usr/share/code/resources/app/out/vs/workbench/workbench.desktop.main.js:5847:495)
[2021-01-24 18:36:35.398] [renderer1] [error] Error: Unable to write file 'vscode-userdata:/home/dias/projetos/ESTUDAPORRA/~/.vscode-root/Backups/2b637956a5fd70ab339478e19b6fbb94/file/5555fe470c70a69cc065c4cad9a25362' (NoPermissions (FileSystemError): Error: EACCES: permission denied, open '/home/dias/projetos/ESTUDAPORRA/~/.vscode-root/Backups/2b637956a5fd70ab339478e19b6fbb94/file/5555fe470c70a69cc065c4cad9a25362')
    at _.writeFile (file:///snap/code/52/usr/share/code/resources/app/out/vs/workbench/workbench.desktop.main.js:1803:7)
    at async Object.factory (file:///snap/code/52/usr/share/code/resources/app/out/vs/workbench/workbench.desktop.main.js:5847:495)
[2021-01-24 18:36:39.300] [renderer1] [error] Error: Unable to write file 'vscode-userdata:/home/dias/projetos/ESTUDAPORRA/~/.vscode-root/Backups/2b637956a5fd70ab339478e19b6fbb94/file/5555fe470c70a69cc065c4cad9a25362' (NoPermissions (FileSystemError): Error: EACCES: permission denied, open '/home/dias/projetos/ESTUDAPORRA/~/.vscode-root/Backups/2b637956a5fd70ab339478e19b6fbb94/file/5555fe470c70a69cc065c4cad9a25362')
    at _.writeFile (file:///snap/code/52/usr/share/code/resources/app/out/vs/workbench/workbench.desktop.main.js:1803:7)
    at async Object.factory (file:///snap/code/52/usr/share/code/resources/app/out/vs/workbench/workbench.desktop.main.js:5847:495)
[2021-01-24 18:36:53.940] [renderer1] [error] Error: Unable to write file 'vscode-userdata:/home/dias/projetos/ESTUDAPORRA/~/.vscode-root/Backups/2b637956a5fd70ab339478e19b6fbb94/file/5555fe470c70a69cc065c4cad9a25362' (NoPermissions (FileSystemError): Error: EACCES: permission denied, open '/home/dias/projetos/ESTUDAPORRA/~/.vscode-root/Backups/2b637956a5fd70ab339478e19b6fbb94/file/5555fe470c70a69cc065c4cad9a25362')
    at _.writeFile (file:///snap/code/52/usr/share/code/resources/app/out/vs/workbench/workbench.desktop.main.js:1803:7)
    at async Object.factory (file:///snap/code/52/usr/share/code/resources/app/out/vs/workbench/workbench.desktop.main.js:5847:495)
[2021-01-24 18:37:05.443] [renderer1] [error] Error: Unable to write file 'vscode-userdata:/home/dias/projetos/ESTUDAPORRA/~/.vscode-root/Backups/2b637956a5fd70ab339478e19b6fbb94/file/5555fe470c70a69cc065c4cad9a25362' (NoPermissions (FileSystemError): Error: EACCES: permission denied, open '/home/dias/projetos/ESTUDAPORRA/~/.vscode-root/Backups/2b637956a5fd70ab339478e19b6fbb94/file/5555fe470c70a69cc065c4cad9a25362')
    at _.writeFile (file:///snap/code/52/usr/share/code/resources/app/out/vs/workbench/workbench.desktop.main.js:1803:7)
    at async Object.factory (file:///snap/code/52/usr/share/code/resources/app/out/vs/workbench/workbench.desktop.main.js:5847:495)
[2021-01-24 18:37:09.064] [renderer1] [error] Error: Unable to write file 'vscode-userdata:/home/dias/projetos/ESTUDAPORRA/~/.vscode-root/Backups/2b637956a5fd70ab339478e19b6fbb94/file/5555fe470c70a69cc065c4cad9a25362' (NoPermissions (FileSystemError): Error: EACCES: permission denied, open '/home/dias/projetos/ESTUDAPORRA/~/.vscode-root/Backups/2b637956a5fd70ab339478e19b6fbb94/file/5555fe470c70a69cc065c4cad9a25362')
    at _.writeFile (file:///snap/code/52/usr/share/code/resources/app/out/vs/workbench/workbench.desktop.main.js:1803:7)
    at async Object.factory (file:///snap/code/52/usr/share/code/resources/app/out/vs/workbench/workbench.desktop.main.js:5847:495)
[2021-01-24 18:37:15.636] [renderer1] [error] Error: Unable to write file 'vscode-userdata:/home/dias/projetos/ESTUDAPORRA/~/.vscode-root/Backups/2b637956a5fd70ab339478e19b6fbb94/file/5555fe470c70a69cc065c4cad9a25362' (NoPermissions (FileSystemError): Error: EACCES: permission denied, open '/home/dias/projetos/ESTUDAPORRA/~/.vscode-root/Backups/2b637956a5fd70ab339478e19b6fbb94/file/5555fe470c70a69cc065c4cad9a25362')
    at _.writeFile (file:///snap/code/52/usr/share/code/resources/app/out/vs/workbench/workbench.desktop.main.js:1803:7)
    at async Object.factory (file:///snap/code/52/usr/share/code/resources/app/out/vs/workbench/workbench.desktop.main.js:5847:495)
[2021-01-24 18:37:21.965] [renderer1] [error] Error: Unable to write file 'vscode-userdata:/home/dias/projetos/ESTUDAPORRA/~/.vscode-root/Backups/2b637956a5fd70ab339478e19b6fbb94/file/5555fe470c70a69cc065c4cad9a25362' (NoPermissions (FileSystemError): Error: EACCES: permission denied, open '/home/dias/projetos/ESTUDAPORRA/~/.vscode-root/Backups/2b637956a5fd70ab339478e19b6fbb94/file/5555fe470c70a69cc065c4cad9a25362')
    at _.writeFile (file:///snap/code/52/usr/share/code/resources/app/out/vs/workbench/workbench.desktop.main.js:1803:7)
    at async Object.factory (file:///snap/code/52/usr/share/code/resources/app/out/vs/workbench/workbench.desktop.main.js:5847:495)
[2021-01-24 18:37:29.341] [renderer1] [error] Error: Unable to write file 'vscode-userdata:/home/dias/projetos/ESTUDAPORRA/~/.vscode-root/Backups/2b637956a5fd70ab339478e19b6fbb94/file/5555fe470c70a69cc065c4cad9a25362' (NoPermissions (FileSystemError): Error: EACCES: permission denied, open '/home/dias/projetos/ESTUDAPORRA/~/.vscode-root/Backups/2b637956a5fd70ab339478e19b6fbb94/file/5555fe470c70a69cc065c4cad9a25362')
    at _.writeFile (file:///snap/code/52/usr/share/code/resources/app/out/vs/workbench/workbench.desktop.main.js:1803:7)
    at async Object.factory (file:///snap/code/52/usr/share/code/resources/app/out/vs/workbench/workbench.desktop.main.js:5847:495)
[2021-01-24 18:37:34.007] [renderer1] [error] Error: Unable to write file 'vscode-userdata:/home/dias/projetos/ESTUDAPORRA/~/.vscode-root/Backups/2b637956a5fd70ab339478e19b6fbb94/file/5555fe470c70a69cc065c4cad9a25362' (NoPermissions (FileSystemError): Error: EACCES: permission denied, open '/home/dias/projetos/ESTUDAPORRA/~/.vscode-root/Backups/2b637956a5fd70ab339478e19b6fbb94/file/5555fe470c70a69cc065c4cad9a25362')
    at _.writeFile (file:///snap/code/52/usr/share/code/resources/app/out/vs/workbench/workbench.desktop.main.js:1803:7)
    at async Object.factory (file:///snap/code/52/usr/share/code/resources/app/out/vs/workbench/workbench.desktop.main.js:5847:495)
[2021-01-24 18:37:35.874] [renderer1] [error] Error: Unable to write file 'vscode-userdata:/home/dias/projetos/ESTUDAPORRA/~/.vscode-root/Backups/2b637956a5fd70ab339478e19b6fbb94/file/5555fe470c70a69cc065c4cad9a25362' (NoPermissions (FileSystemError): Error: EACCES: permission denied, open '/home/dias/projetos/ESTUDAPORRA/~/.vscode-root/Backups/2b637956a5fd70ab339478e19b6fbb94/file/5555fe470c70a69cc065c4cad9a25362')
    at _.writeFile (file:///snap/code/52/usr/share/code/resources/app/out/vs/workbench/workbench.desktop.main.js:1803:7)
    at async Object.factory (file:///snap/code/52/usr/share/code/resources/app/out/vs/workbench/workbench.desktop.main.js:5847:495)
[2021-01-24 18:37:42.785] [renderer1] [error] Error: Unable to write file 'vscode-userdata:/home/dias/projetos/ESTUDAPORRA/~/.vscode-root/Backups/2b637956a5fd70ab339478e19b6fbb94/file/5555fe470c70a69cc065c4cad9a25362' (NoPermissions (FileSystemError): Error: EACCES: permission denied, open '/home/dias/projetos/ESTUDAPORRA/~/.vscode-root/Backups/2b637956a5fd70ab339478e19b6fbb94/file/5555fe470c70a69cc065c4cad9a25362')
    at _.writeFile (file:///snap/code/52/usr/share/code/resources/app/out/vs/workbench/workbench.desktop.main.js:1803:7)
    at async Object.factory (file:///snap/code/52/usr/share/code/resources/app/out/vs/workbench/workbench.desktop.main.js:5847:495)
[2021-01-24 18:37:46.293] [renderer1] [error] Error: Unable to write file 'vscode-userdata:/home/dias/projetos/ESTUDAPORRA/~/.vscode-root/Backups/2b637956a5fd70ab339478e19b6fbb94/file/5555fe470c70a69cc065c4cad9a25362' (NoPermissions (FileSystemError): Error: EACCES: permission denied, open '/home/dias/projetos/ESTUDAPORRA/~/.vscode-root/Backups/2b637956a5fd70ab339478e19b6fbb94/file/5555fe470c70a69cc065c4cad9a25362')
    at _.writeFile (file:///snap/code/52/usr/share/code/resources/app/out/vs/workbench/workbench.desktop.main.js:1803:7)
    at async Object.factory (file:///snap/code/52/usr/share/code/resources/app/out/vs/workbench/workbench.desktop.main.js:5847:495)
[2021-01-24 18:37:48.709] [renderer1] [error] Error: Unable to write file 'vscode-userdata:/home/dias/projetos/ESTUDAPORRA/~/.vscode-root/Backups/2b637956a5fd70ab339478e19b6fbb94/file/5555fe470c70a69cc065c4cad9a25362' (NoPermissions (FileSystemError): Error: EACCES: permission denied, open '/home/dias/projetos/ESTUDAPORRA/~/.vscode-root/Backups/2b637956a5fd70ab339478e19b6fbb94/file/5555fe470c70a69cc065c4cad9a25362')
    at _.writeFile (file:///snap/code/52/usr/share/code/resources/app/out/vs/workbench/workbench.desktop.main.js:1803:7)
    at async Object.factory (file:///snap/code/52/usr/share/code/resources/app/out/vs/workbench/workbench.desktop.main.js:5847:495)
[2021-01-24 18:37:54.067] [renderer1] [error] Error: Unable to write file 'vscode-userdata:/home/dias/projetos/ESTUDAPORRA/~/.vscode-root/Backups/2b637956a5fd70ab339478e19b6fbb94/file/5555fe470c70a69cc065c4cad9a25362' (NoPermissions (FileSystemError): Error: EACCES: permission denied, open '/home/dias/projetos/ESTUDAPORRA/~/.vscode-root/Backups/2b637956a5fd70ab339478e19b6fbb94/file/5555fe470c70a69cc065c4cad9a25362')
    at _.writeFile (file:///snap/code/52/usr/share/code/resources/app/out/vs/workbench/workbench.desktop.main.js:1803:7)
    at async Object.factory (file:///snap/code/52/usr/share/code/resources/app/out/vs/workbench/workbench.desktop.main.js:5847:495)
[2021-01-24 18:37:59.297] [renderer1] [error] Error: Unable to write file 'vscode-userdata:/home/dias/projetos/ESTUDAPORRA/~/.vscode-root/Backups/2b637956a5fd70ab339478e19b6fbb94/file/5555fe470c70a69cc065c4cad9a25362' (NoPermissions (FileSystemError): Error: EACCES: permission denied, open '/home/dias/projetos/ESTUDAPORRA/~/.vscode-root/Backups/2b637956a5fd70ab339478e19b6fbb94/file/5555fe470c70a69cc065c4cad9a25362')
    at _.writeFile (file:///snap/code/52/usr/share/code/resources/app/out/vs/workbench/workbench.desktop.main.js:1803:7)
    at async Object.factory (file:///snap/code/52/usr/share/code/resources/app/out/vs/workbench/workbench.desktop.main.js:5847:495)
[2021-01-24 18:38:02.491] [renderer1] [error] Error: Unable to write file 'vscode-userdata:/home/dias/projetos/ESTUDAPORRA/~/.vscode-root/Backups/2b637956a5fd70ab339478e19b6fbb94/file/5555fe470c70a69cc065c4cad9a25362' (NoPermissions (FileSystemError): Error: EACCES: permission denied, open '/home/dias/projetos/ESTUDAPORRA/~/.vscode-root/Backups/2b637956a5fd70ab339478e19b6fbb94/file/5555fe470c70a69cc065c4cad9a25362')
    at _.writeFile (file:///snap/code/52/usr/share/code/resources/app/out/vs/workbench/workbench.desktop.main.js:1803:7)
    at async Object.factory (file:///snap/code/52/usr/share/code/resources/app/out/vs/workbench/workbench.desktop.main.js:5847:495)
[2021-01-24 18:38:04.481] [renderer1] [error] Error: Unable to write file 'vscode-userdata:/home/dias/projetos/ESTUDAPORRA/~/.vscode-root/Backups/2b637956a5fd70ab339478e19b6fbb94/file/5555fe470c70a69cc065c4cad9a25362' (NoPermissions (FileSystemError): Error: EACCES: permission denied, open '/home/dias/projetos/ESTUDAPORRA/~/.vscode-root/Backups/2b637956a5fd70ab339478e19b6fbb94/file/5555fe470c70a69cc065c4cad9a25362')
    at _.writeFile (file:///snap/code/52/usr/share/code/resources/app/out/vs/workbench/workbench.desktop.main.js:1803:7)
    at async Object.factory (file:///snap/code/52/usr/share/code/resources/app/out/vs/workbench/workbench.desktop.main.js:5847:495)
[2021-01-24 18:38:09.921] [renderer1] [error] Error: Unable to write file 'vscode-userdata:/home/dias/projetos/ESTUDAPORRA/~/.vscode-root/Backups/2b637956a5fd70ab339478e19b6fbb94/file/5555fe470c70a69cc065c4cad9a25362' (NoPermissions (FileSystemError): Error: EACCES: permission denied, open '/home/dias/projetos/ESTUDAPORRA/~/.vscode-root/Backups/2b637956a5fd70ab339478e19b6fbb94/file/5555fe470c70a69cc065c4cad9a25362')
    at _.writeFile (file:///snap/code/52/usr/share/code/resources/app/out/vs/workbench/workbench.desktop.main.js:1803:7)
    at async Object.factory (file:///snap/code/52/usr/share/code/resources/app/out/vs/workbench/workbench.desktop.main.js:5847:495)
[2021-01-24 18:38:45.424] [renderer1] [error] Error: Unable to write file 'vscode-userdata:/home/dias/projetos/ESTUDAPORRA/~/.vscode-root/Backups/2b637956a5fd70ab339478e19b6fbb94/file/5555fe470c70a69cc065c4cad9a25362' (NoPermissions (FileSystemError): Error: EACCES: permission denied, open '/home/dias/projetos/ESTUDAPORRA/~/.vscode-root/Backups/2b637956a5fd70ab339478e19b6fbb94/file/5555fe470c70a69cc065c4cad9a25362')
    at _.writeFile (file:///snap/code/52/usr/share/code/resources/app/out/vs/workbench/workbench.desktop.main.js:1803:7)
    at async Object.factory (file:///snap/code/52/usr/share/code/resources/app/out/vs/workbench/workbench.desktop.main.js:5847:495)
[2021-01-24 18:38:46.925] [renderer1] [error] Error: Unable to write file 'vscode-userdata:/home/dias/projetos/ESTUDAPORRA/~/.vscode-root/Backups/2b637956a5fd70ab339478e19b6fbb94/file/5555fe470c70a69cc065c4cad9a25362' (NoPermissions (FileSystemError): Error: EACCES: permission denied, open '/home/dias/projetos/ESTUDAPORRA/~/.vscode-root/Backups/2b637956a5fd70ab339478e19b6fbb94/file/5555fe470c70a69cc065c4cad9a25362')
    at _.writeFile (file:///snap/code/52/usr/share/code/resources/app/out/vs/workbench/workbench.desktop.main.js:1803:7)
    at async Object.factory (file:///snap/code/52/usr/share/code/resources/app/out/vs/workbench/workbench.desktop.main.js:5847:495)
[2021-01-24 18:38:48.702] [renderer1] [error] Error: Unable to write file 'vscode-userdata:/home/dias/projetos/ESTUDAPORRA/~/.vscode-root/Backups/2b637956a5fd70ab339478e19b6fbb94/file/5555fe470c70a69cc065c4cad9a25362' (NoPermissions (FileSystemError): Error: EACCES: permission denied, open '/home/dias/projetos/ESTUDAPORRA/~/.vscode-root/Backups/2b637956a5fd70ab339478e19b6fbb94/file/5555fe470c70a69cc065c4cad9a25362')
    at _.writeFile (file:///snap/code/52/usr/share/code/resources/app/out/vs/workbench/workbench.desktop.main.js:1803:7)
    at async Object.factory (file:///snap/code/52/usr/share/code/resources/app/out/vs/workbench/workbench.desktop.main.js:5847:495)
[2021-01-24 18:38:53.373] [renderer1] [error] Error: Unable to write file 'vscode-userdata:/home/dias/projetos/ESTUDAPORRA/~/.vscode-root/Backups/2b637956a5fd70ab339478e19b6fbb94/file/5555fe470c70a69cc065c4cad9a25362' (NoPermissions (FileSystemError): Error: EACCES: permission denied, open '/home/dias/projetos/ESTUDAPORRA/~/.vscode-root/Backups/2b637956a5fd70ab339478e19b6fbb94/file/5555fe470c70a69cc065c4cad9a25362')
    at _.writeFile (file:///snap/code/52/usr/share/code/resources/app/out/vs/workbench/workbench.desktop.main.js:1803:7)
    at async Object.factory (file:///snap/code/52/usr/share/code/resources/app/out/vs/workbench/workbench.desktop.main.js:5847:495)
[2021-01-24 18:38:54.995] [renderer1] [error] Error: Unable to write file 'vscode-userdata:/home/dias/projetos/ESTUDAPORRA/~/.vscode-root/Backups/2b637956a5fd70ab339478e19b6fbb94/file/5555fe470c70a69cc065c4cad9a25362' (NoPermissions (FileSystemError): Error: EACCES: permission denied, open '/home/dias/projetos/ESTUDAPORRA/~/.vscode-root/Backups/2b637956a5fd70ab339478e19b6fbb94/file/5555fe470c70a69cc065c4cad9a25362')
    at _.writeFile (file:///snap/code/52/usr/share/code/resources/app/out/vs/workbench/workbench.desktop.main.js:1803:7)
    at async Object.factory (file:///snap/code/52/usr/share/code/resources/app/out/vs/workbench/workbench.desktop.main.js:5847:495)
[2021-01-24 18:39:02.757] [renderer1] [error] Error: Unable to write file 'vscode-userdata:/home/dias/projetos/ESTUDAPORRA/~/.vscode-root/Backups/2b637956a5fd70ab339478e19b6fbb94/file/5555fe470c70a69cc065c4cad9a25362' (NoPermissions (FileSystemError): Error: EACCES: permission denied, open '/home/dias/projetos/ESTUDAPORRA/~/.vscode-root/Backups/2b637956a5fd70ab339478e19b6fbb94/file/5555fe470c70a69cc065c4cad9a25362')
    at _.writeFile (file:///snap/code/52/usr/share/code/resources/app/out/vs/workbench/workbench.desktop.main.js:1803:7)
    at async Object.factory (file:///snap/code/52/usr/share/code/resources/app/out/vs/workbench/workbench.desktop.main.js:5847:495)
[2021-01-24 18:39:16.691] [renderer1] [error] Error: Unable to write file 'vscode-userdata:/home/dias/projetos/ESTUDAPORRA/~/.vscode-root/Backups/2b637956a5fd70ab339478e19b6fbb94/file/5555fe470c70a69cc065c4cad9a25362' (NoPermissions (FileSystemError): Error: EACCES: permission denied, open '/home/dias/projetos/ESTUDAPORRA/~/.vscode-root/Backups/2b637956a5fd70ab339478e19b6fbb94/file/5555fe470c70a69cc065c4cad9a25362')
    at _.writeFile (file:///snap/code/52/usr/share/code/resources/app/out/vs/workbench/workbench.desktop.main.js:1803:7)
    at async Object.factory (file:///snap/code/52/usr/share/code/resources/app/out/vs/workbench/workbench.desktop.main.js:5847:495)
[2021-01-24 18:39:28.080] [renderer1] [error] Error: Unable to write file 'vscode-userdata:/home/dias/projetos/ESTUDAPORRA/~/.vscode-root/Backups/2b637956a5fd70ab339478e19b6fbb94/file/5555fe470c70a69cc065c4cad9a25362' (NoPermissions (FileSystemError): Error: EACCES: permission denied, open '/home/dias/projetos/ESTUDAPORRA/~/.vscode-root/Backups/2b637956a5fd70ab339478e19b6fbb94/file/5555fe470c70a69cc065c4cad9a25362')
    at _.writeFile (file:///snap/code/52/usr/share/code/resources/app/out/vs/workbench/workbench.desktop.main.js:1803:7)
    at async Object.factory (file:///snap/code/52/usr/share/code/resources/app/out/vs/workbench/workbench.desktop.main.js:5847:495)
[2021-01-24 18:39:41.730] [renderer1] [error] Error: Unable to write file 'vscode-userdata:/home/dias/projetos/ESTUDAPORRA/~/.vscode-root/Backups/2b637956a5fd70ab339478e19b6fbb94/file/5555fe470c70a69cc065c4cad9a25362' (NoPermissions (FileSystemError): Error: EACCES: permission denied, open '/home/dias/projetos/ESTUDAPORRA/~/.vscode-root/Backups/2b637956a5fd70ab339478e19b6fbb94/file/5555fe470c70a69cc065c4cad9a25362')
    at _.writeFile (file:///snap/code/52/usr/share/code/resources/app/out/vs/workbench/workbench.desktop.main.js:1803:7)
    at async Object.factory (file:///snap/code/52/usr/share/code/resources/app/out/vs/workbench/workbench.desktop.main.js:5847:495)
[2021-01-24 18:39:46.275] [renderer1] [error] Error: Unable to write file 'vscode-userdata:/home/dias/projetos/ESTUDAPORRA/~/.vscode-root/Backups/2b637956a5fd70ab339478e19b6fbb94/file/5555fe470c70a69cc065c4cad9a25362' (NoPermissions (FileSystemError): Error: EACCES: permission denied, open '/home/dias/projetos/ESTUDAPORRA/~/.vscode-root/Backups/2b637956a5fd70ab339478e19b6fbb94/file/5555fe470c70a69cc065c4cad9a25362')
    at _.writeFile (file:///snap/code/52/usr/share/code/resources/app/out/vs/workbench/workbench.desktop.main.js:1803:7)
    at async Object.factory (file:///snap/code/52/usr/share/code/resources/app/out/vs/workbench/workbench.desktop.main.js:5847:495)
[2021-01-24 18:39:50.814] [renderer1] [error] Error: Unable to write file 'vscode-userdata:/home/dias/projetos/ESTUDAPORRA/~/.vscode-root/Backups/2b637956a5fd70ab339478e19b6fbb94/file/5555fe470c70a69cc065c4cad9a25362' (NoPermissions (FileSystemError): Error: EACCES: permission denied, open '/home/dias/projetos/ESTUDAPORRA/~/.vscode-root/Backups/2b637956a5fd70ab339478e19b6fbb94/file/5555fe470c70a69cc065c4cad9a25362')
    at _.writeFile (file:///snap/code/52/usr/share/code/resources/app/out/vs/workbench/workbench.desktop.main.js:1803:7)
    at async Object.factory (file:///snap/code/52/usr/share/code/resources/app/out/vs/workbench/workbench.desktop.main.js:5847:495)
[2021-01-24 18:40:10.607] [renderer1] [error] Error: Unable to write file 'vscode-userdata:/home/dias/projetos/ESTUDAPORRA/~/.vscode-root/Backups/2b637956a5fd70ab339478e19b6fbb94/file/5555fe470c70a69cc065c4cad9a25362' (NoPermissions (FileSystemError): Error: EACCES: permission denied, open '/home/dias/projetos/ESTUDAPORRA/~/.vscode-root/Backups/2b637956a5fd70ab339478e19b6fbb94/file/5555fe470c70a69cc065c4cad9a25362')
    at _.writeFile (file:///snap/code/52/usr/share/code/resources/app/out/vs/workbench/workbench.desktop.main.js:1803:7)
    at async Object.factory (file:///snap/code/52/usr/share/code/resources/app/out/vs/workbench/workbench.desktop.main.js:5847:495)
[2021-01-24 18:40:12.705] [renderer1] [error] Error: Unable to write file 'vscode-userdata:/home/dias/projetos/ESTUDAPORRA/~/.vscode-root/Backups/2b637956a5fd70ab339478e19b6fbb94/file/5555fe470c70a69cc065c4cad9a25362' (NoPermissions (FileSystemError): Error: EACCES: permission denied, open '/home/dias/projetos/ESTUDAPORRA/~/.vscode-root/Backups/2b637956a5fd70ab339478e19b6fbb94/file/5555fe470c70a69cc065c4cad9a25362')
    at _.writeFile (file:///snap/code/52/usr/share/code/resources/app/out/vs/workbench/workbench.desktop.main.js:1803:7)
    at async Object.factory (file:///snap/code/52/usr/share/code/resources/app/out/vs/workbench/workbench.desktop.main.js:5847:495)
[2021-01-24 18:40:16.588] [renderer1] [error] Error: Unable to write file 'vscode-userdata:/home/dias/projetos/ESTUDAPORRA/~/.vscode-root/Backups/2b637956a5fd70ab339478e19b6fbb94/file/5555fe470c70a69cc065c4cad9a25362' (NoPermissions (FileSystemError): Error: EACCES: permission denied, open '/home/dias/projetos/ESTUDAPORRA/~/.vscode-root/Backups/2b637956a5fd70ab339478e19b6fbb94/file/5555fe470c70a69cc065c4cad9a25362')
    at _.writeFile (file:///snap/code/52/usr/share/code/resources/app/out/vs/workbench/workbench.desktop.main.js:1803:7)
    at async Object.factory (file:///snap/code/52/usr/share/code/resources/app/out/vs/workbench/workbench.desktop.main.js:5847:495)
[2021-01-24 18:40:24.734] [renderer1] [error] Error: Unable to write file 'vscode-userdata:/home/dias/projetos/ESTUDAPORRA/~/.vscode-root/Backups/2b637956a5fd70ab339478e19b6fbb94/file/5555fe470c70a69cc065c4cad9a25362' (NoPermissions (FileSystemError): Error: EACCES: permission denied, open '/home/dias/projetos/ESTUDAPORRA/~/.vscode-root/Backups/2b637956a5fd70ab339478e19b6fbb94/file/5555fe470c70a69cc065c4cad9a25362')
    at _.writeFile (file:///snap/code/52/usr/share/code/resources/app/out/vs/workbench/workbench.desktop.main.js:1803:7)
    at async Object.factory (file:///snap/code/52/usr/share/code/resources/app/out/vs/workbench/workbench.desktop.main.js:5847:495)
[2021-01-24 18:40:32.517] [renderer1] [error] Error: Unable to write file 'vscode-userdata:/home/dias/projetos/ESTUDAPORRA/~/.vscode-root/Backups/2b637956a5fd70ab339478e19b6fbb94/file/5555fe470c70a69cc065c4cad9a25362' (NoPermissions (FileSystemError): Error: EACCES: permission denied, open '/home/dias/projetos/ESTUDAPORRA/~/.vscode-root/Backups/2b637956a5fd70ab339478e19b6fbb94/file/5555fe470c70a69cc065c4cad9a25362')
    at _.writeFile (file:///snap/code/52/usr/share/code/resources/app/out/vs/workbench/workbench.desktop.main.js:1803:7)
    at async Object.factory (file:///snap/code/52/usr/share/code/resources/app/out/vs/workbench/workbench.desktop.main.js:5847:495)
[2021-01-24 18:40:35.618] [renderer1] [error] Error: Unable to write file 'vscode-userdata:/home/dias/projetos/ESTUDAPORRA/~/.vscode-root/Backups/2b637956a5fd70ab339478e19b6fbb94/file/5555fe470c70a69cc065c4cad9a25362' (NoPermissions (FileSystemError): Error: EACCES: permission denied, open '/home/dias/projetos/ESTUDAPORRA/~/.vscode-root/Backups/2b637956a5fd70ab339478e19b6fbb94/file/5555fe470c70a69cc065c4cad9a25362')
    at _.writeFile (file:///snap/code/52/usr/share/code/resources/app/out/vs/workbench/workbench.desktop.main.js:1803:7)
    at async Object.factory (file:///snap/code/52/usr/share/code/resources/app/out/vs/workbench/workbench.desktop.main.js:5847:495)
[2021-01-24 18:40:41.792] [renderer1] [error] Error: Unable to write file 'vscode-userdata:/home/dias/projetos/ESTUDAPORRA/~/.vscode-root/Backups/2b637956a5fd70ab339478e19b6fbb94/file/5555fe470c70a69cc065c4cad9a25362' (NoPermissions (FileSystemError): Error: EACCES: permission denied, open '/home/dias/projetos/ESTUDAPORRA/~/.vscode-root/Backups/2b637956a5fd70ab339478e19b6fbb94/file/5555fe470c70a69cc065c4cad9a25362')
    at _.writeFile (file:///snap/code/52/usr/share/code/resources/app/out/vs/workbench/workbench.desktop.main.js:1803:7)
    at async Object.factory (file:///snap/code/52/usr/share/code/resources/app/out/vs/workbench/workbench.desktop.main.js:5847:495)
[2021-01-24 18:40:52.823] [renderer1] [error] Error: Unable to write file 'vscode-userdata:/home/dias/projetos/ESTUDAPORRA/~/.vscode-root/Backups/2b637956a5fd70ab339478e19b6fbb94/file/5555fe470c70a69cc065c4cad9a25362' (NoPermissions (FileSystemError): Error: EACCES: permission denied, open '/home/dias/projetos/ESTUDAPORRA/~/.vscode-root/Backups/2b637956a5fd70ab339478e19b6fbb94/file/5555fe470c70a69cc065c4cad9a25362')
    at _.writeFile (file:///snap/code/52/usr/share/code/resources/app/out/vs/workbench/workbench.desktop.main.js:1803:7)
    at async Object.factory (file:///snap/code/52/usr/share/code/resources/app/out/vs/workbench/workbench.desktop.main.js:5847:495)
[2021-01-24 18:41:26.673] [renderer1] [error] Error: Unable to write file 'vscode-userdata:/home/dias/projetos/ESTUDAPORRA/~/.vscode-root/Backups/2b637956a5fd70ab339478e19b6fbb94/file/5555fe470c70a69cc065c4cad9a25362' (NoPermissions (FileSystemError): Error: EACCES: permission denied, open '/home/dias/projetos/ESTUDAPORRA/~/.vscode-root/Backups/2b637956a5fd70ab339478e19b6fbb94/file/5555fe470c70a69cc065c4cad9a25362')
    at _.writeFile (file:///snap/code/52/usr/share/code/resources/app/out/vs/workbench/workbench.desktop.main.js:1803:7)
    at async Object.factory (file:///snap/code/52/usr/share/code/resources/app/out/vs/workbench/workbench.desktop.main.js:5847:495)
[2021-01-24 18:41:30.407] [renderer1] [error] Error: Unable to write file 'vscode-userdata:/home/dias/projetos/ESTUDAPORRA/~/.vscode-root/Backups/2b637956a5fd70ab339478e19b6fbb94/file/5555fe470c70a69cc065c4cad9a25362' (NoPermissions (FileSystemError): Error: EACCES: permission denied, open '/home/dias/projetos/ESTUDAPORRA/~/.vscode-root/Backups/2b637956a5fd70ab339478e19b6fbb94/file/5555fe470c70a69cc065c4cad9a25362')
    at _.writeFile (file:///snap/code/52/usr/share/code/resources/app/out/vs/workbench/workbench.desktop.main.js:1803:7)
    at async Object.factory (file:///snap/code/52/usr/share/code/resources/app/out/vs/workbench/workbench.desktop.main.js:5847:495)
[2021-01-24 18:41:42.877] [renderer1] [error] [text file model] handleSaveError(470) - exit - resulted in a save error: Error: Unable to write file '/home/dias/projetos/ESTUDAPORRA/resources/views/admin/stores/edit.blade.php' (NoPermissions (FileSystemError): Error: EACCES: permission denied, open '/home/dias/projetos/ESTUDAPORRA/resources/views/admin/stores/edit.blade.php') file:///home/dias/projetos/ESTUDAPORRA/resources/views/admin/stores/edit.blade.php
[2021-01-24 18:41:42.916] [renderer1] [error] [text file model] handleSaveError(19) - exit - resulted in a save error: Error: Unable to write file '/home/dias/projetos/ESTUDAPORRA/resources/views/admin/stores/create.blade.php' (NoPermissions (FileSystemError): Error: EACCES: permission denied, open '/home/dias/projetos/ESTUDAPORRA/resources/views/admin/stores/create.blade.php') file:///home/dias/projetos/ESTUDAPORRA/resources/views/admin/stores/create.blade.php
[2021-01-24 18:43:10.416] [renderer1] [error] Error: Unable to write file 'vscode-userdata:/home/dias/projetos/ESTUDAPORRA/~/.vscode-root/Backups/2b637956a5fd70ab339478e19b6fbb94/file/5555fe470c70a69cc065c4cad9a25362' (NoPermissions (FileSystemError): Error: EACCES: permission denied, open '/home/dias/projetos/ESTUDAPORRA/~/.vscode-root/Backups/2b637956a5fd70ab339478e19b6fbb94/file/5555fe470c70a69cc065c4cad9a25362')
    at _.writeFile (file:///snap/code/52/usr/share/code/resources/app/out/vs/workbench/workbench.desktop.main.js:1803:7)
    at async Object.factory (file:///snap/code/52/usr/share/code/resources/app/out/vs/workbench/workbench.desktop.main.js:5847:495)
[2021-01-24 18:43:12.170] [renderer1] [error] Error: Unable to write file 'vscode-userdata:/home/dias/projetos/ESTUDAPORRA/~/.vscode-root/Backups/2b637956a5fd70ab339478e19b6fbb94/file/5555fe470c70a69cc065c4cad9a25362' (NoPermissions (FileSystemError): Error: EACCES: permission denied, open '/home/dias/projetos/ESTUDAPORRA/~/.vscode-root/Backups/2b637956a5fd70ab339478e19b6fbb94/file/5555fe470c70a69cc065c4cad9a25362')
    at _.writeFile (file:///snap/code/52/usr/share/code/resources/app/out/vs/workbench/workbench.desktop.main.js:1803:7)
    at async Object.factory (file:///snap/code/52/usr/share/code/resources/app/out/vs/workbench/workbench.desktop.main.js:5847:495)
[2021-01-24 18:43:15.216] [renderer1] [error] Error: Unable to write file 'vscode-userdata:/home/dias/projetos/ESTUDAPORRA/~/.vscode-root/Backups/2b637956a5fd70ab339478e19b6fbb94/file/5555fe470c70a69cc065c4cad9a25362' (NoPermissions (FileSystemError): Error: EACCES: permission denied, open '/home/dias/projetos/ESTUDAPORRA/~/.vscode-root/Backups/2b637956a5fd70ab339478e19b6fbb94/file/5555fe470c70a69cc065c4cad9a25362')
    at _.writeFile (file:///snap/code/52/usr/share/code/resources/app/out/vs/workbench/workbench.desktop.main.js:1803:7)
    at async Object.factory (file:///snap/code/52/usr/share/code/resources/app/out/vs/workbench/workbench.desktop.main.js:5847:495)
[2021-01-24 18:43:17.814] [renderer1] [error] Error: Unable to write file 'vscode-userdata:/home/dias/projetos/ESTUDAPORRA/~/.vscode-root/Backups/2b637956a5fd70ab339478e19b6fbb94/file/5555fe470c70a69cc065c4cad9a25362' (NoPermissions (FileSystemError): Error: EACCES: permission denied, open '/home/dias/projetos/ESTUDAPORRA/~/.vscode-root/Backups/2b637956a5fd70ab339478e19b6fbb94/file/5555fe470c70a69cc065c4cad9a25362')
    at _.writeFile (file:///snap/code/52/usr/share/code/resources/app/out/vs/workbench/workbench.desktop.main.js:1803:7)
    at async Object.factory (file:///snap/code/52/usr/share/code/resources/app/out/vs/workbench/workbench.desktop.main.js:5847:495)
[2021-01-24 18:43:19.912] [renderer1] [error] Error: Unable to write file 'vscode-userdata:/home/dias/projetos/ESTUDAPORRA/~/.vscode-root/Backups/2b637956a5fd70ab339478e19b6fbb94/file/5555fe470c70a69cc065c4cad9a25362' (NoPermissions (FileSystemError): Error: EACCES: permission denied, open '/home/dias/projetos/ESTUDAPORRA/~/.vscode-root/Backups/2b637956a5fd70ab339478e19b6fbb94/file/5555fe470c70a69cc065c4cad9a25362')
    at _.writeFile (file:///snap/code/52/usr/share/code/resources/app/out/vs/workbench/workbench.desktop.main.js:1803:7)
    at async Object.factory (file:///snap/code/52/usr/share/code/resources/app/out/vs/workbench/workbench.desktop.main.js:5847:495)
[2021-01-24 18:43:21.110] [renderer1] [error] [text file model] handleSaveError(499) - exit - resulted in a save error: Error: Unable to write file '/home/dias/projetos/ESTUDAPORRA/resources/views/admin/stores/edit.blade.php' (NoPermissions (FileSystemError): Error: EACCES: permission denied, open '/home/dias/projetos/ESTUDAPORRA/resources/views/admin/stores/edit.blade.php') file:///home/dias/projetos/ESTUDAPORRA/resources/views/admin/stores/edit.blade.php
[2021-01-24 18:45:16.630] [renderer1] [error] Error: Unable to write file 'vscode-userdata:/home/dias/projetos/ESTUDAPORRA/~/.vscode-root/Backups/2b637956a5fd70ab339478e19b6fbb94/file/f2b4e4c142ad61a9e5b52d23525dc661' (NoPermissions (FileSystemError): Error: EACCES: permission denied, open '/home/dias/projetos/ESTUDAPORRA/~/.vscode-root/Backups/2b637956a5fd70ab339478e19b6fbb94/file/f2b4e4c142ad61a9e5b52d23525dc661')
    at _.writeFile (file:///snap/code/52/usr/share/code/resources/app/out/vs/workbench/workbench.desktop.main.js:1803:7)
    at async Object.factory (file:///snap/code/52/usr/share/code/resources/app/out/vs/workbench/workbench.desktop.main.js:5847:495)
[2021-01-24 18:45:17.890] [renderer1] [error] Error: Unable to write file 'vscode-userdata:/home/dias/projetos/ESTUDAPORRA/~/.vscode-root/Backups/2b637956a5fd70ab339478e19b6fbb94/file/f2b4e4c142ad61a9e5b52d23525dc661' (NoPermissions (FileSystemError): Error: EACCES: permission denied, open '/home/dias/projetos/ESTUDAPORRA/~/.vscode-root/Backups/2b637956a5fd70ab339478e19b6fbb94/file/f2b4e4c142ad61a9e5b52d23525dc661')
    at _.writeFile (file:///snap/code/52/usr/share/code/resources/app/out/vs/workbench/workbench.desktop.main.js:1803:7)
    at async Object.factory (file:///snap/code/52/usr/share/code/resources/app/out/vs/workbench/workbench.desktop.main.js:5847:495)
[2021-01-24 18:45:20.735] [renderer1] [error] [text file model] handleSaveError(21) - exit - resulted in a save error: Error: Unable to write file '/home/dias/projetos/ESTUDAPORRA/resources/views/admin/stores/create.blade.php' (NoPermissions (FileSystemError): Error: EACCES: permission denied, open '/home/dias/projetos/ESTUDAPORRA/resources/views/admin/stores/create.blade.php') file:///home/dias/projetos/ESTUDAPORRA/resources/views/admin/stores/create.blade.php
[2021-01-24 18:46:46.114] [renderer1] [error] Error: Unable to write file 'vscode-userdata:/home/dias/projetos/ESTUDAPORRA/~/.vscode-root/Backups/2b637956a5fd70ab339478e19b6fbb94/file/ffabee941d7640965ffbb95688972d4c' (NoPermissions (FileSystemError): Error: EACCES: permission denied, open '/home/dias/projetos/ESTUDAPORRA/~/.vscode-root/Backups/2b637956a5fd70ab339478e19b6fbb94/file/ffabee941d7640965ffbb95688972d4c')
    at _.writeFile (file:///snap/code/52/usr/share/code/resources/app/out/vs/workbench/workbench.desktop.main.js:1803:7)
    at async Object.factory (file:///snap/code/52/usr/share/code/resources/app/out/vs/workbench/workbench.desktop.main.js:5847:495)
[2021-01-24 18:46:48.920] [renderer1] [error] Error: Unable to write file 'vscode-userdata:/home/dias/projetos/ESTUDAPORRA/~/.vscode-root/Backups/2b637956a5fd70ab339478e19b6fbb94/file/ffabee941d7640965ffbb95688972d4c' (NoPermissions (FileSystemError): Error: EACCES: permission denied, open '/home/dias/projetos/ESTUDAPORRA/~/.vscode-root/Backups/2b637956a5fd70ab339478e19b6fbb94/file/ffabee941d7640965ffbb95688972d4c')
    at _.writeFile (file:///snap/code/52/usr/share/code/resources/app/out/vs/workbench/workbench.desktop.main.js:1803:7)
    at async Object.factory (file:///snap/code/52/usr/share/code/resources/app/out/vs/workbench/workbench.desktop.main.js:5847:495)
[2021-01-24 18:47:03.960] [renderer1] [error] Error: Unable to write file 'vscode-userdata:/home/dias/projetos/ESTUDAPORRA/~/.vscode-root/Backups/2b637956a5fd70ab339478e19b6fbb94/file/ffabee941d7640965ffbb95688972d4c' (NoPermissions (FileSystemError): Error: EACCES: permission denied, open '/home/dias/projetos/ESTUDAPORRA/~/.vscode-root/Backups/2b637956a5fd70ab339478e19b6fbb94/file/ffabee941d7640965ffbb95688972d4c')
    at _.writeFile (file:///snap/code/52/usr/share/code/resources/app/out/vs/workbench/workbench.desktop.main.js:1803:7)
    at async Object.factory (file:///snap/code/52/usr/share/code/resources/app/out/vs/workbench/workbench.desktop.main.js:5847:495)
[2021-01-24 18:47:09.494] [renderer1] [error] Error: Unable to write file 'vscode-userdata:/home/dias/projetos/ESTUDAPORRA/~/.vscode-root/Backups/2b637956a5fd70ab339478e19b6fbb94/file/ffabee941d7640965ffbb95688972d4c' (NoPermissions (FileSystemError): Error: EACCES: permission denied, open '/home/dias/projetos/ESTUDAPORRA/~/.vscode-root/Backups/2b637956a5fd70ab339478e19b6fbb94/file/ffabee941d7640965ffbb95688972d4c')
    at _.writeFile (file:///snap/code/52/usr/share/code/resources/app/out/vs/workbench/workbench.desktop.main.js:1803:7)
    at async Object.factory (file:///snap/code/52/usr/share/code/resources/app/out/vs/workbench/workbench.desktop.main.js:5847:495)
[2021-01-24 18:47:10.660] [renderer1] [error] Error: Unable to write file 'vscode-userdata:/home/dias/projetos/ESTUDAPORRA/~/.vscode-root/Backups/2b637956a5fd70ab339478e19b6fbb94/file/ffabee941d7640965ffbb95688972d4c' (NoPermissions (FileSystemError): Error: EACCES: permission denied, open '/home/dias/projetos/ESTUDAPORRA/~/.vscode-root/Backups/2b637956a5fd70ab339478e19b6fbb94/file/ffabee941d7640965ffbb95688972d4c')
    at _.writeFile (file:///snap/code/52/usr/share/code/resources/app/out/vs/workbench/workbench.desktop.main.js:1803:7)
    at async Object.factory (file:///snap/code/52/usr/share/code/resources/app/out/vs/workbench/workbench.desktop.main.js:5847:495)
[2021-01-24 18:47:20.216] [renderer1] [error] [text file model] handleSaveError(9) - exit - resulted in a save error: Error: Unable to write file '/home/dias/projetos/ESTUDAPORRA/app/Http/Controllers/Admin/ProductController.php' (NoPermissions (FileSystemError): Error: EACCES: permission denied, open '/home/dias/projetos/ESTUDAPORRA/app/Http/Controllers/Admin/ProductController.php') file:///home/dias/projetos/ESTUDAPORRA/app/Http/Controllers/Admin/ProductController.php
[2021-01-24 18:47:50.519] [renderer1] [error] NoPermissions (FileSystemError): Error: EACCES: permission denied, mkdir '/home/dias/projetos/ESTUDAPORRA/app/Traits'
    at Object.h [as createFileSystemProviderError] (file:///snap/code/52/usr/share/code/resources/app/out/vs/workbench/workbench.desktop.main.js:1749:87)
    at r.toFileSystemProviderError (file:///snap/code/52/usr/share/code/resources/app/out/vs/workbench/workbench.desktop.main.js:1823:421)
    at r.mkdir (file:///snap/code/52/usr/share/code/resources/app/out/vs/workbench/workbench.desktop.main.js:1819:527)
    at async _.mkdirp (file:///snap/code/52/usr/share/code/resources/app/out/vs/workbench/workbench.desktop.main.js:1810:481)
    at async _.createFolder (file:///snap/code/52/usr/share/code/resources/app/out/vs/workbench/workbench.desktop.main.js:1809:928)
    at async p.doCreateFileOrFolder (file:///snap/code/52/usr/share/code/resources/app/out/vs/workbench/workbench.desktop.main.js:6782:172)
    at async m.perform (file:///snap/code/52/usr/share/code/resources/app/out/vs/workbench/workbench.desktop.main.js:6814:141)
    at async S.apply (file:///snap/code/52/usr/share/code/resources/app/out/vs/workbench/workbench.desktop.main.js:6817:420)
    at async b._performFileEdits (file:///snap/code/52/usr/share/code/resources/app/out/vs/workbench/workbench.desktop.main.js:6819:577)
    at async b.perform (file:///snap/code/52/usr/share/code/resources/app/out/vs/workbench/workbench.desktop.main.js:6819:36)
    at async _.apply (file:///snap/code/52/usr/share/code/resources/app/out/vs/workbench/workbench.desktop.main.js:6821:332)
    at async file:///snap/code/52/usr/share/code/resources/app/out/vs/workbench/workbench.desktop.main.js:6139:737
[2021-01-24 18:47:50.801] [renderer1] [error] Error: EACCES: permission denied, mkdir '/home/dias/projetos/ESTUDAPORRA/app/Traits': NoPermissions (FileSystemError): Error: EACCES: permission denied, mkdir '/home/dias/projetos/ESTUDAPORRA/app/Traits'
    at Object.h [as createFileSystemProviderError] (file:///snap/code/52/usr/share/code/resources/app/out/vs/workbench/workbench.desktop.main.js:1749:87)
    at r.toFileSystemProviderError (file:///snap/code/52/usr/share/code/resources/app/out/vs/workbench/workbench.desktop.main.js:1823:421)
    at r.mkdir (file:///snap/code/52/usr/share/code/resources/app/out/vs/workbench/workbench.desktop.main.js:1819:527)
    at async _.mkdirp (file:///snap/code/52/usr/share/code/resources/app/out/vs/workbench/workbench.desktop.main.js:1810:481)
    at async _.createFolder (file:///snap/code/52/usr/share/code/resources/app/out/vs/workbench/workbench.desktop.main.js:1809:928)
    at async p.doCreateFileOrFolder (file:///snap/code/52/usr/share/code/resources/app/out/vs/workbench/workbench.desktop.main.js:6782:172)
    at async m.perform (file:///snap/code/52/usr/share/code/resources/app/out/vs/workbench/workbench.desktop.main.js:6814:141)
    at async S.apply (file:///snap/code/52/usr/share/code/resources/app/out/vs/workbench/workbench.desktop.main.js:6817:420)
    at async b._performFileEdits (file:///snap/code/52/usr/share/code/resources/app/out/vs/workbench/workbench.desktop.main.js:6819:577)
    at async b.perform (file:///snap/code/52/usr/share/code/resources/app/out/vs/workbench/workbench.desktop.main.js:6819:36)
    at async _.apply (file:///snap/code/52/usr/share/code/resources/app/out/vs/workbench/workbench.desktop.main.js:6821:332)
    at async file:///snap/code/52/usr/share/code/resources/app/out/vs/workbench/workbench.desktop.main.js:6139:737
[2021-01-24 18:47:55.579] [renderer1] [error] NoPermissions (FileSystemError): Error: EACCES: permission denied, mkdir '/home/dias/projetos/ESTUDAPORRA/app/Traits'
    at Object.h [as createFileSystemProviderError] (file:///snap/code/52/usr/share/code/resources/app/out/vs/workbench/workbench.desktop.main.js:1749:87)
    at r.toFileSystemProviderError (file:///snap/code/52/usr/share/code/resources/app/out/vs/workbench/workbench.desktop.main.js:1823:421)
    at r.mkdir (file:///snap/code/52/usr/share/code/resources/app/out/vs/workbench/workbench.desktop.main.js:1819:527)
    at async _.mkdirp (file:///snap/code/52/usr/share/code/resources/app/out/vs/workbench/workbench.desktop.main.js:1810:481)
    at async _.createFolder (file:///snap/code/52/usr/share/code/resources/app/out/vs/workbench/workbench.desktop.main.js:1809:928)
    at async p.doCreateFileOrFolder (file:///snap/code/52/usr/share/code/resources/app/out/vs/workbench/workbench.desktop.main.js:6782:172)
    at async m.perform (file:///snap/code/52/usr/share/code/resources/app/out/vs/workbench/workbench.desktop.main.js:6814:141)
    at async S.apply (file:///snap/code/52/usr/share/code/resources/app/out/vs/workbench/workbench.desktop.main.js:6817:420)
    at async b._performFileEdits (file:///snap/code/52/usr/share/code/resources/app/out/vs/workbench/workbench.desktop.main.js:6819:577)
    at async b.perform (file:///snap/code/52/usr/share/code/resources/app/out/vs/workbench/workbench.desktop.main.js:6819:36)
    at async _.apply (file:///snap/code/52/usr/share/code/resources/app/out/vs/workbench/workbench.desktop.main.js:6821:332)
    at async file:///snap/code/52/usr/share/code/resources/app/out/vs/workbench/workbench.desktop.main.js:6139:737
[2021-01-24 18:47:55.585] [renderer1] [error] Error: EACCES: permission denied, mkdir '/home/dias/projetos/ESTUDAPORRA/app/Traits': NoPermissions (FileSystemError): Error: EACCES: permission denied, mkdir '/home/dias/projetos/ESTUDAPORRA/app/Traits'
    at Object.h [as createFileSystemProviderError] (file:///snap/code/52/usr/share/code/resources/app/out/vs/workbench/workbench.desktop.main.js:1749:87)
    at r.toFileSystemProviderError (file:///snap/code/52/usr/share/code/resources/app/out/vs/workbench/workbench.desktop.main.js:1823:421)
    at r.mkdir (file:///snap/code/52/usr/share/code/resources/app/out/vs/workbench/workbench.desktop.main.js:1819:527)
    at async _.mkdirp (file:///snap/code/52/usr/share/code/resources/app/out/vs/workbench/workbench.desktop.main.js:1810:481)
    at async _.createFolder (file:///snap/code/52/usr/share/code/resources/app/out/vs/workbench/workbench.desktop.main.js:1809:928)
    at async p.doCreateFileOrFolder (file:///snap/code/52/usr/share/code/resources/app/out/vs/workbench/workbench.desktop.main.js:6782:172)
    at async m.perform (file:///snap/code/52/usr/share/code/resources/app/out/vs/workbench/workbench.desktop.main.js:6814:141)
    at async S.apply (file:///snap/code/52/usr/share/code/resources/app/out/vs/workbench/workbench.desktop.main.js:6817:420)
    at async b._performFileEdits (file:///snap/code/52/usr/share/code/resources/app/out/vs/workbench/workbench.desktop.main.js:6819:577)
    at async b.perform (file:///snap/code/52/usr/share/code/resources/app/out/vs/workbench/workbench.desktop.main.js:6819:36)
    at async _.apply (file:///snap/code/52/usr/share/code/resources/app/out/vs/workbench/workbench.desktop.main.js:6821:332)
    at async file:///snap/code/52/usr/share/code/resources/app/out/vs/workbench/workbench.desktop.main.js:6139:737
[2021-01-24 18:47:59.907] [renderer1] [error] Error: Unable to write file 'vscode-userdata:/home/dias/projetos/ESTUDAPORRA/~/.vscode-root/Backups/2b637956a5fd70ab339478e19b6fbb94/file/ffabee941d7640965ffbb95688972d4c' (NoPermissions (FileSystemError): Error: EACCES: permission denied, open '/home/dias/projetos/ESTUDAPORRA/~/.vscode-root/Backups/2b637956a5fd70ab339478e19b6fbb94/file/ffabee941d7640965ffbb95688972d4c')
    at _.writeFile (file:///snap/code/52/usr/share/code/resources/app/out/vs/workbench/workbench.desktop.main.js:1803:7)
    at async Object.factory (file:///snap/code/52/usr/share/code/resources/app/out/vs/workbench/workbench.desktop.main.js:5847:495)
[2021-01-24 18:48:01.703] [renderer1] [error] [text file model] handleSaveError(10) - exit - resulted in a save error: Error: Unable to write file '/home/dias/projetos/ESTUDAPORRA/app/Http/Controllers/Admin/ProductController.php' (NoPermissions (FileSystemError): Error: EACCES: permission denied, open '/home/dias/projetos/ESTUDAPORRA/app/Http/Controllers/Admin/ProductController.php') file:///home/dias/projetos/ESTUDAPORRA/app/Http/Controllers/Admin/ProductController.php
[2021-01-24 18:48:13.225] [renderer1] [error] [backup tracker] error discarding backups: NoPermissions (FileSystemError): Error: EACCES: permission denied, rmdir '/home/dias/projetos/ESTUDAPORRA/~/.vscode-root/Backups/2b637956a5fd70ab339478e19b6fbb94/file'
[2021-01-24 18:48:13.258] [renderer1] [error] A system error occurred (EACCES: permission denied, unlink '/home/dias/projetos/ESTUDAPORRA/~/.vscode-root/User/workspaceStorage/17e6d6afa417f976cf5f85256d0ffa99/state.vscdb'): Error: EACCES: permission denied, unlink '/home/dias/projetos/ESTUDAPORRA/~/.vscode-root/User/workspaceStorage/17e6d6afa417f976cf5f85256d0ffa99/state.vscdb'
