Looking for git in: git
Using git 2.25.1 from git
> git rev-parse --git-dir
Open repository: /home/dias/projetos/ESTUDAPORRA
> git status -z -u
> git symbolic-ref --short HEAD
> git rev-parse master
> git rev-parse --symbolic-full-name master@{u}
> git rev-list --left-right master...refs/remotes/origin/master
> git for-each-ref --sort -committerdate --format %(refname) %(objectname) %(*objectname)
> git remote --verbose
> git config --get commit.template
> git check-ignore -v -z --stdin
> git check-ignore -v -z --stdin
> git check-ignore -v -z --stdin
> git check-ignore -v -z --stdin
> git check-ignore -v -z --stdin
> git check-ignore -v -z --stdin
> git check-ignore -v -z --stdin
> git status -z -u
> git symbolic-ref --short HEAD
> git rev-parse master
> git rev-parse --symbolic-full-name master@{u}
> git rev-list --left-right master...refs/remotes/origin/master
> git for-each-ref --sort -committerdate --format %(refname) %(objectname) %(*objectname)
> git remote --verbose
> git config --get commit.template
> git check-ignore -v -z --stdin
> git check-ignore -v -z --stdin
> git check-ignore -v -z --stdin
> git status -z -u
> git symbolic-ref --short HEAD
> git rev-parse master
> git rev-parse --symbolic-full-name master@{u}
> git rev-list --left-right master...refs/remotes/origin/master
> git for-each-ref --sort -committerdate --format %(refname) %(objectname) %(*objectname)
> git remote --verbose
> git config --get commit.template
> git check-ignore -v -z --stdin
> git check-ignore -v -z --stdin
> git check-ignore -v -z --stdin
> git show --textconv :app/Http/Controllers/Admin/StoreController.php
> git ls-files --stage -- /home/dias/projetos/ESTUDAPORRA/app/Http/Controllers/Admin/StoreController.php
> git cat-file -s f4a31f836e1cea1896f326f9e0212d2db614c641
> git status -z -u
> git symbolic-ref --short HEAD
> git rev-parse master
> git rev-parse --symbolic-full-name master@{u}
> git rev-list --left-right master...refs/remotes/origin/master
> git for-each-ref --sort -committerdate --format %(refname) %(objectname) %(*objectname)
> git remote --verbose
> git config --get commit.template
> git check-ignore -v -z --stdin
> git check-ignore -v -z --stdin
> git status -z -u
> git symbolic-ref --short HEAD
> git rev-parse master
> git rev-parse --symbolic-full-name master@{u}
> git rev-list --left-right master...refs/remotes/origin/master
> git for-each-ref --sort -committerdate --format %(refname) %(objectname) %(*objectname)
> git remote --verbose
> git config --get commit.template
> git check-ignore -v -z --stdin
> git check-ignore -v -z --stdin
> git check-ignore -v -z --stdin
> git show --textconv :resources/views/admin/stores/edit.blade.php
> git ls-files --stage -- /home/dias/projetos/ESTUDAPORRA/resources/views/admin/stores/edit.blade.php
> git cat-file -s f3e88eeac9f780794cd1e3e47b1285b84703f6c3
> git status -z -u
> git symbolic-ref --short HEAD
> git rev-parse master
> git rev-parse --symbolic-full-name master@{u}
> git rev-list --left-right master...refs/remotes/origin/master
> git for-each-ref --sort -committerdate --format %(refname) %(objectname) %(*objectname)
> git remote --verbose
> git config --get commit.template
> git status -z -u
> git symbolic-ref --short HEAD
> git rev-parse master
> git rev-parse --symbolic-full-name master@{u}
> git rev-list --left-right master...refs/remotes/origin/master
> git for-each-ref --sort -committerdate --format %(refname) %(objectname) %(*objectname)
> git remote --verbose
> git config --get commit.template
> git status -z -u
> git symbolic-ref --short HEAD
> git rev-parse master
> git rev-parse --symbolic-full-name master@{u}
> git rev-list --left-right master...refs/remotes/origin/master
> git for-each-ref --sort -committerdate --format %(refname) %(objectname) %(*objectname)
> git remote --verbose
> git config --get commit.template
> git status -z -u
> git symbolic-ref --short HEAD
> git rev-parse master
> git rev-parse --symbolic-full-name master@{u}
> git rev-list --left-right master...refs/remotes/origin/master
> git for-each-ref --sort -committerdate --format %(refname) %(objectname) %(*objectname)
> git remote --verbose
> git config --get commit.template
> git show --textconv :app/Http/Controllers/Admin/ProductController.php
> git ls-files --stage -- /home/dias/projetos/ESTUDAPORRA/app/Http/Controllers/Admin/ProductController.php
> git cat-file -s d51fe24d5ac781e93e30c39fd5d135674049d09a
> git status -z -u
> git symbolic-ref --short HEAD
> git rev-parse master
> git rev-parse --symbolic-full-name master@{u}
> git rev-list --left-right master...refs/remotes/origin/master
> git for-each-ref --sort -committerdate --format %(refname) %(objectname) %(*objectname)
> git remote --verbose
> git config --get commit.template
> git status -z -u
> git symbolic-ref --short HEAD
> git rev-parse master
> git rev-parse --symbolic-full-name master@{u}
> git rev-list --left-right master...refs/remotes/origin/master
> git for-each-ref --sort -committerdate --format %(refname) %(objectname) %(*objectname)
> git remote --verbose
> git config --get commit.template
> git show --textconv :resources/views/admin/stores/create.blade.php
> git ls-files --stage -- /home/dias/projetos/ESTUDAPORRA/resources/views/admin/stores/create.blade.php
> git cat-file -s 3fab7986c08ca33ff2437ffe786a16522cc43e40
> git show --textconv :resources/views/admin/stores/edit.blade.php
> git ls-files --stage -- /home/dias/projetos/ESTUDAPORRA/resources/views/admin/stores/edit.blade.php
> git cat-file -s f3e88eeac9f780794cd1e3e47b1285b84703f6c3
> git show --textconv :resources/views/admin/stores/create.blade.php
> git ls-files --stage -- /home/dias/projetos/ESTUDAPORRA/resources/views/admin/stores/create.blade.php
> git cat-file -s 3fab7986c08ca33ff2437ffe786a16522cc43e40
> git show --textconv :resources/views/admin/stores/edit.blade.php
> git ls-files --stage -- /home/dias/projetos/ESTUDAPORRA/resources/views/admin/stores/edit.blade.php
> git cat-file -s f3e88eeac9f780794cd1e3e47b1285b84703f6c3
> git show --textconv :resources/views/admin/stores/create.blade.php
> git ls-files --stage -- /home/dias/projetos/ESTUDAPORRA/resources/views/admin/stores/create.blade.php
> git cat-file -s 3fab7986c08ca33ff2437ffe786a16522cc43e40
> git show --textconv :resources/views/admin/stores/edit.blade.php
> git ls-files --stage -- /home/dias/projetos/ESTUDAPORRA/resources/views/admin/stores/edit.blade.php
> git cat-file -s f3e88eeac9f780794cd1e3e47b1285b84703f6c3
> git show --textconv :resources/views/admin/stores/create.blade.php
> git ls-files --stage -- /home/dias/projetos/ESTUDAPORRA/resources/views/admin/stores/create.blade.php
> git cat-file -s 3fab7986c08ca33ff2437ffe786a16522cc43e40
> git show --textconv :resources/views/admin/stores/edit.blade.php
> git ls-files --stage -- /home/dias/projetos/ESTUDAPORRA/resources/views/admin/stores/edit.blade.php
> git cat-file -s f3e88eeac9f780794cd1e3e47b1285b84703f6c3
> git check-ignore -v -z --stdin
> git show --textconv :resources/views/admin/products/create.blade.php
> git ls-files --stage -- /home/dias/projetos/ESTUDAPORRA/resources/views/admin/products/create.blade.php
> git cat-file -s bd1ec060d7c0e3fb6031f99c634a8f3870718318
> git show --textconv :resources/views/admin/stores/edit.blade.php
> git ls-files --stage -- /home/dias/projetos/ESTUDAPORRA/resources/views/admin/stores/edit.blade.php
> git cat-file -s f3e88eeac9f780794cd1e3e47b1285b84703f6c3
> git show --textconv :resources/views/admin/products/create.blade.php
> git ls-files --stage -- /home/dias/projetos/ESTUDAPORRA/resources/views/admin/products/create.blade.php
> git cat-file -s bd1ec060d7c0e3fb6031f99c634a8f3870718318
> git show --textconv :resources/views/admin/stores/edit.blade.php
> git ls-files --stage -- /home/dias/projetos/ESTUDAPORRA/resources/views/admin/stores/edit.blade.php
> git cat-file -s f3e88eeac9f780794cd1e3e47b1285b84703f6c3
> git show --textconv :resources/views/admin/stores/create.blade.php
> git ls-files --stage -- /home/dias/projetos/ESTUDAPORRA/resources/views/admin/stores/create.blade.php
> git cat-file -s 3fab7986c08ca33ff2437ffe786a16522cc43e40
> git show --textconv :resources/views/admin/stores/edit.blade.php
> git ls-files --stage -- /home/dias/projetos/ESTUDAPORRA/resources/views/admin/stores/edit.blade.php
> git cat-file -s f3e88eeac9f780794cd1e3e47b1285b84703f6c3
> git show --textconv :resources/views/admin/products/edit.blade.php
> git ls-files --stage -- /home/dias/projetos/ESTUDAPORRA/resources/views/admin/products/edit.blade.php
> git cat-file -s 1c9decdfce119f730386ef946b450159d68a8a37
> git show --textconv :resources/views/admin/stores/edit.blade.php
> git ls-files --stage -- /home/dias/projetos/ESTUDAPORRA/resources/views/admin/stores/edit.blade.php
> git cat-file -s f3e88eeac9f780794cd1e3e47b1285b84703f6c3
> git show --textconv :resources/views/admin/products/edit.blade.php
> git ls-files --stage -- /home/dias/projetos/ESTUDAPORRA/resources/views/admin/products/edit.blade.php
> git cat-file -s 1c9decdfce119f730386ef946b450159d68a8a37
> git show --textconv :resources/views/admin/stores/edit.blade.php
> git ls-files --stage -- /home/dias/projetos/ESTUDAPORRA/resources/views/admin/stores/edit.blade.php
> git cat-file -s f3e88eeac9f780794cd1e3e47b1285b84703f6c3
> git show --textconv :resources/views/admin/products/edit.blade.php
> git ls-files --stage -- /home/dias/projetos/ESTUDAPORRA/resources/views/admin/products/edit.blade.php
> git cat-file -s 1c9decdfce119f730386ef946b450159d68a8a37
> git show --textconv :resources/views/admin/stores/edit.blade.php
> git ls-files --stage -- /home/dias/projetos/ESTUDAPORRA/resources/views/admin/stores/edit.blade.php
> git cat-file -s f3e88eeac9f780794cd1e3e47b1285b84703f6c3
> git show --textconv :resources/views/admin/stores/create.blade.php
> git ls-files --stage -- /home/dias/projetos/ESTUDAPORRA/resources/views/admin/stores/create.blade.php
> git cat-file -s 3fab7986c08ca33ff2437ffe786a16522cc43e40
> git show --textconv :resources/views/admin/stores/edit.blade.php
> git ls-files --stage -- /home/dias/projetos/ESTUDAPORRA/resources/views/admin/stores/edit.blade.php
> git cat-file -s f3e88eeac9f780794cd1e3e47b1285b84703f6c3
> git check-ignore -v -z --stdin
> git show --textconv :resources/views/admin/categories/edit.blade.php
> git ls-files --stage -- /home/dias/projetos/ESTUDAPORRA/resources/views/admin/categories/edit.blade.php
> git cat-file -s 4b41638c9aacd19311132fd36bbb1fd0b18e1e5f
> git show --textconv :resources/views/admin/stores/edit.blade.php
> git ls-files --stage -- /home/dias/projetos/ESTUDAPORRA/resources/views/admin/stores/edit.blade.php
> git cat-file -s f3e88eeac9f780794cd1e3e47b1285b84703f6c3
> git status -z -u
> git symbolic-ref --short HEAD
> git rev-parse master
> git rev-parse --symbolic-full-name master@{u}
> git rev-list --left-right master...refs/remotes/origin/master
> git for-each-ref --sort -committerdate --format %(refname) %(objectname) %(*objectname)
> git remote --verbose
> git config --get commit.template
> git status -z -u
> git symbolic-ref --short HEAD
> git rev-parse master
> git rev-parse --symbolic-full-name master@{u}
> git rev-list --left-right master...refs/remotes/origin/master
> git for-each-ref --sort -committerdate --format %(refname) %(objectname) %(*objectname)
> git remote --verbose
> git config --get commit.template
> git status -z -u
> git symbolic-ref --short HEAD
> git rev-parse master
> git rev-parse --symbolic-full-name master@{u}
> git rev-list --left-right master...refs/remotes/origin/master
> git for-each-ref --sort -committerdate --format %(refname) %(objectname) %(*objectname)
> git remote --verbose
> git config --get commit.template
> git status -z -u
> git symbolic-ref --short HEAD
> git rev-parse master
> git rev-parse --symbolic-full-name master@{u}
> git rev-list --left-right master...refs/remotes/origin/master
> git for-each-ref --sort -committerdate --format %(refname) %(objectname) %(*objectname)
> git remote --verbose
> git config --get commit.template
> git status -z -u
> git symbolic-ref --short HEAD
> git rev-parse master
> git rev-parse --symbolic-full-name master@{u}
> git rev-list --left-right master...refs/remotes/origin/master
> git for-each-ref --sort -committerdate --format %(refname) %(objectname) %(*objectname)
> git remote --verbose
> git config --get commit.template
> git status -z -u
> git symbolic-ref --short HEAD
> git rev-parse master
> git rev-parse --symbolic-full-name master@{u}
> git rev-list --left-right master...refs/remotes/origin/master
> git for-each-ref --sort -committerdate --format %(refname) %(objectname) %(*objectname)
> git remote --verbose
> git config --get commit.template
> git status -z -u
> git symbolic-ref --short HEAD
> git rev-parse master
> git rev-parse --symbolic-full-name master@{u}
> git rev-list --left-right master...refs/remotes/origin/master
> git for-each-ref --sort -committerdate --format %(refname) %(objectname) %(*objectname)
> git remote --verbose
> git config --get commit.template
> git show --textconv :resources/views/admin/stores/create.blade.php
> git ls-files --stage -- /home/dias/projetos/ESTUDAPORRA/resources/views/admin/stores/create.blade.php
> git cat-file -s 3fab7986c08ca33ff2437ffe786a16522cc43e40
> git status -z -u
> git symbolic-ref --short HEAD
> git rev-parse master
> git rev-parse --symbolic-full-name master@{u}
> git rev-list --left-right master...refs/remotes/origin/master
> git for-each-ref --sort -committerdate --format %(refname) %(objectname) %(*objectname)
> git remote --verbose
> git config --get commit.template
> git status -z -u
> git symbolic-ref --short HEAD
> git rev-parse master
> git rev-parse --symbolic-full-name master@{u}
> git rev-list --left-right master...refs/remotes/origin/master
> git for-each-ref --sort -committerdate --format %(refname) %(objectname) %(*objectname)
> git remote --verbose
> git config --get commit.template
> git show --textconv :app/Http/Controllers/Admin/ProductController.php
> git ls-files --stage -- /home/dias/projetos/ESTUDAPORRA/app/Http/Controllers/Admin/ProductController.php
> git cat-file -s d51fe24d5ac781e93e30c39fd5d135674049d09a
> git show --textconv :resources/views/admin/stores/create.blade.php
> git ls-files --stage -- /home/dias/projetos/ESTUDAPORRA/resources/views/admin/stores/create.blade.php
> git cat-file -s 3fab7986c08ca33ff2437ffe786a16522cc43e40
> git show --textconv :app/Http/Controllers/Admin/ProductPhotoController.php
> git ls-files --stage -- /home/dias/projetos/ESTUDAPORRA/app/Http/Controllers/Admin/ProductPhotoController.php
> git cat-file -s 61fe9226e4f2f64a30f12b08a55c8487105a1292
> git show --textconv :app/Http/Controllers/Admin/ProductController.php
> git ls-files --stage -- /home/dias/projetos/ESTUDAPORRA/app/Http/Controllers/Admin/ProductController.php
> git cat-file -s d51fe24d5ac781e93e30c39fd5d135674049d09a
> git status -z -u
> git symbolic-ref --short HEAD
> git rev-parse master
> git rev-parse --symbolic-full-name master@{u}
> git rev-list --left-right master...refs/remotes/origin/master
> git for-each-ref --sort -committerdate --format %(refname) %(objectname) %(*objectname)
> git remote --verbose
> git config --get commit.template
> git status -z -u
> git symbolic-ref --short HEAD
> git rev-parse master
> git rev-parse --symbolic-full-name master@{u}
> git rev-list --left-right master...refs/remotes/origin/master
> git for-each-ref --sort -committerdate --format %(refname) %(objectname) %(*objectname)
> git remote --verbose
> git config --get commit.template
