[2021-01-16 19:35:59.591] [renderer1] [error] [storage state.vscdb] exec(): Error: SQLITE_READONLY: attempt to write a readonly database
[2021-01-16 19:35:59.591] [renderer1] [error] [storage state.vscdb] open(): Unable to open DB due to Error: SQLITE_READONLY: attempt to write a readonly database
[2021-01-16 19:35:59.591] [renderer1] [error] [storage state.vscdb] open(): Unable to use backup due to Error: EACCES: permission denied, unlink '/home/dias/projetos/ESTUDAPORRA/~/.vscode-root/User/workspaceStorage/17e6d6afa417f976cf5f85256d0ffa99/state.vscdb'
[2021-01-16 19:35:59.591] [renderer1] [error] [File Watcher (node.js)] Error: ENOENT: no such file or directory, stat '/home/dias/projetos/ESTUDAPORRA/.vscode'
[2021-01-16 19:36:32.689] [renderer1] [warning] UNRESPONSIVE extension host, 'vscode.git' took 88% of 7040.87ms, saved PROFILE here: '/tmp/exthost-4b6184.cpuprofile' [{"id":"donjayamanne.githistory","total":79945,"percentage":1},{"id":"gc","total":10278,"percentage":0},{"id":"program","total":235743,"percentage":3},{"id":"self","total":523258,"percentage":7},{"id":"vscode.git","total":6189666,"percentage":88},{"id":"vscode.npm","total":225,"percentage":0}]
[2021-01-16 19:38:57.913] [renderer1] [error] Error: Unable to write file 'vscode-userdata:/home/dias/projetos/ESTUDAPORRA/~/.vscode-root/Backups/2b637956a5fd70ab339478e19b6fbb94/file/8416d9e514b3bd0a564d604db60cc64d' (NoPermissions (FileSystemError): Error: EACCES: permission denied, open '/home/dias/projetos/ESTUDAPORRA/~/.vscode-root/Backups/2b637956a5fd70ab339478e19b6fbb94/file/8416d9e514b3bd0a564d604db60cc64d')
    at _.writeFile (file:///snap/code/52/usr/share/code/resources/app/out/vs/workbench/workbench.desktop.main.js:1803:7)
    at async Object.factory (file:///snap/code/52/usr/share/code/resources/app/out/vs/workbench/workbench.desktop.main.js:5847:495)
[2021-01-16 19:39:06.225] [renderer1] [error] Error: Unable to write file 'vscode-userdata:/home/dias/projetos/ESTUDAPORRA/~/.vscode-root/Backups/2b637956a5fd70ab339478e19b6fbb94/file/8416d9e514b3bd0a564d604db60cc64d' (NoPermissions (FileSystemError): Error: EACCES: permission denied, open '/home/dias/projetos/ESTUDAPORRA/~/.vscode-root/Backups/2b637956a5fd70ab339478e19b6fbb94/file/8416d9e514b3bd0a564d604db60cc64d')
    at _.writeFile (file:///snap/code/52/usr/share/code/resources/app/out/vs/workbench/workbench.desktop.main.js:1803:7)
    at async Object.factory (file:///snap/code/52/usr/share/code/resources/app/out/vs/workbench/workbench.desktop.main.js:5847:495)
[2021-01-16 19:39:08.663] [renderer1] [error] Error: Unable to write file 'vscode-userdata:/home/dias/projetos/ESTUDAPORRA/~/.vscode-root/Backups/2b637956a5fd70ab339478e19b6fbb94/file/8416d9e514b3bd0a564d604db60cc64d' (NoPermissions (FileSystemError): Error: EACCES: permission denied, open '/home/dias/projetos/ESTUDAPORRA/~/.vscode-root/Backups/2b637956a5fd70ab339478e19b6fbb94/file/8416d9e514b3bd0a564d604db60cc64d')
    at _.writeFile (file:///snap/code/52/usr/share/code/resources/app/out/vs/workbench/workbench.desktop.main.js:1803:7)
    at async Object.factory (file:///snap/code/52/usr/share/code/resources/app/out/vs/workbench/workbench.desktop.main.js:5847:495)
[2021-01-16 19:39:18.563] [renderer1] [error] [text file model] handleSaveError(10) - exit - resulted in a save error: Error: Unable to write file '/home/dias/projetos/ESTUDAPORRA/resources/views/admin/stores/index.blade.php' (NoPermissions (FileSystemError): Error: EACCES: permission denied, open '/home/dias/projetos/ESTUDAPORRA/resources/views/admin/stores/index.blade.php') file:///home/dias/projetos/ESTUDAPORRA/resources/views/admin/stores/index.blade.php
[2021-01-16 19:39:24.720] [renderer1] [error] [text file model] handleSaveError(10) - exit - resulted in a save error: Error: Unable to write file '/home/dias/projetos/ESTUDAPORRA/resources/views/admin/stores/index.blade.php' (NoPermissions (FileSystemError): Error: EACCES: permission denied, open '/home/dias/projetos/ESTUDAPORRA/resources/views/admin/stores/index.blade.php') file:///home/dias/projetos/ESTUDAPORRA/resources/views/admin/stores/index.blade.php
[2021-01-16 19:39:47.093] [renderer1] [error] Error: Unable to write file 'vscode-userdata:/home/dias/projetos/ESTUDAPORRA/~/.vscode-root/Backups/2b637956a5fd70ab339478e19b6fbb94/file/8416d9e514b3bd0a564d604db60cc64d' (NoPermissions (FileSystemError): Error: EACCES: permission denied, open '/home/dias/projetos/ESTUDAPORRA/~/.vscode-root/Backups/2b637956a5fd70ab339478e19b6fbb94/file/8416d9e514b3bd0a564d604db60cc64d')
    at _.writeFile (file:///snap/code/52/usr/share/code/resources/app/out/vs/workbench/workbench.desktop.main.js:1803:7)
    at async Object.factory (file:///snap/code/52/usr/share/code/resources/app/out/vs/workbench/workbench.desktop.main.js:5847:495)
[2021-01-16 19:39:48.063] [renderer1] [error] [text file model] handleSaveError(11) - exit - resulted in a save error: Error: Unable to write file '/home/dias/projetos/ESTUDAPORRA/resources/views/admin/stores/index.blade.php' (NoPermissions (FileSystemError): Error: EACCES: permission denied, open '/home/dias/projetos/ESTUDAPORRA/resources/views/admin/stores/index.blade.php') file:///home/dias/projetos/ESTUDAPORRA/resources/views/admin/stores/index.blade.php
[2021-01-16 19:40:25.248] [renderer1] [error] [backup tracker] error discarding backups: NoPermissions (FileSystemError): Error: EACCES: permission denied, rmdir '/home/dias/projetos/ESTUDAPORRA/~/.vscode-root/Backups/2b637956a5fd70ab339478e19b6fbb94/file'
[2021-01-16 19:40:25.285] [renderer1] [error] A system error occurred (EACCES: permission denied, unlink '/home/dias/projetos/ESTUDAPORRA/~/.vscode-root/User/workspaceStorage/17e6d6afa417f976cf5f85256d0ffa99/state.vscdb'): Error: EACCES: permission denied, unlink '/home/dias/projetos/ESTUDAPORRA/~/.vscode-root/User/workspaceStorage/17e6d6afa417f976cf5f85256d0ffa99/state.vscdb'
