[2021-01-16 19:40:46.271] [exthost] [info] extension host started
[2021-01-16 19:40:47.967] [exthost] [info] ExtensionService#_doActivateExtension vscode.microsoft-authentication {"startup":false,"extensionId":{"value":"vscode.microsoft-authentication","_lower":"vscode.microsoft-authentication"},"activationEvent":"onAuthenticationRequest:microsoft"}
[2021-01-16 19:40:47.969] [exthost] [info] ExtensionService#loadCommonJSModule file:///snap/code/52/usr/share/code/resources/app/extensions/microsoft-authentication/dist/extension.js
[2021-01-16 19:40:48.128] [exthost] [info] ExtensionService#_doActivateExtension vscode.php-language-features {"startup":false,"extensionId":{"value":"vscode.php-language-features","_lower":"vscode.php-language-features"},"activationEvent":"onLanguage:php"}
[2021-01-16 19:40:48.128] [exthost] [info] ExtensionService#loadCommonJSModule file:///snap/code/52/usr/share/code/resources/app/extensions/php-language-features/dist/phpMain
[2021-01-16 19:40:48.262] [exthost] [info] ExtensionService#_doActivateExtension vscode.debug-auto-launch {"startup":true,"extensionId":{"value":"vscode.debug-auto-launch","_lower":"vscode.debug-auto-launch"},"activationEvent":"*"}
[2021-01-16 19:40:48.283] [exthost] [info] ExtensionService#loadCommonJSModule file:///snap/code/52/usr/share/code/resources/app/extensions/debug-auto-launch/dist/extension
[2021-01-16 19:40:48.328] [exthost] [info] ExtensionService#_doActivateExtension vscode.emmet {"startup":true,"extensionId":{"value":"vscode.emmet","_lower":"vscode.emmet"},"activationEvent":"*"}
[2021-01-16 19:40:48.340] [exthost] [info] ExtensionService#loadCommonJSModule file:///snap/code/52/usr/share/code/resources/app/extensions/emmet/dist/node/emmetNodeMain
[2021-01-16 19:40:48.421] [exthost] [info] ExtensionService#_doActivateExtension vscode.git {"startup":true,"extensionId":{"value":"vscode.github","_lower":"vscode.github"},"activationEvent":"*"}
[2021-01-16 19:40:48.421] [exthost] [info] ExtensionService#loadCommonJSModule file:///snap/code/52/usr/share/code/resources/app/extensions/git/dist/main
[2021-01-16 19:40:48.505] [exthost] [info] ExtensionService#_doActivateExtension vscode.merge-conflict {"startup":true,"extensionId":{"value":"vscode.merge-conflict","_lower":"vscode.merge-conflict"},"activationEvent":"*"}
[2021-01-16 19:40:48.506] [exthost] [info] ExtensionService#loadCommonJSModule file:///snap/code/52/usr/share/code/resources/app/extensions/merge-conflict/dist/mergeConflictMain
[2021-01-16 19:40:48.517] [exthost] [info] ExtensionService#_doActivateExtension vscode.search-result {"startup":true,"extensionId":{"value":"vscode.search-result","_lower":"vscode.search-result"},"activationEvent":"*"}
[2021-01-16 19:40:48.518] [exthost] [info] ExtensionService#loadCommonJSModule file:///snap/code/52/usr/share/code/resources/app/extensions/search-result/dist/extension.js
[2021-01-16 19:40:48.525] [exthost] [info] ExtensionService#_doActivateExtension vscode.npm {"startup":true,"extensionId":{"value":"vscode.npm","_lower":"vscode.npm"},"activationEvent":"workspaceContains:package.json"}
[2021-01-16 19:40:48.526] [exthost] [info] ExtensionService#loadCommonJSModule file:///snap/code/52/usr/share/code/resources/app/extensions/npm/dist/npmMain
[2021-01-16 19:40:50.201] [exthost] [warning] [Decorations] CAPPING events from decorations provider vscode.git 660
[2021-01-16 19:40:54.507] [exthost] [info] ExtensionService#_doActivateExtension vscode.github {"startup":true,"extensionId":{"value":"vscode.github","_lower":"vscode.github"},"activationEvent":"*"}
[2021-01-16 19:40:54.522] [exthost] [info] ExtensionService#loadCommonJSModule file:///snap/code/52/usr/share/code/resources/app/extensions/github/dist/extension.js
[2021-01-16 19:40:55.525] [exthost] [info] eager extensions activated
[2021-01-16 19:40:55.621] [exthost] [info] ExtensionService#_doActivateExtension ms-vscode.js-debug {"startup":false,"extensionId":{"value":"ms-vscode.js-debug","_lower":"ms-vscode.js-debug"},"activationEvent":"onCommand:extension.js-debug.clearAutoAttachVariables"}
[2021-01-16 19:40:55.624] [exthost] [info] ExtensionService#loadCommonJSModule file:///snap/code/52/usr/share/code/resources/app/extensions/ms-vscode.js-debug/src/extension.js
[2021-01-16 19:40:56.584] [exthost] [info] ExtensionService#_doActivateExtension ms-vscode-remote.remote-containers {"startup":false,"extensionId":{"value":"ms-vscode-remote.remote-containers","_lower":"ms-vscode-remote.remote-containers"},"activationEvent":"onStartupFinished"}
[2021-01-16 19:40:56.584] [exthost] [info] ExtensionService#loadCommonJSModule file:///root/.vscode/extensions/ms-vscode-remote.remote-containers-0.154.2/dist/extension
[2021-01-16 19:40:59.732] [exthost] [info] ExtensionService#_doActivateExtension vscode.github-authentication {"startup":false,"extensionId":{"value":"vscode.github-authentication","_lower":"vscode.github-authentication"},"activationEvent":"onAuthenticationRequest:github"}
[2021-01-16 19:40:59.732] [exthost] [info] ExtensionService#loadCommonJSModule file:///snap/code/52/usr/share/code/resources/app/extensions/github-authentication/dist/extension.js
[2021-01-16 19:41:01.243] [exthost] [warning] [Decorations] CAPPING events from decorations provider vscode.git 661
[2021-01-16 19:41:16.667] [exthost] [warning] [Decorations] CAPPING events from decorations provider vscode.git 661
[2021-01-16 19:44:55.790] [exthost] [warning] [Decorations] CAPPING events from decorations provider vscode.git 661
[2021-01-16 19:47:55.998] [exthost] [warning] [Decorations] CAPPING events from decorations provider vscode.git 661
[2021-01-16 19:48:26.118] [exthost] [warning] [Decorations] CAPPING events from decorations provider vscode.git 662
[2021-01-16 19:56:33.653] [exthost] [warning] [Decorations] CAPPING events from decorations provider vscode.git 662
[2021-01-16 19:56:56.682] [exthost] [warning] [Decorations] CAPPING events from decorations provider vscode.git 662
[2021-01-16 19:57:03.941] [exthost] [warning] [Decorations] CAPPING events from decorations provider vscode.git 663
[2021-01-16 19:57:41.203] [exthost] [warning] [Decorations] CAPPING events from decorations provider vscode.git 663
[2021-01-16 19:57:48.522] [exthost] [warning] [Decorations] CAPPING events from decorations provider vscode.git 662
[2021-01-16 19:58:31.454] [exthost] [warning] [Decorations] CAPPING events from decorations provider vscode.git 662
[2021-01-16 19:58:38.585] [exthost] [warning] [Decorations] CAPPING events from decorations provider vscode.git 662
[2021-01-16 20:01:41.198] [exthost] [warning] [Decorations] CAPPING events from decorations provider vscode.git 662
[2021-01-16 20:01:48.207] [exthost] [warning] [Decorations] CAPPING events from decorations provider vscode.git 662
[2021-01-16 20:02:13.236] [exthost] [warning] [Decorations] CAPPING events from decorations provider vscode.git 662
[2021-01-16 21:29:27.598] [exthost] [warning] [Decorations] CAPPING events from decorations provider vscode.git 662
[2021-01-16 21:31:07.308] [exthost] [warning] [Decorations] CAPPING events from decorations provider vscode.git 662
[2021-01-17 02:14:44.155] [exthost] [warning] [Decorations] CAPPING events from decorations provider vscode.git 662
[2021-01-17 02:15:51.740] [exthost] [warning] [Decorations] CAPPING events from decorations provider vscode.git 662
[2021-01-17 02:15:58.915] [exthost] [warning] [Decorations] CAPPING events from decorations provider vscode.git 662
[2021-01-17 02:18:29.267] [exthost] [warning] [Decorations] CAPPING events from decorations provider vscode.git 662
[2021-01-17 02:19:06.347] [exthost] [warning] [Decorations] CAPPING events from decorations provider vscode.git 662
[2021-01-17 02:19:13.448] [exthost] [warning] [Decorations] CAPPING events from decorations provider vscode.git 662
[2021-01-17 02:21:46.366] [exthost] [warning] [Decorations] CAPPING events from decorations provider vscode.git 662
[2021-01-17 02:23:38.886] [exthost] [warning] [Decorations] CAPPING events from decorations provider vscode.git 662
[2021-01-17 02:23:46.250] [exthost] [warning] [Decorations] CAPPING events from decorations provider vscode.git 662
[2021-01-17 02:24:27.843] [exthost] [warning] [Decorations] CAPPING events from decorations provider vscode.git 662
[2021-01-17 02:27:59.303] [exthost] [warning] [Decorations] CAPPING events from decorations provider vscode.git 663
[2021-01-17 02:28:06.587] [exthost] [warning] [Decorations] CAPPING events from decorations provider vscode.git 663
[2021-01-17 02:29:14.608] [exthost] [warning] [Decorations] CAPPING events from decorations provider vscode.git 663
[2021-01-17 02:29:39.382] [exthost] [warning] [Decorations] CAPPING events from decorations provider vscode.git 662
[2021-01-17 02:29:46.688] [exthost] [warning] [Decorations] CAPPING events from decorations provider vscode.git 662
[2021-01-17 02:31:54.793] [exthost] [warning] [Decorations] CAPPING events from decorations provider vscode.git 662
[2021-01-17 02:32:02.181] [exthost] [warning] [Decorations] CAPPING events from decorations provider vscode.git 662
[2021-01-17 02:32:51.025] [exthost] [warning] [Decorations] CAPPING events from decorations provider vscode.git 662
[2021-01-17 02:33:26.237] [exthost] [warning] [Decorations] CAPPING events from decorations provider vscode.git 662
[2021-01-17 02:33:49.557] [exthost] [warning] [Decorations] CAPPING events from decorations provider vscode.git 662
[2021-01-17 02:34:00.910] [exthost] [warning] [Decorations] CAPPING events from decorations provider vscode.git 663
[2021-01-17 02:44:16.820] [exthost] [warning] [Decorations] CAPPING events from decorations provider vscode.git 664
[2021-01-17 02:45:25.670] [exthost] [warning] [Decorations] CAPPING events from decorations provider vscode.git 664
[2021-01-17 02:47:27.133] [exthost] [warning] [Decorations] CAPPING events from decorations provider vscode.git 663
[2021-01-17 02:47:46.717] [exthost] [warning] [Decorations] CAPPING events from decorations provider vscode.git 663
[2021-01-17 02:47:53.739] [exthost] [warning] [Decorations] CAPPING events from decorations provider vscode.git 663
[2021-01-17 02:48:18.358] [exthost] [warning] [Decorations] CAPPING events from decorations provider vscode.git 663
[2021-01-17 02:48:30.524] [exthost] [warning] [Decorations] CAPPING events from decorations provider vscode.git 663
[2021-01-17 02:48:38.043] [exthost] [warning] [Decorations] CAPPING events from decorations provider vscode.git 663
[2021-01-17 02:51:23.172] [exthost] [warning] [Decorations] CAPPING events from decorations provider vscode.git 663
[2021-01-17 02:51:41.258] [exthost] [warning] [Decorations] CAPPING events from decorations provider vscode.git 663
[2021-01-17 02:51:48.774] [exthost] [warning] [Decorations] CAPPING events from decorations provider vscode.git 663
[2021-01-17 02:54:32.341] [exthost] [warning] [Decorations] CAPPING events from decorations provider vscode.git 663
[2021-01-17 02:59:34.478] [exthost] [warning] [Decorations] CAPPING events from decorations provider vscode.git 663
[2021-01-17 03:02:58.390] [exthost] [warning] [Decorations] CAPPING events from decorations provider vscode.git 663
[2021-01-17 03:03:05.560] [exthost] [warning] [Decorations] CAPPING events from decorations provider vscode.git 663
[2021-01-17 03:04:25.898] [exthost] [warning] [Decorations] CAPPING events from decorations provider vscode.git 663
[2021-01-17 03:04:32.942] [exthost] [warning] [Decorations] CAPPING events from decorations provider vscode.git 663
[2021-01-17 03:22:18.818] [exthost] [warning] [Decorations] CAPPING events from decorations provider vscode.git 663
[2021-01-17 03:23:32.340] [exthost] [warning] [Decorations] CAPPING events from decorations provider vscode.git 664
[2021-01-17 03:29:53.703] [exthost] [warning] [Decorations] CAPPING events from decorations provider vscode.git 665
[2021-01-17 03:30:58.709] [exthost] [warning] [Decorations] CAPPING events from decorations provider vscode.git 665
[2021-01-17 03:33:09.953] [exthost] [warning] [Decorations] CAPPING events from decorations provider vscode.git 664
[2021-01-17 03:33:17.178] [exthost] [warning] [Decorations] CAPPING events from decorations provider vscode.git 664
[2021-01-17 03:36:35.302] [exthost] [warning] [Decorations] CAPPING events from decorations provider vscode.git 664
[2021-01-17 03:36:42.776] [exthost] [warning] [Decorations] CAPPING events from decorations provider vscode.git 664
[2021-01-17 03:37:19.514] [exthost] [warning] [Decorations] CAPPING events from decorations provider vscode.git 664
[2021-01-17 03:37:55.548] [exthost] [warning] [Decorations] CAPPING events from decorations provider vscode.git 665
[2021-01-17 03:40:47.459] [exthost] [warning] [Decorations] CAPPING events from decorations provider vscode.git 665
[2021-01-17 03:43:21.279] [exthost] [warning] [Decorations] CAPPING events from decorations provider vscode.git 664
[2021-01-17 03:43:32.594] [exthost] [warning] [Decorations] CAPPING events from decorations provider vscode.git 664
[2021-01-17 03:43:56.524] [exthost] [warning] [Decorations] CAPPING events from decorations provider vscode.git 664
[2021-01-17 03:47:08.501] [exthost] [warning] [Decorations] CAPPING events from decorations provider vscode.git 664
[2021-01-17 03:49:00.090] [exthost] [warning] [Decorations] CAPPING events from decorations provider vscode.git 664
[2021-01-17 03:49:07.609] [exthost] [warning] [Decorations] CAPPING events from decorations provider vscode.git 664
[2021-01-17 03:49:15.309] [exthost] [warning] [Decorations] CAPPING events from decorations provider vscode.git 664
[2021-01-17 03:49:30.743] [exthost] [warning] [Decorations] CAPPING events from decorations provider vscode.git 664
[2021-01-17 03:49:38.019] [exthost] [warning] [Decorations] CAPPING events from decorations provider vscode.git 664
[2021-01-17 03:51:37.669] [exthost] [warning] [Decorations] CAPPING events from decorations provider vscode.git 664
[2021-01-17 03:51:44.740] [exthost] [warning] [Decorations] CAPPING events from decorations provider vscode.git 664
[2021-01-17 03:52:54.948] [exthost] [warning] [Decorations] CAPPING events from decorations provider vscode.git 664
[2021-01-17 03:53:09.938] [exthost] [warning] [Decorations] CAPPING events from decorations provider vscode.git 664
[2021-01-17 03:53:17.467] [exthost] [warning] [Decorations] CAPPING events from decorations provider vscode.git 664
[2021-01-17 03:54:11.672] [exthost] [warning] [Decorations] CAPPING events from decorations provider vscode.git 664
[2021-01-17 03:54:19.134] [exthost] [warning] [Decorations] CAPPING events from decorations provider vscode.git 664
[2021-01-17 03:55:22.554] [exthost] [warning] [Decorations] CAPPING events from decorations provider vscode.git 664
[2021-01-17 03:55:30.560] [exthost] [warning] [Decorations] CAPPING events from decorations provider vscode.git 664
[2021-01-17 03:57:55.129] [exthost] [warning] [Decorations] CAPPING events from decorations provider vscode.git 664
[2021-01-17 03:58:08.113] [exthost] [warning] [Decorations] CAPPING events from decorations provider vscode.git 664
[2021-01-17 04:00:23.733] [exthost] [warning] [Decorations] CAPPING events from decorations provider vscode.git 664
[2021-01-17 04:00:31.630] [exthost] [warning] [Decorations] CAPPING events from decorations provider vscode.git 665
[2021-01-17 04:01:19.938] [exthost] [warning] [Decorations] CAPPING events from decorations provider vscode.git 665
[2021-01-17 04:03:06.555] [exthost] [warning] [Decorations] CAPPING events from decorations provider vscode.git 664
[2021-01-17 04:03:14.766] [exthost] [warning] [Decorations] CAPPING events from decorations provider vscode.git 664
[2021-01-17 04:07:45.580] [exthost] [warning] [Decorations] CAPPING events from decorations provider vscode.git 666
[2021-01-17 04:07:53.553] [exthost] [warning] [Decorations] CAPPING events from decorations provider vscode.git 666
[2021-01-17 04:12:15.882] [exthost] [warning] [Decorations] CAPPING events from decorations provider vscode.git 666
[2021-01-17 04:15:04.450] [exthost] [warning] [Decorations] CAPPING events from decorations provider vscode.git 666
[2021-01-17 04:15:11.646] [exthost] [warning] [Decorations] CAPPING events from decorations provider vscode.git 666
[2021-01-17 04:18:22.694] [exthost] [warning] [Decorations] CAPPING events from decorations provider vscode.git 666
[2021-01-17 04:18:29.797] [exthost] [warning] [Decorations] CAPPING events from decorations provider vscode.git 666
[2021-01-17 16:27:55.223] [exthost] [warning] [Decorations] CAPPING events from decorations provider vscode.git 666
[2021-01-17 16:28:03.650] [exthost] [warning] [Decorations] CAPPING events from decorations provider vscode.git 666
[2021-01-17 16:30:58.445] [exthost] [warning] [Decorations] CAPPING events from decorations provider vscode.git 667
[2021-01-17 16:31:08.117] [exthost] [warning] [Decorations] CAPPING events from decorations provider vscode.git 667
[2021-01-17 16:36:30.760] [exthost] [warning] [Decorations] CAPPING events from decorations provider vscode.git 667
[2021-01-17 16:50:24.357] [exthost] [warning] [Decorations] CAPPING events from decorations provider vscode.git 667
[2021-01-17 17:08:24.401] [exthost] [warning] [Decorations] CAPPING events from decorations provider vscode.git 667
[2021-01-17 18:17:20.136] [exthost] [warning] [Decorations] CAPPING events from decorations provider vscode.git 667
[2021-01-17 18:19:29.759] [exthost] [warning] [Decorations] CAPPING events from decorations provider vscode.git 670
[2021-01-17 18:19:48.153] [exthost] [warning] [Decorations] CAPPING events from decorations provider vscode.git 673
[2021-01-17 18:22:47.472] [exthost] [warning] [Decorations] CAPPING events from decorations provider vscode.git 670
[2021-01-17 18:23:22.588] [exthost] [warning] [Decorations] CAPPING events from decorations provider vscode.git 670
[2021-01-17 18:23:30.479] [exthost] [warning] [Decorations] CAPPING events from decorations provider vscode.git 670
[2021-01-17 18:25:08.281] [exthost] [warning] [Decorations] CAPPING events from decorations provider vscode.git 670
[2021-01-17 18:25:16.218] [exthost] [warning] [Decorations] CAPPING events from decorations provider vscode.git 670
[2021-01-17 18:26:31.378] [exthost] [warning] [Decorations] CAPPING events from decorations provider vscode.git 671
[2021-01-17 18:27:08.586] [exthost] [warning] [Decorations] CAPPING events from decorations provider vscode.git 671
[2021-01-17 18:30:45.861] [exthost] [warning] [Decorations] CAPPING events from decorations provider vscode.git 670
[2021-01-17 18:31:49.561] [exthost] [warning] [Decorations] CAPPING events from decorations provider vscode.git 670
[2021-01-17 18:31:56.725] [exthost] [warning] [Decorations] CAPPING events from decorations provider vscode.git 670
[2021-01-17 18:32:31.621] [exthost] [warning] [Decorations] CAPPING events from decorations provider vscode.git 670
[2021-01-17 18:32:39.059] [exthost] [warning] [Decorations] CAPPING events from decorations provider vscode.git 671
[2021-01-17 18:33:09.293] [exthost] [warning] [Decorations] CAPPING events from decorations provider vscode.git 671
[2021-01-17 18:36:55.138] [exthost] [warning] [Decorations] CAPPING events from decorations provider vscode.git 670
[2021-01-17 18:37:02.533] [exthost] [warning] [Decorations] CAPPING events from decorations provider vscode.git 670
[2021-01-17 18:37:48.034] [exthost] [warning] [Decorations] CAPPING events from decorations provider vscode.git 670
[2021-01-17 18:38:31.624] [exthost] [warning] [Decorations] CAPPING events from decorations provider vscode.git 670
[2021-01-17 18:39:06.456] [exthost] [warning] [Decorations] CAPPING events from decorations provider vscode.git 670
[2021-01-17 18:46:31.700] [exthost] [warning] [Decorations] CAPPING events from decorations provider vscode.git 670
[2021-01-17 18:46:39.084] [exthost] [warning] [Decorations] CAPPING events from decorations provider vscode.git 670
[2021-01-17 18:48:28.871] [exthost] [warning] [Decorations] CAPPING events from decorations provider vscode.git 670
[2021-01-17 18:48:36.052] [exthost] [warning] [Decorations] CAPPING events from decorations provider vscode.git 670
[2021-01-17 18:52:14.526] [exthost] [warning] [Decorations] CAPPING events from decorations provider vscode.git 670
[2021-01-17 18:52:22.061] [exthost] [warning] [Decorations] CAPPING events from decorations provider vscode.git 670
[2021-01-17 18:54:52.034] [exthost] [warning] [Decorations] CAPPING events from decorations provider vscode.git 670
[2021-01-17 18:59:30.605] [exthost] [warning] [Decorations] CAPPING events from decorations provider vscode.git 670
[2021-01-17 19:01:03.418] [exthost] [warning] [Decorations] CAPPING events from decorations provider vscode.git 670
[2021-01-17 19:01:10.596] [exthost] [warning] [Decorations] CAPPING events from decorations provider vscode.git 670
[2021-01-17 19:03:41.500] [exthost] [warning] [Decorations] CAPPING events from decorations provider vscode.git 670
[2021-01-17 19:03:48.763] [exthost] [warning] [Decorations] CAPPING events from decorations provider vscode.git 670
[2021-01-17 19:04:48.075] [exthost] [warning] [Decorations] CAPPING events from decorations provider vscode.git 670
[2021-01-17 19:05:52.436] [exthost] [warning] [Decorations] CAPPING events from decorations provider vscode.git 670
[2021-01-17 19:05:59.709] [exthost] [warning] [Decorations] CAPPING events from decorations provider vscode.git 670
[2021-01-17 19:06:23.006] [exthost] [warning] [Decorations] CAPPING events from decorations provider vscode.git 670
[2021-01-17 19:30:52.753] [exthost] [warning] [Decorations] CAPPING events from decorations provider vscode.git 670
[2021-01-17 19:31:29.131] [exthost] [warning] [Decorations] CAPPING events from decorations provider vscode.git 670
[2021-01-17 19:31:36.346] [exthost] [warning] [Decorations] CAPPING events from decorations provider vscode.git 670
[2021-01-17 19:36:23.568] [exthost] [warning] [Decorations] CAPPING events from decorations provider vscode.git 670
[2021-01-17 19:36:57.614] [exthost] [warning] [Decorations] CAPPING events from decorations provider vscode.git 670
[2021-01-17 19:38:47.112] [exthost] [warning] [Decorations] CAPPING events from decorations provider vscode.git 670
[2021-01-17 19:38:54.329] [exthost] [warning] [Decorations] CAPPING events from decorations provider vscode.git 670
[2021-01-17 19:40:59.460] [exthost] [warning] [Decorations] CAPPING events from decorations provider vscode.git 670
[2021-01-17 19:41:07.545] [exthost] [warning] [Decorations] CAPPING events from decorations provider vscode.git 670
[2021-01-17 19:42:27.222] [exthost] [warning] [Decorations] CAPPING events from decorations provider vscode.git 670
[2021-01-17 19:42:40.637] [exthost] [warning] [Decorations] CAPPING events from decorations provider vscode.git 670
[2021-01-17 19:42:48.217] [exthost] [warning] [Decorations] CAPPING events from decorations provider vscode.git 670
[2021-01-17 19:48:55.887] [exthost] [warning] [Decorations] CAPPING events from decorations provider vscode.git 670
[2021-01-17 19:49:03.073] [exthost] [warning] [Decorations] CAPPING events from decorations provider vscode.git 670
[2021-01-17 19:51:05.710] [exthost] [warning] [Decorations] CAPPING events from decorations provider vscode.git 670
[2021-01-17 19:51:12.888] [exthost] [warning] [Decorations] CAPPING events from decorations provider vscode.git 670
[2021-01-17 19:52:36.723] [exthost] [warning] [Decorations] CAPPING events from decorations provider vscode.git 670
[2021-01-17 19:52:43.917] [exthost] [warning] [Decorations] CAPPING events from decorations provider vscode.git 670
[2021-01-17 19:55:06.648] [exthost] [warning] [Decorations] CAPPING events from decorations provider vscode.git 670
[2021-01-17 19:57:37.076] [exthost] [warning] [Decorations] CAPPING events from decorations provider vscode.git 670
[2021-01-17 19:58:56.254] [exthost] [warning] [Decorations] CAPPING events from decorations provider vscode.git 670
[2021-01-17 19:59:03.340] [exthost] [warning] [Decorations] CAPPING events from decorations provider vscode.git 670
[2021-01-17 19:59:59.986] [exthost] [warning] [Decorations] CAPPING events from decorations provider vscode.git 670
[2021-01-17 20:01:07.519] [exthost] [warning] [Decorations] CAPPING events from decorations provider vscode.git 670
[2021-01-17 20:01:14.867] [exthost] [warning] [Decorations] CAPPING events from decorations provider vscode.git 670
[2021-01-17 20:02:53.723] [exthost] [warning] [Decorations] CAPPING events from decorations provider vscode.git 670
[2021-01-17 20:03:01.075] [exthost] [warning] [Decorations] CAPPING events from decorations provider vscode.git 670
[2021-01-17 20:05:38.179] [exthost] [warning] [Decorations] CAPPING events from decorations provider vscode.git 670
[2021-01-17 20:15:13.246] [exthost] [warning] [Decorations] CAPPING events from decorations provider vscode.git 670
[2021-01-17 20:15:21.362] [exthost] [warning] [Decorations] CAPPING events from decorations provider vscode.git 670
[2021-01-18 00:13:24.897] [exthost] [warning] [Decorations] CAPPING events from decorations provider vscode.git 670
[2021-01-18 00:13:32.058] [exthost] [warning] [Decorations] CAPPING events from decorations provider vscode.git 670
[2021-01-18 00:24:54.690] [exthost] [warning] [Decorations] CAPPING events from decorations provider vscode.git 670
[2021-01-18 00:25:38.339] [exthost] [warning] [Decorations] CAPPING events from decorations provider vscode.git 670
[2021-01-18 00:26:55.152] [exthost] [warning] [Decorations] CAPPING events from decorations provider vscode.git 670
[2021-01-18 00:32:33.380] [exthost] [warning] [Decorations] CAPPING events from decorations provider vscode.git 678
[2021-01-18 00:32:40.964] [exthost] [warning] [Decorations] CAPPING events from decorations provider vscode.git 678
[2021-01-18 00:36:57.358] [exthost] [warning] [Decorations] CAPPING events from decorations provider vscode.git 678
[2021-01-18 00:37:04.961] [exthost] [warning] [Decorations] CAPPING events from decorations provider vscode.git 678
[2021-01-18 00:38:16.490] [exthost] [warning] [Decorations] CAPPING events from decorations provider vscode.git 678
[2021-01-18 00:40:17.978] [exthost] [warning] [Decorations] CAPPING events from decorations provider vscode.git 678
[2021-01-18 00:40:24.882] [exthost] [warning] [Decorations] CAPPING events from decorations provider vscode.git 678
[2021-01-18 01:13:58.199] [exthost] [warning] [Decorations] CAPPING events from decorations provider vscode.git 678
[2021-01-18 01:15:10.992] [exthost] [warning] [Decorations] CAPPING events from decorations provider vscode.git 678
[2021-01-18 01:15:18.176] [exthost] [warning] [Decorations] CAPPING events from decorations provider vscode.git 678
[2021-01-18 01:19:11.515] [exthost] [warning] [Decorations] CAPPING events from decorations provider vscode.git 678
[2021-01-18 01:19:50.234] [exthost] [warning] [Decorations] CAPPING events from decorations provider vscode.git 678
[2021-01-18 01:19:57.459] [exthost] [warning] [Decorations] CAPPING events from decorations provider vscode.git 678
[2021-01-18 01:20:45.684] [exthost] [warning] [Decorations] CAPPING events from decorations provider vscode.git 678
[2021-01-18 01:23:33.033] [exthost] [warning] [Decorations] CAPPING events from decorations provider vscode.git 678
[2021-01-18 01:24:25.130] [exthost] [warning] [Decorations] CAPPING events from decorations provider vscode.git 678
[2021-01-18 01:24:52.490] [exthost] [warning] [Decorations] CAPPING events from decorations provider vscode.git 678
[2021-01-18 01:25:09.568] [exthost] [warning] [Decorations] CAPPING events from decorations provider vscode.git 678
[2021-01-18 01:25:44.071] [exthost] [warning] [Decorations] CAPPING events from decorations provider vscode.git 678
[2021-01-18 01:25:51.885] [exthost] [warning] [Decorations] CAPPING events from decorations provider vscode.git 678
[2021-01-18 01:26:18.624] [exthost] [warning] [Decorations] CAPPING events from decorations provider vscode.git 678
[2021-01-18 01:26:25.945] [exthost] [warning] [Decorations] CAPPING events from decorations provider vscode.git 678
[2021-01-18 01:28:04.677] [exthost] [warning] [Decorations] CAPPING events from decorations provider vscode.git 678
[2021-01-18 01:28:17.375] [exthost] [warning] [Decorations] CAPPING events from decorations provider vscode.git 678
[2021-01-18 01:28:25.056] [exthost] [warning] [Decorations] CAPPING events from decorations provider vscode.git 678
[2021-01-18 01:28:57.988] [exthost] [warning] [Decorations] CAPPING events from decorations provider vscode.git 678
[2021-01-18 01:29:07.902] [exthost] [warning] [Decorations] CAPPING events from decorations provider vscode.git 678
[2021-01-18 01:29:15.118] [exthost] [warning] [Decorations] CAPPING events from decorations provider vscode.git 678
[2021-01-18 01:32:59.703] [exthost] [warning] [Decorations] CAPPING events from decorations provider vscode.git 678
[2021-01-18 01:34:10.720] [exthost] [warning] [Decorations] CAPPING events from decorations provider vscode.git 678
[2021-01-18 01:34:31.897] [exthost] [warning] [Decorations] CAPPING events from decorations provider vscode.git 678
[2021-01-18 01:34:39.192] [exthost] [warning] [Decorations] CAPPING events from decorations provider vscode.git 679
[2021-01-18 01:35:26.956] [exthost] [warning] [Decorations] CAPPING events from decorations provider vscode.git 679
[2021-01-18 01:35:35.265] [exthost] [warning] [Decorations] CAPPING events from decorations provider vscode.git 679
[2021-01-18 01:35:45.227] [exthost] [warning] [Decorations] CAPPING events from decorations provider vscode.git 679
[2021-01-18 01:35:52.295] [exthost] [warning] [Decorations] CAPPING events from decorations provider vscode.git 678
[2021-01-18 01:36:02.035] [exthost] [warning] [Decorations] CAPPING events from decorations provider vscode.git 678
[2021-01-18 01:36:09.296] [exthost] [warning] [Decorations] CAPPING events from decorations provider vscode.git 678
[2021-01-18 01:37:09.236] [exthost] [warning] [Decorations] CAPPING events from decorations provider vscode.git 678
[2021-01-18 01:37:34.964] [exthost] [warning] [Decorations] CAPPING events from decorations provider vscode.git 678
[2021-01-18 01:37:42.685] [exthost] [warning] [Decorations] CAPPING events from decorations provider vscode.git 679
[2021-01-18 01:38:04.136] [exthost] [warning] [Decorations] CAPPING events from decorations provider vscode.git 679
[2021-01-18 01:38:11.647] [exthost] [warning] [Decorations] CAPPING events from decorations provider vscode.git 678
[2021-01-18 01:39:07.238] [exthost] [warning] [Decorations] CAPPING events from decorations provider vscode.git 678
[2021-01-18 01:39:16.315] [exthost] [warning] [Decorations] CAPPING events from decorations provider vscode.git 678
[2021-01-18 01:39:28.100] [exthost] [warning] [Decorations] CAPPING events from decorations provider vscode.git 678
[2021-01-18 01:39:35.378] [exthost] [warning] [Decorations] CAPPING events from decorations provider vscode.git 678
[2021-01-18 01:41:09.849] [exthost] [warning] [Decorations] CAPPING events from decorations provider vscode.git 678
[2021-01-18 01:41:17.153] [exthost] [warning] [Decorations] CAPPING events from decorations provider vscode.git 678
[2021-01-18 01:43:02.908] [exthost] [warning] [Decorations] CAPPING events from decorations provider vscode.git 678
[2021-01-18 01:43:29.269] [exthost] [warning] [Decorations] CAPPING events from decorations provider vscode.git 678
[2021-01-18 01:43:36.458] [exthost] [warning] [Decorations] CAPPING events from decorations provider vscode.git 678
[2021-01-18 01:44:46.440] [exthost] [warning] [Decorations] CAPPING events from decorations provider vscode.git 678
[2021-01-18 01:44:53.628] [exthost] [warning] [Decorations] CAPPING events from decorations provider vscode.git 678
[2021-01-18 01:45:41.360] [exthost] [warning] [Decorations] CAPPING events from decorations provider vscode.git 678
[2021-01-18 01:45:50.186] [exthost] [warning] [Decorations] CAPPING events from decorations provider vscode.git 678
[2021-01-18 01:46:20.129] [exthost] [warning] [Decorations] CAPPING events from decorations provider vscode.git 678
[2021-01-18 01:46:27.448] [exthost] [warning] [Decorations] CAPPING events from decorations provider vscode.git 679
[2021-01-18 01:48:05.799] [exthost] [warning] [Decorations] CAPPING events from decorations provider vscode.git 679
[2021-01-18 01:49:42.022] [exthost] [warning] [Decorations] CAPPING events from decorations provider vscode.git 678
[2021-01-18 01:49:49.226] [exthost] [warning] [Decorations] CAPPING events from decorations provider vscode.git 678
[2021-01-18 01:50:50.846] [exthost] [warning] [Decorations] CAPPING events from decorations provider vscode.git 678
[2021-01-18 01:50:58.061] [exthost] [warning] [Decorations] CAPPING events from decorations provider vscode.git 678
[2021-01-18 01:51:28.452] [exthost] [warning] [Decorations] CAPPING events from decorations provider vscode.git 678
[2021-01-18 01:52:02.340] [exthost] [warning] [Decorations] CAPPING events from decorations provider vscode.git 678
[2021-01-18 01:52:10.121] [exthost] [warning] [Decorations] CAPPING events from decorations provider vscode.git 678
[2021-01-18 01:52:23.282] [exthost] [warning] [Decorations] CAPPING events from decorations provider vscode.git 678
[2021-01-18 01:52:31.196] [exthost] [warning] [Decorations] CAPPING events from decorations provider vscode.git 678
[2021-01-18 01:52:49.577] [exthost] [warning] [Decorations] CAPPING events from decorations provider vscode.git 678
[2021-01-18 01:52:57.091] [exthost] [warning] [Decorations] CAPPING events from decorations provider vscode.git 678
[2021-01-18 01:53:29.425] [exthost] [warning] [Decorations] CAPPING events from decorations provider vscode.git 678
[2021-01-18 01:54:06.555] [exthost] [warning] [Decorations] CAPPING events from decorations provider vscode.git 678
[2021-01-18 01:55:14.156] [exthost] [warning] [Decorations] CAPPING events from decorations provider vscode.git 678
[2021-01-18 01:55:52.588] [exthost] [warning] [Decorations] CAPPING events from decorations provider vscode.git 678
[2021-01-18 01:56:00.154] [exthost] [warning] [Decorations] CAPPING events from decorations provider vscode.git 678
[2021-01-18 02:01:33.142] [exthost] [warning] [Decorations] CAPPING events from decorations provider vscode.git 678
[2021-01-18 02:01:40.230] [exthost] [warning] [Decorations] CAPPING events from decorations provider vscode.git 678
[2021-01-18 02:02:00.855] [exthost] [warning] [Decorations] CAPPING events from decorations provider vscode.git 678
[2021-01-18 02:02:30.416] [exthost] [warning] [Decorations] CAPPING events from decorations provider vscode.git 678
[2021-01-18 02:02:37.485] [exthost] [warning] [Decorations] CAPPING events from decorations provider vscode.git 679
[2021-01-18 02:02:44.431] [exthost] [warning] [Decorations] CAPPING events from decorations provider vscode.git 679
[2021-01-18 02:03:04.133] [exthost] [warning] [Decorations] CAPPING events from decorations provider vscode.git 679
[2021-01-18 02:04:22.726] [exthost] [warning] [Decorations] CAPPING events from decorations provider vscode.git 678
[2021-01-18 02:19:30.335] [exthost] [warning] [Decorations] CAPPING events from decorations provider vscode.git 678
[2021-01-18 02:19:38.774] [exthost] [warning] [Decorations] CAPPING events from decorations provider vscode.git 678
[2021-01-18 02:20:00.821] [exthost] [warning] [Decorations] CAPPING events from decorations provider vscode.git 678
[2021-01-18 02:20:08.095] [exthost] [warning] [Decorations] CAPPING events from decorations provider vscode.git 678
[2021-01-18 02:23:45.387] [exthost] [warning] [Decorations] CAPPING events from decorations provider vscode.git 678
[2021-01-18 02:24:02.823] [exthost] [warning] [Decorations] CAPPING events from decorations provider vscode.git 678
[2021-01-18 02:25:14.112] [exthost] [warning] [Decorations] CAPPING events from decorations provider vscode.git 678
[2021-01-18 02:25:21.595] [exthost] [warning] [Decorations] CAPPING events from decorations provider vscode.git 679
[2021-01-18 02:26:03.641] [exthost] [warning] [Decorations] CAPPING events from decorations provider vscode.git 679
[2021-01-18 02:26:10.644] [exthost] [warning] [Decorations] CAPPING events from decorations provider vscode.git 678
[2021-01-18 02:27:33.051] [exthost] [warning] [Decorations] CAPPING events from decorations provider vscode.git 678
[2021-01-18 02:29:32.339] [exthost] [warning] [Decorations] CAPPING events from decorations provider vscode.git 678
[2021-01-18 02:29:39.673] [exthost] [warning] [Decorations] CAPPING events from decorations provider vscode.git 678
[2021-01-18 02:31:55.765] [exthost] [warning] [Decorations] CAPPING events from decorations provider vscode.git 679
[2021-01-18 02:32:03.151] [exthost] [warning] [Decorations] CAPPING events from decorations provider vscode.git 679
[2021-01-18 02:33:32.477] [exthost] [warning] [Decorations] CAPPING events from decorations provider vscode.git 681
[2021-01-18 02:33:48.125] [exthost] [warning] [Decorations] CAPPING events from decorations provider vscode.git 681
[2021-01-18 02:37:40.190] [exthost] [warning] [Decorations] CAPPING events from decorations provider vscode.git 681
[2021-01-18 02:37:47.783] [exthost] [warning] [Decorations] CAPPING events from decorations provider vscode.git 682
[2021-01-18 02:38:20.857] [exthost] [warning] [Decorations] CAPPING events from decorations provider vscode.git 682
[2021-01-18 02:43:45.631] [exthost] [warning] [Decorations] CAPPING events from decorations provider vscode.git 681
[2021-01-18 02:43:53.050] [exthost] [warning] [Decorations] CAPPING events from decorations provider vscode.git 681
[2021-01-18 02:44:21.317] [exthost] [warning] [Decorations] CAPPING events from decorations provider vscode.git 682
[2021-01-18 02:45:00.069] [exthost] [warning] [Decorations] CAPPING events from decorations provider vscode.git 682
[2021-01-18 02:45:36.648] [exthost] [warning] [Decorations] CAPPING events from decorations provider vscode.git 681
[2021-01-18 02:45:44.253] [exthost] [warning] [Decorations] CAPPING events from decorations provider vscode.git 681
[2021-01-18 02:49:17.785] [exthost] [warning] [Decorations] CAPPING events from decorations provider vscode.git 681
[2021-01-18 02:49:25.516] [exthost] [warning] [Decorations] CAPPING events from decorations provider vscode.git 681
[2021-01-18 02:51:33.842] [exthost] [warning] [Decorations] CAPPING events from decorations provider vscode.git 681
[2021-01-18 02:51:40.813] [exthost] [warning] [Decorations] CAPPING events from decorations provider vscode.git 681
[2021-01-18 02:52:34.776] [exthost] [warning] [Decorations] CAPPING events from decorations provider vscode.git 681
[2021-01-18 02:52:42.038] [exthost] [warning] [Decorations] CAPPING events from decorations provider vscode.git 681
[2021-01-18 02:59:45.436] [exthost] [warning] [Decorations] CAPPING events from decorations provider vscode.git 681
[2021-01-18 02:59:52.412] [exthost] [warning] [Decorations] CAPPING events from decorations provider vscode.git 681
[2021-01-18 03:02:16.863] [exthost] [warning] [Decorations] CAPPING events from decorations provider vscode.git 681
[2021-01-18 03:02:24.498] [exthost] [warning] [Decorations] CAPPING events from decorations provider vscode.git 682
[2021-01-18 03:02:43.873] [exthost] [warning] [Decorations] CAPPING events from decorations provider vscode.git 682
[2021-01-18 03:02:58.574] [exthost] [warning] [Decorations] CAPPING events from decorations provider vscode.git 681
[2021-01-18 03:03:05.739] [exthost] [warning] [Decorations] CAPPING events from decorations provider vscode.git 681
[2021-01-18 03:03:24.015] [exthost] [warning] [Decorations] CAPPING events from decorations provider vscode.git 681
[2021-01-18 03:03:31.179] [exthost] [warning] [Decorations] CAPPING events from decorations provider vscode.git 681
[2021-01-18 03:06:29.325] [exthost] [warning] [Decorations] CAPPING events from decorations provider vscode.git 681
[2021-01-18 17:18:46.058] [exthost] [warning] [Decorations] CAPPING events from decorations provider vscode.git 681
[2021-01-18 17:19:01.045] [exthost] [warning] [Decorations] CAPPING events from decorations provider vscode.git 681
[2021-01-18 17:31:54.678] [exthost] [warning] [Decorations] CAPPING events from decorations provider vscode.git 683
[2021-01-18 17:32:01.697] [exthost] [warning] [Decorations] CAPPING events from decorations provider vscode.git 683
[2021-01-18 17:33:57.466] [exthost] [warning] [Decorations] CAPPING events from decorations provider vscode.git 683
[2021-01-18 17:34:20.187] [exthost] [warning] [Decorations] CAPPING events from decorations provider vscode.git 682
[2021-01-18 19:08:30.249] [exthost] [warning] [Decorations] CAPPING events from decorations provider vscode.git 682
[2021-01-18 19:08:47.381] [exthost] [warning] [Decorations] CAPPING events from decorations provider vscode.git 682
[2021-01-18 19:09:34.782] [exthost] [info] ExtensionService#_doActivateExtension ms-vscode.references-view {"startup":false,"extensionId":{"value":"ms-vscode.references-view","_lower":"ms-vscode.references-view"},"activationEvent":"onCommand:references-view.showCallHierarchy"}
[2021-01-18 19:09:34.810] [exthost] [info] ExtensionService#loadCommonJSModule file:///snap/code/52/usr/share/code/resources/app/extensions/ms-vscode.references-view/dist/extension
[2021-01-18 19:17:23.922] [exthost] [warning] [Decorations] CAPPING events from decorations provider vscode.git 683
[2021-01-18 19:17:31.308] [exthost] [warning] [Decorations] CAPPING events from decorations provider vscode.git 683
[2021-01-18 19:35:42.236] [exthost] [warning] [Decorations] CAPPING events from decorations provider vscode.git 683
[2021-01-18 19:40:05.407] [exthost] [warning] [Decorations] CAPPING events from decorations provider vscode.git 683
[2021-01-18 19:40:12.483] [exthost] [warning] [Decorations] CAPPING events from decorations provider vscode.git 683
[2021-01-18 19:40:26.925] [exthost] [warning] [Decorations] CAPPING events from decorations provider vscode.git 683
[2021-01-18 19:40:53.595] [exthost] [warning] [Decorations] CAPPING events from decorations provider vscode.git 683
[2021-01-18 19:41:17.510] [exthost] [warning] [Decorations] CAPPING events from decorations provider vscode.git 683
[2021-01-18 19:41:24.542] [exthost] [warning] [Decorations] CAPPING events from decorations provider vscode.git 684
[2021-01-18 19:41:54.549] [exthost] [warning] [Decorations] CAPPING events from decorations provider vscode.git 684
[2021-01-18 19:42:01.773] [exthost] [warning] [Decorations] CAPPING events from decorations provider vscode.git 684
[2021-01-18 19:43:32.666] [exthost] [warning] [Decorations] CAPPING events from decorations provider vscode.git 684
[2021-01-18 19:48:22.357] [exthost] [warning] [Decorations] CAPPING events from decorations provider vscode.git 683
[2021-01-18 20:06:39.667] [exthost] [warning] [Decorations] CAPPING events from decorations provider vscode.git 683
[2021-01-18 20:06:47.015] [exthost] [warning] [Decorations] CAPPING events from decorations provider vscode.git 683
[2021-01-18 20:07:25.781] [exthost] [warning] [Decorations] CAPPING events from decorations provider vscode.git 683
[2021-01-18 20:07:33.073] [exthost] [warning] [Decorations] CAPPING events from decorations provider vscode.git 683
[2021-01-18 20:08:07.981] [exthost] [warning] [Decorations] CAPPING events from decorations provider vscode.git 683
[2021-01-18 20:09:27.449] [exthost] [warning] [Decorations] CAPPING events from decorations provider vscode.git 683
[2021-01-18 20:09:57.950] [exthost] [warning] [Decorations] CAPPING events from decorations provider vscode.git 683
[2021-01-18 20:10:05.310] [exthost] [warning] [Decorations] CAPPING events from decorations provider vscode.git 683
[2021-01-18 20:11:36.166] [exthost] [warning] [Decorations] CAPPING events from decorations provider vscode.git 683
[2021-01-18 20:12:07.213] [exthost] [warning] [Decorations] CAPPING events from decorations provider vscode.git 683
[2021-01-18 20:18:03.289] [exthost] [warning] [Decorations] CAPPING events from decorations provider vscode.git 683
[2021-01-18 20:18:10.210] [exthost] [warning] [Decorations] CAPPING events from decorations provider vscode.git 683
[2021-01-18 20:18:36.021] [exthost] [warning] [Decorations] CAPPING events from decorations provider vscode.git 683
[2021-01-18 20:18:44.254] [exthost] [warning] [Decorations] CAPPING events from decorations provider vscode.git 683
[2021-01-18 20:19:02.063] [exthost] [warning] [Decorations] CAPPING events from decorations provider vscode.git 683
[2021-01-18 20:19:09.188] [exthost] [warning] [Decorations] CAPPING events from decorations provider vscode.git 684
[2021-01-18 20:20:04.400] [exthost] [warning] [Decorations] CAPPING events from decorations provider vscode.git 684
[2021-01-18 20:21:11.184] [exthost] [warning] [Decorations] CAPPING events from decorations provider vscode.git 683
[2021-01-18 20:21:18.548] [exthost] [warning] [Decorations] CAPPING events from decorations provider vscode.git 684
[2021-01-18 20:21:50.412] [exthost] [warning] [Decorations] CAPPING events from decorations provider vscode.git 684
[2021-01-18 20:26:07.130] [exthost] [warning] [Decorations] CAPPING events from decorations provider vscode.git 683
[2021-01-18 20:26:14.286] [exthost] [warning] [Decorations] CAPPING events from decorations provider vscode.git 684
[2021-01-18 20:26:22.048] [exthost] [warning] [Decorations] CAPPING events from decorations provider vscode.git 684
[2021-01-18 20:27:57.365] [exthost] [warning] [Decorations] CAPPING events from decorations provider vscode.git 683
[2021-01-18 20:28:04.551] [exthost] [warning] [Decorations] CAPPING events from decorations provider vscode.git 684
[2021-01-18 20:28:14.275] [exthost] [warning] [Decorations] CAPPING events from decorations provider vscode.git 684
[2021-01-18 20:29:04.334] [exthost] [warning] [Decorations] CAPPING events from decorations provider vscode.git 683
[2021-01-18 20:29:18.906] [exthost] [warning] [Decorations] CAPPING events from decorations provider vscode.git 683
[2021-01-18 20:29:43.924] [exthost] [warning] [Decorations] CAPPING events from decorations provider vscode.git 683
[2021-01-18 20:53:22.582] [exthost] [warning] [Decorations] CAPPING events from decorations provider vscode.git 683
[2021-01-18 20:59:08.901] [exthost] [warning] [Decorations] CAPPING events from decorations provider vscode.git 683
[2021-01-18 21:00:22.597] [exthost] [warning] [Decorations] CAPPING events from decorations provider vscode.git 684
[2021-01-18 21:02:50.513] [exthost] [warning] [Decorations] CAPPING events from decorations provider vscode.git 684
[2021-01-18 21:04:22.156] [exthost] [warning] [Decorations] CAPPING events from decorations provider vscode.git 684
[2021-01-18 21:04:30.053] [exthost] [warning] [Decorations] CAPPING events from decorations provider vscode.git 684
[2021-01-18 21:05:55.419] [exthost] [warning] [Decorations] CAPPING events from decorations provider vscode.git 684
[2021-01-18 21:06:25.449] [exthost] [warning] [Decorations] CAPPING events from decorations provider vscode.git 684
[2021-01-18 21:07:43.153] [exthost] [warning] [Decorations] CAPPING events from decorations provider vscode.git 684
[2021-01-18 21:08:14.361] [exthost] [warning] [Decorations] CAPPING events from decorations provider vscode.git 684
[2021-01-18 21:08:37.115] [exthost] [warning] [Decorations] CAPPING events from decorations provider vscode.git 684
[2021-01-18 21:15:37.385] [exthost] [warning] [Decorations] CAPPING events from decorations provider vscode.git 684
[2021-01-18 21:15:45.364] [exthost] [warning] [Decorations] CAPPING events from decorations provider vscode.git 684
[2021-01-18 21:17:14.752] [exthost] [warning] [Decorations] CAPPING events from decorations provider vscode.git 684
[2021-01-18 21:20:40.402] [exthost] [warning] [Decorations] CAPPING events from decorations provider vscode.git 684
[2021-01-18 21:22:34.015] [exthost] [warning] [Decorations] CAPPING events from decorations provider vscode.git 684
[2021-01-18 21:22:55.873] [exthost] [warning] [Decorations] CAPPING events from decorations provider vscode.git 684
[2021-01-18 21:24:10.973] [exthost] [warning] [Decorations] CAPPING events from decorations provider vscode.git 684
[2021-01-18 21:24:18.095] [exthost] [warning] [Decorations] CAPPING events from decorations provider vscode.git 685
[2021-01-18 21:24:57.884] [exthost] [warning] [Decorations] CAPPING events from decorations provider vscode.git 685
[2021-01-18 21:25:42.412] [exthost] [warning] [Decorations] CAPPING events from decorations provider vscode.git 684
[2021-01-18 21:27:48.416] [exthost] [warning] [Decorations] CAPPING events from decorations provider vscode.git 684
[2021-01-18 21:27:55.550] [exthost] [warning] [Decorations] CAPPING events from decorations provider vscode.git 684
[2021-01-18 21:28:07.305] [exthost] [warning] [Decorations] CAPPING events from decorations provider vscode.git 684
[2021-01-18 21:29:03.956] [exthost] [warning] [Decorations] CAPPING events from decorations provider vscode.git 684
[2021-01-18 21:29:59.144] [exthost] [warning] [Decorations] CAPPING events from decorations provider vscode.git 684
[2021-01-18 21:32:16.853] [exthost] [warning] [Decorations] CAPPING events from decorations provider vscode.git 686
[2021-01-18 21:35:05.807] [exthost] [warning] [Decorations] CAPPING events from decorations provider vscode.git 686
[2021-01-18 21:38:41.133] [exthost] [warning] [Decorations] CAPPING events from decorations provider vscode.git 686
[2021-01-18 21:39:20.748] [exthost] [warning] [Decorations] CAPPING events from decorations provider vscode.git 686
[2021-01-18 21:50:20.501] [exthost] [warning] [Decorations] CAPPING events from decorations provider vscode.git 686
[2021-01-18 21:50:27.440] [exthost] [warning] [Decorations] CAPPING events from decorations provider vscode.git 686
[2021-01-18 21:52:09.238] [exthost] [warning] [Decorations] CAPPING events from decorations provider vscode.git 686
[2021-01-18 21:52:16.491] [exthost] [warning] [Decorations] CAPPING events from decorations provider vscode.git 686
[2021-01-18 21:56:48.570] [exthost] [warning] [Decorations] CAPPING events from decorations provider vscode.git 686
[2021-01-18 22:29:31.950] [exthost] [warning] [Decorations] CAPPING events from decorations provider vscode.git 686
[2021-01-18 22:29:40.017] [exthost] [warning] [Decorations] CAPPING events from decorations provider vscode.git 686
[2021-01-18 23:31:59.649] [exthost] [warning] [Decorations] CAPPING events from decorations provider vscode.git 687
[2021-01-18 23:32:13.152] [exthost] [warning] [Decorations] CAPPING events from decorations provider vscode.git 687
[2021-01-18 23:32:35.980] [exthost] [warning] [Decorations] CAPPING events from decorations provider vscode.git 687
[2021-01-18 23:33:42.726] [exthost] [warning] [Decorations] CAPPING events from decorations provider vscode.git 688
[2021-01-18 23:34:35.822] [exthost] [warning] [Decorations] CAPPING events from decorations provider vscode.git 689
[2021-01-18 23:34:43.271] [exthost] [warning] [Decorations] CAPPING events from decorations provider vscode.git 689
[2021-01-18 23:34:51.795] [exthost] [warning] [Decorations] CAPPING events from decorations provider vscode.git 689
[2021-01-18 23:36:04.706] [exthost] [warning] [Decorations] CAPPING events from decorations provider vscode.git 688
[2021-01-18 23:38:21.855] [exthost] [warning] [Decorations] CAPPING events from decorations provider vscode.git 688
[2021-01-18 23:38:43.759] [exthost] [warning] [Decorations] CAPPING events from decorations provider vscode.git 688
[2021-01-18 23:40:02.887] [exthost] [warning] [Decorations] CAPPING events from decorations provider vscode.git 688
[2021-01-18 23:40:13.692] [exthost] [warning] [Decorations] CAPPING events from decorations provider vscode.git 689
[2021-01-18 23:40:23.467] [exthost] [warning] [Decorations] CAPPING events from decorations provider vscode.git 690
[2021-01-18 23:40:32.220] [exthost] [warning] [Decorations] CAPPING events from decorations provider vscode.git 691
[2021-01-18 23:41:46.237] [exthost] [warning] [Decorations] CAPPING events from decorations provider vscode.git 691
[2021-01-18 23:41:54.875] [exthost] [warning] [Decorations] CAPPING events from decorations provider vscode.git 691
[2021-01-18 23:43:09.650] [exthost] [warning] [Decorations] CAPPING events from decorations provider vscode.git 691
[2021-01-18 23:43:49.589] [exthost] [warning] [Decorations] CAPPING events from decorations provider vscode.git 691
[2021-01-18 23:46:18.758] [exthost] [warning] [Decorations] CAPPING events from decorations provider vscode.git 691
[2021-01-18 23:48:23.825] [exthost] [warning] [Decorations] CAPPING events from decorations provider vscode.git 691
[2021-01-18 23:48:31.125] [exthost] [warning] [Decorations] CAPPING events from decorations provider vscode.git 691
[2021-01-18 23:50:50.212] [exthost] [warning] [Decorations] CAPPING events from decorations provider vscode.git 691
[2021-01-18 23:50:57.420] [exthost] [warning] [Decorations] CAPPING events from decorations provider vscode.git 691
[2021-01-18 23:51:30.455] [exthost] [warning] [Decorations] CAPPING events from decorations provider vscode.git 691
[2021-01-18 23:52:19.406] [exthost] [warning] [Decorations] CAPPING events from decorations provider vscode.git 691
[2021-01-18 23:53:09.443] [exthost] [warning] [Decorations] CAPPING events from decorations provider vscode.git 691
[2021-01-18 23:59:32.891] [exthost] [warning] [Decorations] CAPPING events from decorations provider vscode.git 691
[2021-01-19 00:11:10.318] [exthost] [warning] [Decorations] CAPPING events from decorations provider vscode.git 691
[2021-01-19 00:15:56.104] [exthost] [info] ExtensionService#_doActivateExtension GitHub.vscode-pull-request-github {"startup":false,"extensionId":{"value":"GitHub.vscode-pull-request-github","_lower":"github.vscode-pull-request-github"},"activationEvent":"onStartupFinished"}
[2021-01-19 00:15:56.106] [exthost] [info] ExtensionService#loadCommonJSModule file:///root/.vscode/extensions/github.vscode-pull-request-github-0.22.0/media/extension
