[2021-01-21 21:31:54.959] [exthost] [info] extension host started
[2021-01-21 21:32:00.232] [exthost] [info] ExtensionService#_doActivateExtension vscode.microsoft-authentication {"startup":false,"extensionId":{"value":"vscode.microsoft-authentication","_lower":"vscode.microsoft-authentication"},"activationEvent":"onAuthenticationRequest:microsoft"}
[2021-01-21 21:32:00.244] [exthost] [info] ExtensionService#loadCommonJSModule file:///snap/code/52/usr/share/code/resources/app/extensions/microsoft-authentication/dist/extension.js
[2021-01-21 21:32:00.422] [exthost] [info] ExtensionService#_doActivateExtension vscode.debug-auto-launch {"startup":true,"extensionId":{"value":"vscode.debug-auto-launch","_lower":"vscode.debug-auto-launch"},"activationEvent":"*"}
[2021-01-21 21:32:00.428] [exthost] [info] ExtensionService#loadCommonJSModule file:///snap/code/52/usr/share/code/resources/app/extensions/debug-auto-launch/dist/extension
[2021-01-21 21:32:00.478] [exthost] [info] ExtensionService#_doActivateExtension vscode.emmet {"startup":true,"extensionId":{"value":"vscode.emmet","_lower":"vscode.emmet"},"activationEvent":"*"}
[2021-01-21 21:32:00.482] [exthost] [info] ExtensionService#loadCommonJSModule file:///snap/code/52/usr/share/code/resources/app/extensions/emmet/dist/node/emmetNodeMain
[2021-01-21 21:32:01.527] [exthost] [info] ExtensionService#_doActivateExtension vscode.git {"startup":true,"extensionId":{"value":"vscode.github","_lower":"vscode.github"},"activationEvent":"*"}
[2021-01-21 21:32:01.528] [exthost] [info] ExtensionService#loadCommonJSModule file:///snap/code/52/usr/share/code/resources/app/extensions/git/dist/main
[2021-01-21 21:32:01.908] [exthost] [info] ExtensionService#_doActivateExtension vscode.merge-conflict {"startup":true,"extensionId":{"value":"vscode.merge-conflict","_lower":"vscode.merge-conflict"},"activationEvent":"*"}
[2021-01-21 21:32:01.909] [exthost] [info] ExtensionService#loadCommonJSModule file:///snap/code/52/usr/share/code/resources/app/extensions/merge-conflict/dist/mergeConflictMain
[2021-01-21 21:32:01.958] [exthost] [info] ExtensionService#_doActivateExtension vscode.search-result {"startup":true,"extensionId":{"value":"vscode.search-result","_lower":"vscode.search-result"},"activationEvent":"*"}
[2021-01-21 21:32:01.958] [exthost] [info] ExtensionService#loadCommonJSModule file:///snap/code/52/usr/share/code/resources/app/extensions/search-result/dist/extension.js
[2021-01-21 21:32:01.971] [exthost] [info] ExtensionService#_doActivateExtension donjayamanne.githistory {"startup":true,"extensionId":{"value":"donjayamanne.githistory","_lower":"donjayamanne.githistory"},"activationEvent":"*"}
[2021-01-21 21:32:01.975] [exthost] [info] ExtensionService#loadCommonJSModule file:///home/dias/.vscode/extensions/donjayamanne.githistory-0.6.14/dist/src/extension
[2021-01-21 21:32:02.348] [exthost] [info] ExtensionService#_doActivateExtension vscode.npm {"startup":true,"extensionId":{"value":"vscode.npm","_lower":"vscode.npm"},"activationEvent":"workspaceContains:package.json"}
[2021-01-21 21:32:02.362] [exthost] [info] ExtensionService#loadCommonJSModule file:///snap/code/52/usr/share/code/resources/app/extensions/npm/dist/npmMain
[2021-01-21 21:32:07.072] [exthost] [info] ExtensionService#_doActivateExtension vscode.github {"startup":true,"extensionId":{"value":"vscode.github","_lower":"vscode.github"},"activationEvent":"*"}
[2021-01-21 21:32:07.075] [exthost] [info] ExtensionService#loadCommonJSModule file:///snap/code/52/usr/share/code/resources/app/extensions/github/dist/extension.js
[2021-01-21 21:32:08.741] [exthost] [info] eager extensions activated
[2021-01-21 21:32:08.821] [exthost] [info] ExtensionService#_doActivateExtension ms-vscode.js-debug {"startup":false,"extensionId":{"value":"ms-vscode.js-debug","_lower":"ms-vscode.js-debug"},"activationEvent":"onCommand:extension.js-debug.clearAutoAttachVariables"}
[2021-01-21 21:32:08.823] [exthost] [info] ExtensionService#loadCommonJSModule file:///snap/code/52/usr/share/code/resources/app/extensions/ms-vscode.js-debug/src/extension.js
[2021-01-21 21:32:10.900] [exthost] [info] ExtensionService#_doActivateExtension vscode.github-authentication {"startup":false,"extensionId":{"value":"vscode.github-authentication","_lower":"vscode.github-authentication"},"activationEvent":"onAuthenticationRequest:github"}
[2021-01-21 21:32:10.901] [exthost] [info] ExtensionService#loadCommonJSModule file:///snap/code/52/usr/share/code/resources/app/extensions/github-authentication/dist/extension.js
[2021-01-21 21:33:01.847] [exthost] [info] ExtensionService#_doActivateExtension vscode.php-language-features {"startup":false,"extensionId":{"value":"vscode.php-language-features","_lower":"vscode.php-language-features"},"activationEvent":"onLanguage:php"}
[2021-01-21 21:33:01.848] [exthost] [info] ExtensionService#loadCommonJSModule file:///snap/code/52/usr/share/code/resources/app/extensions/php-language-features/dist/phpMain
[2021-01-22 11:11:44.200] [exthost] [info] ExtensionService#_doActivateExtension vscode.image-preview {"startup":false,"extensionId":{"value":"vscode.image-preview","_lower":"vscode.image-preview"},"activationEvent":"onCustomEditor:imagePreview.previewEditor"}
[2021-01-22 11:11:44.200] [exthost] [info] ExtensionService#loadCommonJSModule file:///snap/code/52/usr/share/code/resources/app/extensions/image-preview/dist/extension
