Looking for git in: git
Using git 2.25.1 from git
> git rev-parse --git-dir
Open repository: /home/dias/projetos/ESTUDAPORRA
> git status -z -u
> git symbolic-ref --short HEAD
> git rev-parse master
> git rev-parse --symbolic-full-name master@{u}
> git rev-list --left-right master...refs/remotes/origin/master
> git for-each-ref --sort -committerdate --format %(refname) %(objectname) %(*objectname)
> git remote --verbose
> git config --get commit.template
> git check-ignore -v -z --stdin
> git show --textconv :app/Http/Controllers/Admin/ProductController.php
> git ls-files --stage -- /home/dias/projetos/ESTUDAPORRA/app/Http/Controllers/Admin/ProductController.php
> git cat-file -s d51fe24d5ac781e93e30c39fd5d135674049d09a
> git config --local branch.master.github-pr-owner-number
> git status -z -u
> git symbolic-ref --short HEAD
> git rev-parse master
> git rev-parse --symbolic-full-name master@{u}
> git rev-list --left-right master...refs/remotes/origin/master
> git for-each-ref --sort -committerdate --format %(refname) %(objectname) %(*objectname)
> git remote --verbose
> git config --get commit.template
> git check-ignore -v -z --stdin
> git show --textconv :routes/web.php
> git ls-files --stage -- /home/dias/projetos/ESTUDAPORRA/routes/web.php
> git cat-file -s 48534c97d8af3636c39bcb1e3f583b985454b79e
> git check-ignore -v -z --stdin
> git check-ignore -v -z --stdin
> git status -z -u
> git symbolic-ref --short HEAD
> git rev-parse master
> git rev-parse --symbolic-full-name master@{u}
> git rev-list --left-right master...refs/remotes/origin/master
> git for-each-ref --sort -committerdate --format %(refname) %(objectname) %(*objectname)
> git remote --verbose
> git config --get commit.template
> git show --textconv :app/Traits/UploadTrait
> git ls-files --stage -- /home/dias/projetos/ESTUDAPORRA/app/Traits/UploadTrait
> git check-ignore -v -z --stdin
> git status -z -u
> git symbolic-ref --short HEAD
> git rev-parse master
> git rev-parse --symbolic-full-name master@{u}
> git rev-list --left-right master...refs/remotes/origin/master
> git for-each-ref --sort -committerdate --format %(refname) %(objectname) %(*objectname)
> git remote --verbose
> git config --get commit.template
> git show --textconv :app/Http/Controllers/Admin/ProductPhotoController.php
> git ls-files --stage -- /home/dias/projetos/ESTUDAPORRA/app/Http/Controllers/Admin/ProductPhotoController.php
> git cat-file -s 61fe9226e4f2f64a30f12b08a55c8487105a1292
> git show --textconv :app/Http/Controllers/Admin/ProductController.php
> git ls-files --stage -- /home/dias/projetos/ESTUDAPORRA/app/Http/Controllers/Admin/ProductController.php
> git cat-file -s d51fe24d5ac781e93e30c39fd5d135674049d09a
> git show --textconv :app/Traits/UploadTrait
> git ls-files --stage -- /home/dias/projetos/ESTUDAPORRA/app/Traits/UploadTrait
> git status -z -u
> git symbolic-ref --short HEAD
> git rev-parse master
> git rev-parse --symbolic-full-name master@{u}
> git rev-list --left-right master...refs/remotes/origin/master
> git for-each-ref --sort -committerdate --format %(refname) %(objectname) %(*objectname)
> git remote --verbose
> git config --get commit.template
> git check-ignore -v -z --stdin
> git status -z -u
> git symbolic-ref --short HEAD
> git rev-parse master
> git rev-parse --symbolic-full-name master@{u}
> git rev-list --left-right master...refs/remotes/origin/master
> git for-each-ref --sort -committerdate --format %(refname) %(objectname) %(*objectname)
> git remote --verbose
> git config --get commit.template
> git status -z -u
> git symbolic-ref --short HEAD
> git rev-parse master
> git rev-parse --symbolic-full-name master@{u}
> git rev-list --left-right master...refs/remotes/origin/master
> git for-each-ref --sort -committerdate --format %(refname) %(objectname) %(*objectname)
> git remote --verbose
> git config --get commit.template
> git show --textconv :app/Http/Controllers/Admin/StoreController.php
> git ls-files --stage -- /home/dias/projetos/ESTUDAPORRA/app/Http/Controllers/Admin/StoreController.php
> git cat-file -s f4a31f836e1cea1896f326f9e0212d2db614c641
> git show --textconv :app/Traits/UploadTrait
> git ls-files --stage -- /home/dias/projetos/ESTUDAPORRA/app/Traits/UploadTrait
> git check-ignore -v -z --stdin
> git status -z -u
> git symbolic-ref --short HEAD
> git rev-parse master
> git rev-parse --symbolic-full-name master@{u}
> git show --textconv :app/Traits/UploadTrait.php
> git ls-files --stage -- /home/dias/projetos/ESTUDAPORRA/app/Traits/UploadTrait.php
> git rev-list --left-right master...refs/remotes/origin/master
> git for-each-ref --sort -committerdate --format %(refname) %(objectname) %(*objectname)
> git remote --verbose
> git config --get commit.template
> git show --textconv :app/Http/Controllers/Admin/StoreController.php
> git ls-files --stage -- /home/dias/projetos/ESTUDAPORRA/app/Http/Controllers/Admin/StoreController.php
> git cat-file -s f4a31f836e1cea1896f326f9e0212d2db614c641
> git check-ignore -v -z --stdin
> git status -z -u
> git symbolic-ref --short HEAD
> git rev-parse master
> git rev-parse --symbolic-full-name master@{u}
> git rev-list --left-right master...refs/remotes/origin/master
> git for-each-ref --sort -committerdate --format %(refname) %(objectname) %(*objectname)
> git remote --verbose
> git config --get commit.template
> git show --textconv :app/Traits/UploadTrait.php
> git ls-files --stage -- /home/dias/projetos/ESTUDAPORRA/app/Traits/UploadTrait.php
> git status -z -u
> git symbolic-ref --short HEAD
> git rev-parse master
> git rev-parse --symbolic-full-name master@{u}
> git rev-list --left-right master...refs/remotes/origin/master
> git for-each-ref --sort -committerdate --format %(refname) %(objectname) %(*objectname)
> git remote --verbose
> git config --get commit.template
> git show --textconv :app/Http/Controllers/Admin/StoreController.php
> git ls-files --stage -- /home/dias/projetos/ESTUDAPORRA/app/Http/Controllers/Admin/StoreController.php
> git cat-file -s f4a31f836e1cea1896f326f9e0212d2db614c641
> git show --textconv :app/Traits/UploadTrait.php
> git ls-files --stage -- /home/dias/projetos/ESTUDAPORRA/app/Traits/UploadTrait.php
> git show --textconv :app/Http/Controllers/Admin/StoreController.php
> git ls-files --stage -- /home/dias/projetos/ESTUDAPORRA/app/Http/Controllers/Admin/StoreController.php
> git cat-file -s f4a31f836e1cea1896f326f9e0212d2db614c641
> git show --textconv :app/Traits/UploadTrait.php
> git ls-files --stage -- /home/dias/projetos/ESTUDAPORRA/app/Traits/UploadTrait.php
> git show --textconv :app/Http/Controllers/Admin/StoreController.php
> git ls-files --stage -- /home/dias/projetos/ESTUDAPORRA/app/Http/Controllers/Admin/StoreController.php
> git cat-file -s f4a31f836e1cea1896f326f9e0212d2db614c641
> git show --textconv :app/Store.php
> git ls-files --stage -- /home/dias/projetos/ESTUDAPORRA/app/Store.php
> git cat-file -s e4fb5cf9cd22ea208076d16e3b3a1768c52cb013
> git status -z -u
> git symbolic-ref --short HEAD
> git rev-parse master
> git rev-parse --symbolic-full-name master@{u}
> git rev-list --left-right master...refs/remotes/origin/master
> git for-each-ref --sort -committerdate --format %(refname) %(objectname) %(*objectname)
> git remote --verbose
> git config --get commit.template
> git show --textconv :app/Http/Controllers/Admin/StoreController.php
> git ls-files --stage -- /home/dias/projetos/ESTUDAPORRA/app/Http/Controllers/Admin/StoreController.php
> git cat-file -s f4a31f836e1cea1896f326f9e0212d2db614c641
> git show --textconv :app/Traits/UploadTrait.php
> git ls-files --stage -- /home/dias/projetos/ESTUDAPORRA/app/Traits/UploadTrait.php
> git status -z -u
> git symbolic-ref --short HEAD
> git rev-parse master
> git rev-parse --symbolic-full-name master@{u}
> git rev-list --left-right master...refs/remotes/origin/master
> git for-each-ref --sort -committerdate --format %(refname) %(objectname) %(*objectname)
> git remote --verbose
> git config --get commit.template
> git status -z -u
> git symbolic-ref --short HEAD
> git rev-parse master
> git rev-parse --symbolic-full-name master@{u}
> git rev-list --left-right master...refs/remotes/origin/master
> git for-each-ref --sort -committerdate --format %(refname) %(objectname) %(*objectname)
> git remote --verbose
> git config --get commit.template
> git status -z -u
> git symbolic-ref --short HEAD
> git rev-parse master
> git rev-parse --symbolic-full-name master@{u}
> git rev-list --left-right master...refs/remotes/origin/master
> git for-each-ref --sort -committerdate --format %(refname) %(objectname) %(*objectname)
> git remote --verbose
> git config --get commit.template
> git status -z -u
> git symbolic-ref --short HEAD
> git rev-parse master
> git rev-parse --symbolic-full-name master@{u}
> git rev-list --left-right master...refs/remotes/origin/master
> git for-each-ref --sort -committerdate --format %(refname) %(objectname) %(*objectname)
> git remote --verbose
> git config --get commit.template
> git show --textconv :app/Http/Controllers/Admin/StoreController.php
> git ls-files --stage -- /home/dias/projetos/ESTUDAPORRA/app/Http/Controllers/Admin/StoreController.php
> git cat-file -s f4a31f836e1cea1896f326f9e0212d2db614c641
> git status -z -u
> git symbolic-ref --short HEAD
> git rev-parse master
> git rev-parse --symbolic-full-name master@{u}
> git rev-list --left-right master...refs/remotes/origin/master
> git for-each-ref --sort -committerdate --format %(refname) %(objectname) %(*objectname)
> git remote --verbose
> git config --get commit.template
> git status -z -u
> git symbolic-ref --short HEAD
> git rev-parse master
> git rev-parse --symbolic-full-name master@{u}
> git rev-list --left-right master...refs/remotes/origin/master
> git for-each-ref --sort -committerdate --format %(refname) %(objectname) %(*objectname)
> git remote --verbose
> git config --get commit.template
> git show --textconv :resources/views/admin/products/edit.blade.php
> git ls-files --stage -- /home/dias/projetos/ESTUDAPORRA/resources/views/admin/products/edit.blade.php
> git cat-file -s 1c9decdfce119f730386ef946b450159d68a8a37
> git status -z -u
> git symbolic-ref --short HEAD
> git rev-parse master
> git rev-parse --symbolic-full-name master@{u}
> git rev-list --left-right master...refs/remotes/origin/master
> git for-each-ref --sort -committerdate --format %(refname) %(objectname) %(*objectname)
> git remote --verbose
> git config --get commit.template
> git show --textconv :app/Http/Controllers/Admin/ProductController.php
> git ls-files --stage -- /home/dias/projetos/ESTUDAPORRA/app/Http/Controllers/Admin/ProductController.php
> git cat-file -s d51fe24d5ac781e93e30c39fd5d135674049d09a
> git status -z -u
> git symbolic-ref --short HEAD
> git rev-parse master
> git rev-parse --symbolic-full-name master@{u}
> git rev-list --left-right master...refs/remotes/origin/master
> git for-each-ref --sort -committerdate --format %(refname) %(objectname) %(*objectname)
> git remote --verbose
> git config --get commit.template
> git status -z -u
> git symbolic-ref --short HEAD
> git rev-parse master
> git rev-parse --symbolic-full-name master@{u}
> git rev-list --left-right master...refs/remotes/origin/master
> git for-each-ref --sort -committerdate --format %(refname) %(objectname) %(*objectname)
> git remote --verbose
> git config --get commit.template
> git show --textconv :app/Http/Controllers/Admin/StoreController.php
> git ls-files --stage -- /home/dias/projetos/ESTUDAPORRA/app/Http/Controllers/Admin/StoreController.php
> git cat-file -s f4a31f836e1cea1896f326f9e0212d2db614c641
> git status -z -u
> git symbolic-ref --short HEAD
> git rev-parse master
> git rev-parse --symbolic-full-name master@{u}
> git rev-list --left-right master...refs/remotes/origin/master
> git for-each-ref --sort -committerdate --format %(refname) %(objectname) %(*objectname)
> git remote --verbose
> git config --get commit.template
> git status -z -u
> git symbolic-ref --short HEAD
> git rev-parse master
> git rev-parse --symbolic-full-name master@{u}
> git rev-list --left-right master...refs/remotes/origin/master
> git for-each-ref --sort -committerdate --format %(refname) %(objectname) %(*objectname)
> git remote --verbose
> git config --get commit.template
> git show --textconv :app/Http/Controllers/Admin/ProductController.php
> git ls-files --stage -- /home/dias/projetos/ESTUDAPORRA/app/Http/Controllers/Admin/ProductController.php
> git cat-file -s d51fe24d5ac781e93e30c39fd5d135674049d09a
> git status -z -u
> git symbolic-ref --short HEAD
> git rev-parse master
> git rev-parse --symbolic-full-name master@{u}
> git rev-list --left-right master...refs/remotes/origin/master
> git for-each-ref --sort -committerdate --format %(refname) %(objectname) %(*objectname)
> git remote --verbose
> git config --get commit.template
> git show --textconv :app/Http/Controllers/Admin/ProductPhotoController.php
> git ls-files --stage -- /home/dias/projetos/ESTUDAPORRA/app/Http/Controllers/Admin/ProductPhotoController.php
> git cat-file -s 61fe9226e4f2f64a30f12b08a55c8487105a1292
> git show --textconv :resources/views/admin/products/edit.blade.php
> git ls-files --stage -- /home/dias/projetos/ESTUDAPORRA/resources/views/admin/products/edit.blade.php
> git cat-file -s 1c9decdfce119f730386ef946b450159d68a8a37
> git status -z -u
> git symbolic-ref --short HEAD
> git rev-parse master
> git rev-parse --symbolic-full-name master@{u}
> git rev-list --left-right master...refs/remotes/origin/master
> git for-each-ref --sort -committerdate --format %(refname) %(objectname) %(*objectname)
> git remote --verbose
> git config --get commit.template
> git status -z -u
> git symbolic-ref --short HEAD
> git rev-parse master
> git rev-parse --symbolic-full-name master@{u}
> git rev-list --left-right master...refs/remotes/origin/master
> git for-each-ref --sort -committerdate --format %(refname) %(objectname) %(*objectname)
> git remote --verbose
> git config --get commit.template
> git status -z -u
> git symbolic-ref --short HEAD
> git rev-parse master
> git rev-parse --symbolic-full-name master@{u}
> git rev-list --left-right master...refs/remotes/origin/master
> git for-each-ref --sort -committerdate --format %(refname) %(objectname) %(*objectname)
> git remote --verbose
> git config --get commit.template
> git check-ignore -v -z --stdin
> git show --textconv :resources/views/admin/stores/edit.blade.php
> git ls-files --stage -- /home/dias/projetos/ESTUDAPORRA/resources/views/admin/stores/edit.blade.php
> git cat-file -s f3e88eeac9f780794cd1e3e47b1285b84703f6c3
> git status -z -u
> git symbolic-ref --short HEAD
> git rev-parse master
> git rev-parse --symbolic-full-name master@{u}
> git rev-list --left-right master...refs/remotes/origin/master
> git for-each-ref --sort -committerdate --format %(refname) %(objectname) %(*objectname)
> git remote --verbose
> git config --get commit.template
> git status -z -u
> git symbolic-ref --short HEAD
> git rev-parse master
> git rev-parse --symbolic-full-name master@{u}
> git rev-list --left-right master...refs/remotes/origin/master
> git for-each-ref --sort -committerdate --format %(refname) %(objectname) %(*objectname)
> git remote --verbose
> git config --get commit.template
> git status -z -u
> git symbolic-ref --short HEAD
> git rev-parse master
> git rev-parse --symbolic-full-name master@{u}
> git rev-list --left-right master...refs/remotes/origin/master
> git for-each-ref --sort -committerdate --format %(refname) %(objectname) %(*objectname)
> git remote --verbose
> git config --get commit.template
> git status -z -u
> git symbolic-ref --short HEAD
> git rev-parse master
> git rev-parse --symbolic-full-name master@{u}
> git rev-list --left-right master...refs/remotes/origin/master
> git for-each-ref --sort -committerdate --format %(refname) %(objectname) %(*objectname)
> git remote --verbose
> git config --get commit.template
> git status -z -u
> git symbolic-ref --short HEAD
> git rev-parse master
> git rev-parse --symbolic-full-name master@{u}
> git rev-list --left-right master...refs/remotes/origin/master
> git for-each-ref --sort -committerdate --format %(refname) %(objectname) %(*objectname)
> git remote --verbose
> git config --get commit.template
> git status -z -u
> git symbolic-ref --short HEAD
> git rev-parse master
> git rev-parse --symbolic-full-name master@{u}
> git rev-list --left-right master...refs/remotes/origin/master
> git for-each-ref --sort -committerdate --format %(refname) %(objectname) %(*objectname)
> git remote --verbose
> git config --get commit.template
> git status -z -u
> git symbolic-ref --short HEAD
> git rev-parse master
> git rev-parse --symbolic-full-name master@{u}
> git rev-list --left-right master...refs/remotes/origin/master
> git for-each-ref --sort -committerdate --format %(refname) %(objectname) %(*objectname)
> git remote --verbose
> git config --get commit.template
> git status -z -u
> git symbolic-ref --short HEAD
> git rev-parse master
> git rev-parse --symbolic-full-name master@{u}
> git rev-list --left-right master...refs/remotes/origin/master
> git for-each-ref --sort -committerdate --format %(refname) %(objectname) %(*objectname)
> git remote --verbose
> git config --get commit.template
> git show --textconv :app/Http/Controllers/Admin/StoreController.php
> git ls-files --stage -- /home/dias/projetos/ESTUDAPORRA/app/Http/Controllers/Admin/StoreController.php
> git cat-file -s f4a31f836e1cea1896f326f9e0212d2db614c641
> git status -z -u
> git symbolic-ref --short HEAD
> git rev-parse master
> git rev-parse --symbolic-full-name master@{u}
> git rev-list --left-right master...refs/remotes/origin/master
> git for-each-ref --sort -committerdate --format %(refname) %(objectname) %(*objectname)
> git remote --verbose
> git config --get commit.template
> git status -z -u
> git symbolic-ref --short HEAD
> git rev-parse master
> git rev-parse --symbolic-full-name master@{u}
> git rev-list --left-right master...refs/remotes/origin/master
> git for-each-ref --sort -committerdate --format %(refname) %(objectname) %(*objectname)
> git remote --verbose
> git config --get commit.template
> git status -z -u
> git symbolic-ref --short HEAD
> git rev-parse master
> git rev-parse --symbolic-full-name master@{u}
> git rev-list --left-right master...refs/remotes/origin/master
> git for-each-ref --sort -committerdate --format %(refname) %(objectname) %(*objectname)
> git remote --verbose
> git config --get commit.template
> git status -z -u
> git symbolic-ref --short HEAD
> git rev-parse master
> git rev-parse --symbolic-full-name master@{u}
> git rev-list --left-right master...refs/remotes/origin/master
> git for-each-ref --sort -committerdate --format %(refname) %(objectname) %(*objectname)
> git remote --verbose
> git config --get commit.template
> git status -z -u
> git symbolic-ref --short HEAD
> git rev-parse master
> git rev-parse --symbolic-full-name master@{u}
> git rev-list --left-right master...refs/remotes/origin/master
> git for-each-ref --sort -committerdate --format %(refname) %(objectname) %(*objectname)
> git remote --verbose
> git config --get commit.template
> git status -z -u
> git symbolic-ref --short HEAD
> git rev-parse master
> git rev-parse --symbolic-full-name master@{u}
> git rev-list --left-right master...refs/remotes/origin/master
> git for-each-ref --sort -committerdate --format %(refname) %(objectname) %(*objectname)
> git remote --verbose
> git config --get commit.template
> git show --textconv :resources/views/admin/stores/edit.blade.php
> git ls-files --stage -- /home/dias/projetos/ESTUDAPORRA/resources/views/admin/stores/edit.blade.php
> git cat-file -s f3e88eeac9f780794cd1e3e47b1285b84703f6c3
> git status -z -u
> git symbolic-ref --short HEAD
> git rev-parse master
> git rev-parse --symbolic-full-name master@{u}
> git rev-list --left-right master...refs/remotes/origin/master
> git for-each-ref --sort -committerdate --format %(refname) %(objectname) %(*objectname)
> git remote --verbose
> git config --get commit.template
> git status -z -u
> git symbolic-ref --short HEAD
> git rev-parse master
> git rev-parse --symbolic-full-name master@{u}
> git rev-list --left-right master...refs/remotes/origin/master
> git for-each-ref --sort -committerdate --format %(refname) %(objectname) %(*objectname)
> git remote --verbose
> git config --get commit.template
> git status -z -u
> git symbolic-ref --short HEAD
> git rev-parse master
> git rev-parse --symbolic-full-name master@{u}
> git rev-list --left-right master...refs/remotes/origin/master
> git for-each-ref --sort -committerdate --format %(refname) %(objectname) %(*objectname)
> git remote --verbose
> git config --get commit.template
> git status -z -u
> git symbolic-ref --short HEAD
> git rev-parse master
> git rev-parse --symbolic-full-name master@{u}
> git rev-list --left-right master...refs/remotes/origin/master
> git for-each-ref --sort -committerdate --format %(refname) %(objectname) %(*objectname)
> git remote --verbose
> git config --get commit.template
> git status -z -u
> git symbolic-ref --short HEAD
> git rev-parse master
> git rev-parse --symbolic-full-name master@{u}
> git rev-list --left-right master...refs/remotes/origin/master
> git for-each-ref --sort -committerdate --format %(refname) %(objectname) %(*objectname)
> git remote --verbose
> git config --get commit.template
> git show --textconv :app/Http/Controllers/Admin/StoreController.php
> git ls-files --stage -- /home/dias/projetos/ESTUDAPORRA/app/Http/Controllers/Admin/StoreController.php
> git cat-file -s f4a31f836e1cea1896f326f9e0212d2db614c641
> git show --textconv :app/Http/Controllers/Admin/ProductPhotoController.php
> git ls-files --stage -- /home/dias/projetos/ESTUDAPORRA/app/Http/Controllers/Admin/ProductPhotoController.php
> git cat-file -s 61fe9226e4f2f64a30f12b08a55c8487105a1292
> git show --textconv :app/Http/Controllers/Admin/StoreController.php
> git ls-files --stage -- /home/dias/projetos/ESTUDAPORRA/app/Http/Controllers/Admin/StoreController.php
> git cat-file -s f4a31f836e1cea1896f326f9e0212d2db614c641
> git show --textconv :app/Http/Controllers/Admin/ProductPhotoController.php
> git ls-files --stage -- /home/dias/projetos/ESTUDAPORRA/app/Http/Controllers/Admin/ProductPhotoController.php
> git cat-file -s 61fe9226e4f2f64a30f12b08a55c8487105a1292
> git show --textconv :app/Http/Controllers/Admin/StoreController.php
> git ls-files --stage -- /home/dias/projetos/ESTUDAPORRA/app/Http/Controllers/Admin/StoreController.php
> git cat-file -s f4a31f836e1cea1896f326f9e0212d2db614c641
> git show --textconv :app/Http/Controllers/Admin/ProductPhotoController.php
> git ls-files --stage -- /home/dias/projetos/ESTUDAPORRA/app/Http/Controllers/Admin/ProductPhotoController.php
> git cat-file -s 61fe9226e4f2f64a30f12b08a55c8487105a1292
> git show --textconv :app/Http/Controllers/Admin/StoreController.php
> git ls-files --stage -- /home/dias/projetos/ESTUDAPORRA/app/Http/Controllers/Admin/StoreController.php
> git cat-file -s f4a31f836e1cea1896f326f9e0212d2db614c641
> git status -z -u
> git symbolic-ref --short HEAD
> git rev-parse master
> git rev-parse --symbolic-full-name master@{u}
> git rev-list --left-right master...refs/remotes/origin/master
> git for-each-ref --sort -committerdate --format %(refname) %(objectname) %(*objectname)
> git remote --verbose
> git config --get commit.template
> git check-ignore -v -z --stdin
> git show --textconv :app/Traits/UploadTrait.php
> git ls-files --stage -- /home/dias/projetos/ESTUDAPORRA/app/Traits/UploadTrait.php
> git show --textconv :app/Http/Controllers/Admin/ProductPhotoController.php
> git ls-files --stage -- /home/dias/projetos/ESTUDAPORRA/app/Http/Controllers/Admin/ProductPhotoController.php
> git cat-file -s 61fe9226e4f2f64a30f12b08a55c8487105a1292
> git show --textconv :app/Http/Controllers/Admin/StoreController.php
> git ls-files --stage -- /home/dias/projetos/ESTUDAPORRA/app/Http/Controllers/Admin/StoreController.php
> git cat-file -s f4a31f836e1cea1896f326f9e0212d2db614c641
> git check-ignore -v -z --stdin
> git status -z -u
> git symbolic-ref --short HEAD
> git rev-parse master
> git rev-parse --symbolic-full-name master@{u}
> git rev-list --left-right master...refs/remotes/origin/master
> git for-each-ref --sort -committerdate --format %(refname) %(objectname) %(*objectname)
> git remote --verbose
> git config --get commit.template
> git check-ignore -v -z --stdin
> git status -z -u
> git symbolic-ref --short HEAD
> git rev-parse master
> git rev-parse --symbolic-full-name master@{u}
> git rev-list --left-right master...refs/remotes/origin/master
> git for-each-ref --sort -committerdate --format %(refname) %(objectname) %(*objectname)
> git remote --verbose
> git config --get commit.template
> git show --textconv :app/Http/Controllers/Admin/StoreController.php
> git ls-files --stage -- /home/dias/projetos/ESTUDAPORRA/app/Http/Controllers/Admin/StoreController.php
> git cat-file -s f4a31f836e1cea1896f326f9e0212d2db614c641
> git status -z -u
> git symbolic-ref --short HEAD
> git rev-parse master
> git rev-parse --symbolic-full-name master@{u}
> git rev-list --left-right master...refs/remotes/origin/master
> git for-each-ref --sort -committerdate --format %(refname) %(objectname) %(*objectname)
> git remote --verbose
> git config --get commit.template
> git status -z -u
> git symbolic-ref --short HEAD
> git rev-parse master
> git rev-parse --symbolic-full-name master@{u}
> git rev-list --left-right master...refs/remotes/origin/master
> git for-each-ref --sort -committerdate --format %(refname) %(objectname) %(*objectname)
> git remote --verbose
> git config --get commit.template
> git status -z -u
> git symbolic-ref --short HEAD
> git rev-parse master
> git rev-parse --symbolic-full-name master@{u}
> git rev-list --left-right master...refs/remotes/origin/master
> git for-each-ref --sort -committerdate --format %(refname) %(objectname) %(*objectname)
> git remote --verbose
> git config --get commit.template
> git status -z -u
> git symbolic-ref --short HEAD
> git rev-parse master
> git rev-parse --symbolic-full-name master@{u}
> git rev-list --left-right master...refs/remotes/origin/master
> git for-each-ref --sort -committerdate --format %(refname) %(objectname) %(*objectname)
> git remote --verbose
> git config --get commit.template
> git show --textconv :app/Traits/UploadTrait.php
> git ls-files --stage -- /home/dias/projetos/ESTUDAPORRA/app/Traits/UploadTrait.php
> git show --textconv :routes/web.php
> git ls-files --stage -- /home/dias/projetos/ESTUDAPORRA/routes/web.php
> git cat-file -s 48534c97d8af3636c39bcb1e3f583b985454b79e
> git status -z -u
> git symbolic-ref --short HEAD
> git rev-parse master
> git rev-parse --symbolic-full-name master@{u}
> git rev-list --left-right master...refs/remotes/origin/master
> git for-each-ref --sort -committerdate --format %(refname) %(objectname) %(*objectname)
> git remote --verbose
> git config --get commit.template
> git status -z -u
> git symbolic-ref --short HEAD
> git rev-parse master
> git rev-parse --symbolic-full-name master@{u}
> git rev-list --left-right master...refs/remotes/origin/master
> git for-each-ref --sort -committerdate --format %(refname) %(objectname) %(*objectname)
> git remote --verbose
> git config --get commit.template
> git status -z -u
> git symbolic-ref --short HEAD
> git rev-parse master
> git rev-parse --symbolic-full-name master@{u}
> git rev-list --left-right master...refs/remotes/origin/master
> git for-each-ref --sort -committerdate --format %(refname) %(objectname) %(*objectname)
> git remote --verbose
> git config --get commit.template
> git show --textconv :app/Http/Controllers/Admin/ProductController.php
> git ls-files --stage -- /home/dias/projetos/ESTUDAPORRA/app/Http/Controllers/Admin/ProductController.php
> git cat-file -s d51fe24d5ac781e93e30c39fd5d135674049d09a
> git check-ignore -v -z --stdin
> git status -z -u
> git symbolic-ref --short HEAD
> git rev-parse master
> git rev-parse --symbolic-full-name master@{u}
> git rev-list --left-right master...refs/remotes/origin/master
> git for-each-ref --sort -committerdate --format %(refname) %(objectname) %(*objectname)
> git remote --verbose
> git config --get commit.template
> git status -z -u
> git symbolic-ref --short HEAD
> git rev-parse master
> git rev-parse --symbolic-full-name master@{u}
> git rev-list --left-right master...refs/remotes/origin/master
> git for-each-ref --sort -committerdate --format %(refname) %(objectname) %(*objectname)
> git remote --verbose
> git config --get commit.template
> git status -z -u
> git symbolic-ref --short HEAD
> git rev-parse master
> git rev-parse --symbolic-full-name master@{u}
> git rev-list --left-right master...refs/remotes/origin/master
> git for-each-ref --sort -committerdate --format %(refname) %(objectname) %(*objectname)
> git remote --verbose
> git config --get commit.template
> git ls-files --stage -- /home/dias/projetos/ESTUDAPORRA/app/Http/Controllers/Admin/ProductController.php
> git status -z -u
> git cat-file -s d51fe24d5ac781e93e30c39fd5d135674049d09a
> git symbolic-ref --short HEAD
> git rev-parse master
> git rev-parse --symbolic-full-name master@{u}
> git rev-list --left-right master...refs/remotes/origin/master
> git for-each-ref --sort -committerdate --format %(refname) %(objectname) %(*objectname)
> git remote --verbose
> git config --get commit.template
> git show --textconv :app/Traits/UploadTrait.php
> git ls-files --stage -- /home/dias/projetos/ESTUDAPORRA/app/Traits/UploadTrait.php
> git status -z -u
> git symbolic-ref --short HEAD
> git rev-parse master
> git rev-parse --symbolic-full-name master@{u}
> git rev-list --left-right master...refs/remotes/origin/master
> git for-each-ref --sort -committerdate --format %(refname) %(objectname) %(*objectname)
> git remote --verbose
> git config --get commit.template
> git show --textconv :app/Http/Controllers/Admin/StoreController.php
> git ls-files --stage -- /home/dias/projetos/ESTUDAPORRA/app/Http/Controllers/Admin/StoreController.php
> git cat-file -s f4a31f836e1cea1896f326f9e0212d2db614c641
> git show --textconv :app/Traits/UploadTrait.php
> git ls-files --stage -- /home/dias/projetos/ESTUDAPORRA/app/Traits/UploadTrait.php
> git status -z -u
> git symbolic-ref --short HEAD
> git rev-parse master
> git rev-parse --symbolic-full-name master@{u}
> git rev-list --left-right master...refs/remotes/origin/master
> git for-each-ref --sort -committerdate --format %(refname) %(objectname) %(*objectname)
> git remote --verbose
> git config --get commit.template
> git show --textconv :app/Http/Controllers/Admin/ProductController.php
> git ls-files --stage -- /home/dias/projetos/ESTUDAPORRA/app/Http/Controllers/Admin/ProductController.php
> git cat-file -s d51fe24d5ac781e93e30c39fd5d135674049d09a
> git show --textconv :app/Traits/UploadTrait.php
> git ls-files --stage -- /home/dias/projetos/ESTUDAPORRA/app/Traits/UploadTrait.php
> git show --textconv :app/Http/Controllers/Admin/ProductController.php
> git ls-files --stage -- /home/dias/projetos/ESTUDAPORRA/app/Http/Controllers/Admin/ProductController.php
> git cat-file -s d51fe24d5ac781e93e30c39fd5d135674049d09a
> git status -z -u
> git symbolic-ref --short HEAD
> git rev-parse master
> git rev-parse --symbolic-full-name master@{u}
> git rev-list --left-right master...refs/remotes/origin/master
> git for-each-ref --sort -committerdate --format %(refname) %(objectname) %(*objectname)
> git remote --verbose
> git config --get commit.template
> git status -z -u
> git symbolic-ref --short HEAD
> git rev-parse master
> git rev-parse --symbolic-full-name master@{u}
> git rev-list --left-right master...refs/remotes/origin/master
> git for-each-ref --sort -committerdate --format %(refname) %(objectname) %(*objectname)
> git remote --verbose
> git config --get commit.template
> git status -z -u
> git symbolic-ref --short HEAD
> git rev-parse master
> git rev-parse --symbolic-full-name master@{u}
> git rev-list --left-right master...refs/remotes/origin/master
> git for-each-ref --sort -committerdate --format %(refname) %(objectname) %(*objectname)
> git remote --verbose
> git config --get commit.template
> git check-ignore -v -z --stdin
> git status -z -u
> git symbolic-ref --short HEAD
> git rev-parse master
> git rev-parse --symbolic-full-name master@{u}
> git rev-list --left-right master...refs/remotes/origin/master
> git for-each-ref --sort -committerdate --format %(refname) %(objectname) %(*objectname)
> git remote --verbose
> git config --get commit.template
> git show --textconv :app/Traits/UploadTrait.php
> git ls-files --stage -- /home/dias/projetos/ESTUDAPORRA/app/Traits/UploadTrait.php
> git status -z -u
> git symbolic-ref --short HEAD
> git rev-parse master
> git rev-parse --symbolic-full-name master@{u}
> git rev-list --left-right master...refs/remotes/origin/master
> git for-each-ref --sort -committerdate --format %(refname) %(objectname) %(*objectname)
> git remote --verbose
> git config --get commit.template
> git check-ignore -v -z --stdin
> git status -z -u
> git symbolic-ref --short HEAD
> git rev-parse master
> git rev-parse --symbolic-full-name master@{u}
> git rev-list --left-right master...refs/remotes/origin/master
> git for-each-ref --sort -committerdate --format %(refname) %(objectname) %(*objectname)
> git remote --verbose
> git config --get commit.template
> git show --textconv :app/Http/Controllers/Admin/ProductController.php
> git ls-files --stage -- /home/dias/projetos/ESTUDAPORRA/app/Http/Controllers/Admin/ProductController.php
> git cat-file -s d51fe24d5ac781e93e30c39fd5d135674049d09a
> git show --textconv :app/Http/Requests/ProductRequest.php
> git ls-files --stage -- /home/dias/projetos/ESTUDAPORRA/app/Http/Requests/ProductRequest.php
> git cat-file -s a05f6a3b566bf7b9340d32191f5a4d7f1b32f040
> git show --textconv :app/Http/Requests/StoreRequest.php
> git ls-files --stage -- /home/dias/projetos/ESTUDAPORRA/app/Http/Requests/StoreRequest.php
> git cat-file -s 924bb203912a4d4591957a8a78c1a5f6ad8e1128
> git show --textconv :app/Http/Requests/ProductRequest.php
> git ls-files --stage -- /home/dias/projetos/ESTUDAPORRA/app/Http/Requests/ProductRequest.php
> git cat-file -s a05f6a3b566bf7b9340d32191f5a4d7f1b32f040
> git show --textconv :app/Http/Requests/StoreRequest.php
> git ls-files --stage -- /home/dias/projetos/ESTUDAPORRA/app/Http/Requests/StoreRequest.php
> git cat-file -s 924bb203912a4d4591957a8a78c1a5f6ad8e1128
> git show --textconv :app/Http/Requests/ProductRequest.php
> git ls-files --stage -- /home/dias/projetos/ESTUDAPORRA/app/Http/Requests/ProductRequest.php
> git cat-file -s a05f6a3b566bf7b9340d32191f5a4d7f1b32f040
> git show --textconv :app/Http/Requests/StoreRequest.php
> git ls-files --stage -- /home/dias/projetos/ESTUDAPORRA/app/Http/Requests/StoreRequest.php
> git cat-file -s 924bb203912a4d4591957a8a78c1a5f6ad8e1128
> git status -z -u
> git symbolic-ref --short HEAD
> git rev-parse master
> git rev-parse --symbolic-full-name master@{u}
> git rev-list --left-right master...refs/remotes/origin/master
> git for-each-ref --sort -committerdate --format %(refname) %(objectname) %(*objectname)
> git remote --verbose
> git config --get commit.template
> git status -z -u
> git symbolic-ref --short HEAD
> git rev-parse master
> git rev-parse --symbolic-full-name master@{u}
> git rev-list --left-right master...refs/remotes/origin/master
> git for-each-ref --sort -committerdate --format %(refname) %(objectname) %(*objectname)
> git remote --verbose
> git config --get commit.template
> git status -z -u
> git symbolic-ref --short HEAD
> git rev-parse master
> git rev-parse --symbolic-full-name master@{u}
> git rev-list --left-right master...refs/remotes/origin/master
> git for-each-ref --sort -committerdate --format %(refname) %(objectname) %(*objectname)
> git remote --verbose
> git config --get commit.template
> git show --textconv :resources/views/admin/products/create.blade.php
> git ls-files --stage -- /home/dias/projetos/ESTUDAPORRA/resources/views/admin/products/create.blade.php
> git cat-file -s bd1ec060d7c0e3fb6031f99c634a8f3870718318
> git show --textconv :resources/views/admin/products/edit.blade.php
> git ls-files --stage -- /home/dias/projetos/ESTUDAPORRA/resources/views/admin/products/edit.blade.php
> git cat-file -s 1c9decdfce119f730386ef946b450159d68a8a37
> git show --textconv :resources/views/admin/products/create.blade.php
> git ls-files --stage -- /home/dias/projetos/ESTUDAPORRA/resources/views/admin/products/create.blade.php
> git cat-file -s bd1ec060d7c0e3fb6031f99c634a8f3870718318
> git show --textconv :resources/views/admin/products/edit.blade.php
> git ls-files --stage -- /home/dias/projetos/ESTUDAPORRA/resources/views/admin/products/edit.blade.php
> git cat-file -s 1c9decdfce119f730386ef946b450159d68a8a37
> git show --textconv :resources/views/admin/products/create.blade.php
> git ls-files --stage -- /home/dias/projetos/ESTUDAPORRA/resources/views/admin/products/create.blade.php
> git cat-file -s bd1ec060d7c0e3fb6031f99c634a8f3870718318
> git show --textconv :resources/views/admin/products/edit.blade.php
> git ls-files --stage -- /home/dias/projetos/ESTUDAPORRA/resources/views/admin/products/edit.blade.php
> git cat-file -s 1c9decdfce119f730386ef946b450159d68a8a37
> git show --textconv :resources/views/admin/products/create.blade.php
> git ls-files --stage -- /home/dias/projetos/ESTUDAPORRA/resources/views/admin/products/create.blade.php
> git cat-file -s bd1ec060d7c0e3fb6031f99c634a8f3870718318
> git status -z -u
> git symbolic-ref --short HEAD
> git rev-parse master
> git rev-parse --symbolic-full-name master@{u}
> git rev-list --left-right master...refs/remotes/origin/master
> git for-each-ref --sort -committerdate --format %(refname) %(objectname) %(*objectname)
> git remote --verbose
> git config --get commit.template
> git show --textconv :app/Http/Requests/ProductRequest.php
> git ls-files --stage -- /home/dias/projetos/ESTUDAPORRA/app/Http/Requests/ProductRequest.php
> git cat-file -s a05f6a3b566bf7b9340d32191f5a4d7f1b32f040
> git show --textconv :app/Http/Requests/StoreRequest.php
> git ls-files --stage -- /home/dias/projetos/ESTUDAPORRA/app/Http/Requests/StoreRequest.php
> git cat-file -s 924bb203912a4d4591957a8a78c1a5f6ad8e1128
> git show --textconv :app/Http/Requests/ProductRequest.php
> git ls-files --stage -- /home/dias/projetos/ESTUDAPORRA/app/Http/Requests/ProductRequest.php
> git cat-file -s a05f6a3b566bf7b9340d32191f5a4d7f1b32f040
> git show --textconv :app/Http/Requests/StoreRequest.php
> git ls-files --stage -- /home/dias/projetos/ESTUDAPORRA/app/Http/Requests/StoreRequest.php
> git cat-file -s 924bb203912a4d4591957a8a78c1a5f6ad8e1128
> git status -z -u
> git symbolic-ref --short HEAD
> git rev-parse master
> git rev-parse --symbolic-full-name master@{u}
> git rev-list --left-right master...refs/remotes/origin/master
> git for-each-ref --sort -committerdate --format %(refname) %(objectname) %(*objectname)
> git remote --verbose
> git config --get commit.template
> git status -z -u
> git symbolic-ref --short HEAD
> git rev-parse master
> git rev-parse --symbolic-full-name master@{u}
> git rev-list --left-right master...refs/remotes/origin/master
> git for-each-ref --sort -committerdate --format %(refname) %(objectname) %(*objectname)
> git remote --verbose
> git config --get commit.template
> git show --textconv :resources/views/admin/stores/create.blade.php
> git ls-files --stage -- /home/dias/projetos/ESTUDAPORRA/resources/views/admin/stores/create.blade.php
> git cat-file -s 3fab7986c08ca33ff2437ffe786a16522cc43e40
> git show --textconv :resources/views/admin/stores/edit.blade.php
> git ls-files --stage -- /home/dias/projetos/ESTUDAPORRA/resources/views/admin/stores/edit.blade.php
> git cat-file -s f3e88eeac9f780794cd1e3e47b1285b84703f6c3
> git show --textconv :resources/views/admin/stores/create.blade.php
> git ls-files --stage -- /home/dias/projetos/ESTUDAPORRA/resources/views/admin/stores/create.blade.php
> git cat-file -s 3fab7986c08ca33ff2437ffe786a16522cc43e40
> git show --textconv :resources/views/admin/stores/edit.blade.php
> git ls-files --stage -- /home/dias/projetos/ESTUDAPORRA/resources/views/admin/stores/edit.blade.php
> git cat-file -s f3e88eeac9f780794cd1e3e47b1285b84703f6c3
> git show --textconv :resources/views/admin/stores/create.blade.php
> git ls-files --stage -- /home/dias/projetos/ESTUDAPORRA/resources/views/admin/stores/create.blade.php
> git cat-file -s 3fab7986c08ca33ff2437ffe786a16522cc43e40
> git status -z -u
> git symbolic-ref --short HEAD
> git rev-parse master
> git rev-parse --symbolic-full-name master@{u}
> git rev-list --left-right master...refs/remotes/origin/master
> git for-each-ref --sort -committerdate --format %(refname) %(objectname) %(*objectname)
> git remote --verbose
> git config --get commit.template
> git show --textconv :resources/views/admin/stores/edit.blade.php
> git ls-files --stage -- /home/dias/projetos/ESTUDAPORRA/resources/views/admin/stores/edit.blade.php
> git cat-file -s f3e88eeac9f780794cd1e3e47b1285b84703f6c3
> git show --textconv :resources/views/admin/stores/create.blade.php
> git ls-files --stage -- /home/dias/projetos/ESTUDAPORRA/resources/views/admin/stores/create.blade.php
> git cat-file -s 3fab7986c08ca33ff2437ffe786a16522cc43e40
> git status -z -u
> git symbolic-ref --short HEAD
> git rev-parse master
> git rev-parse --symbolic-full-name master@{u}
> git rev-list --left-right master...refs/remotes/origin/master
> git for-each-ref --sort -committerdate --format %(refname) %(objectname) %(*objectname)
> git remote --verbose
> git config --get commit.template
> git status -z -u
> git symbolic-ref --short HEAD
> git rev-parse master
> git rev-parse --symbolic-full-name master@{u}
> git rev-list --left-right master...refs/remotes/origin/master
> git for-each-ref --sort -committerdate --format %(refname) %(objectname) %(*objectname)
> git remote --verbose
> git config --get commit.template
> git show --textconv :resources/views/admin/stores/edit.blade.php
> git ls-files --stage -- /home/dias/projetos/ESTUDAPORRA/resources/views/admin/stores/edit.blade.php
> git cat-file -s f3e88eeac9f780794cd1e3e47b1285b84703f6c3
> git status -z -u
> git symbolic-ref --short HEAD
> git rev-parse master
> git rev-parse --symbolic-full-name master@{u}
> git rev-list --left-right master...refs/remotes/origin/master
> git for-each-ref --sort -committerdate --format %(refname) %(objectname) %(*objectname)
> git remote --verbose
> git config --get commit.template
> git status -z -u
> git symbolic-ref --short HEAD
> git rev-parse master
> git rev-parse --symbolic-full-name master@{u}
> git rev-list --left-right master...refs/remotes/origin/master
> git for-each-ref --sort -committerdate --format %(refname) %(objectname) %(*objectname)
> git remote --verbose
> git config --get commit.template
> git check-ignore -v -z --stdin
> git status -z -u
> git symbolic-ref --short HEAD
> git rev-parse master
> git rev-parse --symbolic-full-name master@{u}
> git rev-list --left-right master...refs/remotes/origin/master
> git for-each-ref --sort -committerdate --format %(refname) %(objectname) %(*objectname)
> git remote --verbose
> git config --get commit.template
> git show --textconv :app/Http/Controllers/Admin/CategoryController.php
> git ls-files --stage -- /home/dias/projetos/ESTUDAPORRA/app/Http/Controllers/Admin/CategoryController.php
> git cat-file -s adcd3f59df4b30bb4821fcef9a0a9b222dafcd2d
> git status -z -u
> git symbolic-ref --short HEAD
> git rev-parse master
> git rev-parse --symbolic-full-name master@{u}
> git rev-list --left-right master...refs/remotes/origin/master
> git for-each-ref --sort -committerdate --format %(refname) %(objectname) %(*objectname)
> git remote --verbose
> git config --get commit.template
> git show --textconv :routes/web.php
> git ls-files --stage -- /home/dias/projetos/ESTUDAPORRA/routes/web.php
> git cat-file -s 48534c97d8af3636c39bcb1e3f583b985454b79e
> git check-ignore -v -z --stdin
> git show --textconv :resources/views/layouts/app.blade.php
> git ls-files --stage -- /home/dias/projetos/ESTUDAPORRA/resources/views/layouts/app.blade.php
> git cat-file -s aa08d5c81c39fa85c02c5e45573e3ef0ffb9590d
> git show --textconv :app/Http/Controllers/Admin/ProductController.php
> git ls-files --stage -- /home/dias/projetos/ESTUDAPORRA/app/Http/Controllers/Admin/ProductController.php
> git cat-file -s d51fe24d5ac781e93e30c39fd5d135674049d09a
> git show --textconv :resources/views/admin/products/edit.blade.php
> git ls-files --stage -- /home/dias/projetos/ESTUDAPORRA/resources/views/admin/products/edit.blade.php
> git cat-file -s 1c9decdfce119f730386ef946b450159d68a8a37
> git show --textconv :app/Http/Controllers/Admin/ProductController.php
> git ls-files --stage -- /home/dias/projetos/ESTUDAPORRA/app/Http/Controllers/Admin/ProductController.php
> git cat-file -s d51fe24d5ac781e93e30c39fd5d135674049d09a
> git status -z -u
> git symbolic-ref --short HEAD
> git rev-parse master
> git rev-parse --symbolic-full-name master@{u}
> git rev-list --left-right master...refs/remotes/origin/master
> git for-each-ref --sort -committerdate --format %(refname) %(objectname) %(*objectname)
> git remote --verbose
> git config --get commit.template
> git check-ignore -v -z --stdin
> git check-ignore -v -z --stdin
> git status -z -u
> git symbolic-ref --short HEAD
> git rev-parse master
> git rev-parse --symbolic-full-name master@{u}
> git rev-list --left-right master...refs/remotes/origin/master
> git for-each-ref --sort -committerdate --format %(refname) %(objectname) %(*objectname)
> git remote --verbose
> git config --get commit.template
> git check-ignore -v -z --stdin
> git show --textconv :database/migrations/2021_01_21_235108_create_product_photos_table.php
> git ls-files --stage -- /home/dias/projetos/ESTUDAPORRA/database/migrations/2021_01_21_235108_create_product_photos_table.php
> git cat-file -s 8028af8d63b3c46871415949c6d0a1cba0361e16
> git status -z -u
> git symbolic-ref --short HEAD
> git rev-parse master
> git rev-parse --symbolic-full-name master@{u}
> git rev-list --left-right master...refs/remotes/origin/master
> git for-each-ref --sort -committerdate --format %(refname) %(objectname) %(*objectname)
> git remote --verbose
> git config --get commit.template
> git show --textconv :database/migrations/2021_01_21_235607_alter_table_stores_add_column_logo.php
> git ls-files --stage -- /home/dias/projetos/ESTUDAPORRA/database/migrations/2021_01_21_235607_alter_table_stores_add_column_logo.php
> git cat-file -s 40d3512564a151b9067cda2e0f7151c78838d3eb
> git show --textconv :database/migrations/2021_01_21_235108_create_product_photos_table.php
> git ls-files --stage -- /home/dias/projetos/ESTUDAPORRA/database/migrations/2021_01_21_235108_create_product_photos_table.php
> git cat-file -s 8028af8d63b3c46871415949c6d0a1cba0361e16
> git show --textconv :database/migrations/2021_01_21_235607_alter_table_stores_add_column_logo.php
> git ls-files --stage -- /home/dias/projetos/ESTUDAPORRA/database/migrations/2021_01_21_235607_alter_table_stores_add_column_logo.php
> git cat-file -s 40d3512564a151b9067cda2e0f7151c78838d3eb
> git show --textconv :database/migrations/2021_01_21_235108_create_product_photos_table.php
> git ls-files --stage -- /home/dias/projetos/ESTUDAPORRA/database/migrations/2021_01_21_235108_create_product_photos_table.php
> git cat-file -s 8028af8d63b3c46871415949c6d0a1cba0361e16
> git show --textconv :database/migrations/2021_01_21_235607_alter_table_stores_add_column_logo.php
> git ls-files --stage -- /home/dias/projetos/ESTUDAPORRA/database/migrations/2021_01_21_235607_alter_table_stores_add_column_logo.php
> git cat-file -s 40d3512564a151b9067cda2e0f7151c78838d3eb
> git show --textconv :database/migrations/2021_01_21_235108_create_product_photos_table.php
> git ls-files --stage -- /home/dias/projetos/ESTUDAPORRA/database/migrations/2021_01_21_235108_create_product_photos_table.php
> git cat-file -s 8028af8d63b3c46871415949c6d0a1cba0361e16
> git show --textconv :resources/views/admin/products/create.blade.php
> git ls-files --stage -- /home/dias/projetos/ESTUDAPORRA/resources/views/admin/products/create.blade.php
> git cat-file -s bd1ec060d7c0e3fb6031f99c634a8f3870718318
> git status -z -u
> git symbolic-ref --short HEAD
> git rev-parse master
> git rev-parse --symbolic-full-name master@{u}
> git rev-list --left-right master...refs/remotes/origin/master
> git for-each-ref --sort -committerdate --format %(refname) %(objectname) %(*objectname)
> git remote --verbose
> git config --get commit.template
> git status -z -u
> git symbolic-ref --short HEAD
> git rev-parse master
> git rev-parse --symbolic-full-name master@{u}
> git rev-list --left-right master...refs/remotes/origin/master
> git for-each-ref --sort -committerdate --format %(refname) %(objectname) %(*objectname)
> git remote --verbose
> git config --get commit.template
> git check-ignore -v -z --stdin
> git show --textconv :app/Http/Controllers/Admin/ProductController.php
> git ls-files --stage -- /home/dias/projetos/ESTUDAPORRA/app/Http/Controllers/Admin/ProductController.php
> git cat-file -s d51fe24d5ac781e93e30c39fd5d135674049d09a
> git show --textconv :app/Product.php
> git ls-files --stage -- /home/dias/projetos/ESTUDAPORRA/app/Product.php
> git cat-file -s 0dbf941e500d7f0bc947f63d70e44b2ba6fd7c3f
> git show --textconv :app/ProductPhoto.php
> git ls-files --stage -- /home/dias/projetos/ESTUDAPORRA/app/ProductPhoto.php
> git cat-file -s 5256d46281ae033b3c2f6e9985a3e5d94c458ca2
> git show --textconv :app/Product.php
> git ls-files --stage -- /home/dias/projetos/ESTUDAPORRA/app/Product.php
> git cat-file -s 0dbf941e500d7f0bc947f63d70e44b2ba6fd7c3f
> git show --textconv :app/ProductPhoto.php
> git ls-files --stage -- /home/dias/projetos/ESTUDAPORRA/app/ProductPhoto.php
> git cat-file -s 5256d46281ae033b3c2f6e9985a3e5d94c458ca2
> git show --textconv :app/Product.php
> git ls-files --stage -- /home/dias/projetos/ESTUDAPORRA/app/Product.php
> git cat-file -s 0dbf941e500d7f0bc947f63d70e44b2ba6fd7c3f
> git show --textconv :app/Http/Controllers/Admin/ProductController.php
> git ls-files --stage -- /home/dias/projetos/ESTUDAPORRA/app/Http/Controllers/Admin/ProductController.php
> git cat-file -s d51fe24d5ac781e93e30c39fd5d135674049d09a
> git show --textconv :database/migrations/2021_01_21_235108_create_product_photos_table.php
> git ls-files --stage -- /home/dias/projetos/ESTUDAPORRA/database/migrations/2021_01_21_235108_create_product_photos_table.php
> git cat-file -s 8028af8d63b3c46871415949c6d0a1cba0361e16
> git show --textconv :app/Product.php
> git ls-files --stage -- /home/dias/projetos/ESTUDAPORRA/app/Product.php
> git cat-file -s 0dbf941e500d7f0bc947f63d70e44b2ba6fd7c3f
> git show --textconv :app/Http/Controllers/Admin/ProductController.php
> git ls-files --stage -- /home/dias/projetos/ESTUDAPORRA/app/Http/Controllers/Admin/ProductController.php
> git cat-file -s d51fe24d5ac781e93e30c39fd5d135674049d09a
> git show --textconv :app/Http/Controllers/Admin/ProductPhotoController.php
> git ls-files --stage -- /home/dias/projetos/ESTUDAPORRA/app/Http/Controllers/Admin/ProductPhotoController.php
> git cat-file -s 61fe9226e4f2f64a30f12b08a55c8487105a1292
> git show --textconv :app/Http/Controllers/Admin/ProductController.php
> git ls-files --stage -- /home/dias/projetos/ESTUDAPORRA/app/Http/Controllers/Admin/ProductController.php
> git cat-file -s d51fe24d5ac781e93e30c39fd5d135674049d09a
> git show --textconv :app/ProductPhoto.php
> git ls-files --stage -- /home/dias/projetos/ESTUDAPORRA/app/ProductPhoto.php
> git cat-file -s 5256d46281ae033b3c2f6e9985a3e5d94c458ca2
> git status -z -u
> git symbolic-ref --short HEAD
> git rev-parse master
> git rev-parse --symbolic-full-name master@{u}
> git rev-list --left-right master...refs/remotes/origin/master
> git for-each-ref --sort -committerdate --format %(refname) %(objectname) %(*objectname)
> git remote --verbose
> git config --get commit.template
> git show --textconv :app/Http/Controllers/Admin/ProductController.php
> git ls-files --stage -- /home/dias/projetos/ESTUDAPORRA/app/Http/Controllers/Admin/ProductController.php
> git cat-file -s d51fe24d5ac781e93e30c39fd5d135674049d09a
> git status -z -u
> git symbolic-ref --short HEAD
> git rev-parse master
> git rev-parse --symbolic-full-name master@{u}
> git rev-list --left-right master...refs/remotes/origin/master
> git for-each-ref --sort -committerdate --format %(refname) %(objectname) %(*objectname)
> git remote --verbose
> git config --get commit.template
> git status -z -u
> git symbolic-ref --short HEAD
> git rev-parse master
> git rev-parse --symbolic-full-name master@{u}
> git rev-list --left-right master...refs/remotes/origin/master
> git for-each-ref --sort -committerdate --format %(refname) %(objectname) %(*objectname)
> git remote --verbose
> git config --get commit.template
> git status -z -u
> git symbolic-ref --short HEAD
> git rev-parse master
> git rev-parse --symbolic-full-name master@{u}
> git rev-list --left-right master...refs/remotes/origin/master
> git for-each-ref --sort -committerdate --format %(refname) %(objectname) %(*objectname)
> git remote --verbose
> git config --get commit.template
> git status -z -u
> git symbolic-ref --short HEAD
> git rev-parse master
> git rev-parse --symbolic-full-name master@{u}
> git rev-list --left-right master...refs/remotes/origin/master
> git for-each-ref --sort -committerdate --format %(refname) %(objectname) %(*objectname)
> git remote --verbose
> git config --get commit.template
> git status -z -u
> git symbolic-ref --short HEAD
> git rev-parse master
> git rev-parse --symbolic-full-name master@{u}
> git rev-list --left-right master...refs/remotes/origin/master
> git for-each-ref --sort -committerdate --format %(refname) %(objectname) %(*objectname)
> git remote --verbose
> git config --get commit.template
> git show --textconv :app/ProductPhoto.php
> git ls-files --stage -- /home/dias/projetos/ESTUDAPORRA/app/ProductPhoto.php
> git cat-file -s 5256d46281ae033b3c2f6e9985a3e5d94c458ca2
> git show --textconv :app/Product.php
> git ls-files --stage -- /home/dias/projetos/ESTUDAPORRA/app/Product.php
> git cat-file -s 0dbf941e500d7f0bc947f63d70e44b2ba6fd7c3f
> git show --textconv :resources/views/admin/products/edit.blade.php
> git ls-files --stage -- /home/dias/projetos/ESTUDAPORRA/resources/views/admin/products/edit.blade.php
> git cat-file -s 1c9decdfce119f730386ef946b450159d68a8a37
> git show --textconv :app/Http/Controllers/Admin/ProductController.php
> git ls-files --stage -- /home/dias/projetos/ESTUDAPORRA/app/Http/Controllers/Admin/ProductController.php
> git cat-file -s d51fe24d5ac781e93e30c39fd5d135674049d09a
> git show --textconv :resources/views/admin/products/edit.blade.php
> git ls-files --stage -- /home/dias/projetos/ESTUDAPORRA/resources/views/admin/products/edit.blade.php
> git cat-file -s 1c9decdfce119f730386ef946b450159d68a8a37
> git status -z -u
> git symbolic-ref --short HEAD
> git rev-parse master
> git rev-parse --symbolic-full-name master@{u}
> git rev-list --left-right master...refs/remotes/origin/master
> git for-each-ref --sort -committerdate --format %(refname) %(objectname) %(*objectname)
> git remote --verbose
> git config --get commit.template
> git status -z -u
> git symbolic-ref --short HEAD
> git rev-parse master
> git rev-parse --symbolic-full-name master@{u}
> git rev-list --left-right master...refs/remotes/origin/master
> git for-each-ref --sort -committerdate --format %(refname) %(objectname) %(*objectname)
> git remote --verbose
> git config --get commit.template
> git status -z -u
> git symbolic-ref --short HEAD
> git rev-parse master
> git rev-parse --symbolic-full-name master@{u}
> git rev-list --left-right master...refs/remotes/origin/master
> git for-each-ref --sort -committerdate --format %(refname) %(objectname) %(*objectname)
> git remote --verbose
> git config --get commit.template
> git status -z -u
> git symbolic-ref --short HEAD
> git rev-parse master
> git rev-parse --symbolic-full-name master@{u}
> git rev-list --left-right master...refs/remotes/origin/master
> git for-each-ref --sort -committerdate --format %(refname) %(objectname) %(*objectname)
> git remote --verbose
> git config --get commit.template
> git status -z -u
> git symbolic-ref --short HEAD
> git rev-parse master
> git rev-parse --symbolic-full-name master@{u}
> git rev-list --left-right master...refs/remotes/origin/master
> git for-each-ref --sort -committerdate --format %(refname) %(objectname) %(*objectname)
> git remote --verbose
> git config --get commit.template
> git show --textconv :app/Http/Controllers/Admin/ProductController.php
> git ls-files --stage -- /home/dias/projetos/ESTUDAPORRA/app/Http/Controllers/Admin/ProductController.php
> git cat-file -s d51fe24d5ac781e93e30c39fd5d135674049d09a
> git status -z -u
> git symbolic-ref --short HEAD
> git rev-parse master
> git rev-parse --symbolic-full-name master@{u}
> git rev-list --left-right master...refs/remotes/origin/master
> git for-each-ref --sort -committerdate --format %(refname) %(objectname) %(*objectname)
> git remote --verbose
> git config --get commit.template
> git show --textconv :app/Http/Controllers/Admin/ProductPhotoController.php
> git ls-files --stage -- /home/dias/projetos/ESTUDAPORRA/app/Http/Controllers/Admin/ProductPhotoController.php
> git cat-file -s 61fe9226e4f2f64a30f12b08a55c8487105a1292
> git show --textconv :app/Http/Controllers/Admin/ProductController.php
> git ls-files --stage -- /home/dias/projetos/ESTUDAPORRA/app/Http/Controllers/Admin/ProductController.php
> git cat-file -s d51fe24d5ac781e93e30c39fd5d135674049d09a
> git status -z -u
> git symbolic-ref --short HEAD
> git rev-parse master
> git rev-parse --symbolic-full-name master@{u}
> git rev-list --left-right master...refs/remotes/origin/master
> git for-each-ref --sort -committerdate --format %(refname) %(objectname) %(*objectname)
> git remote --verbose
> git config --get commit.template
> git status -z -u
> git symbolic-ref --short HEAD
> git rev-parse master
> git rev-parse --symbolic-full-name master@{u}
> git rev-list --left-right master...refs/remotes/origin/master
> git for-each-ref --sort -committerdate --format %(refname) %(objectname) %(*objectname)
> git remote --verbose
> git config --get commit.template
> git status -z -u
> git symbolic-ref --short HEAD
> git rev-parse master
> git rev-parse --symbolic-full-name master@{u}
> git rev-list --left-right master...refs/remotes/origin/master
> git for-each-ref --sort -committerdate --format %(refname) %(objectname) %(*objectname)
> git remote --verbose
> git config --get commit.template
> git status -z -u
> git symbolic-ref --short HEAD
> git rev-parse master
> git rev-parse --symbolic-full-name master@{u}
> git rev-list --left-right master...refs/remotes/origin/master
> git for-each-ref --sort -committerdate --format %(refname) %(objectname) %(*objectname)
> git remote --verbose
> git config --get commit.template
> git show --textconv :app/Http/Controllers/Admin/ProductPhotoController.php
> git ls-files --stage -- /home/dias/projetos/ESTUDAPORRA/app/Http/Controllers/Admin/ProductPhotoController.php
> git cat-file -s 61fe9226e4f2f64a30f12b08a55c8487105a1292
> git show --textconv :app/ProductPhoto.php
> git ls-files --stage -- /home/dias/projetos/ESTUDAPORRA/app/ProductPhoto.php
> git cat-file -s 5256d46281ae033b3c2f6e9985a3e5d94c458ca2
> git status -z -u
> git symbolic-ref --short HEAD
> git rev-parse master
> git rev-parse --symbolic-full-name master@{u}
> git rev-list --left-right master...refs/remotes/origin/master
> git for-each-ref --sort -committerdate --format %(refname) %(objectname) %(*objectname)
> git remote --verbose
> git config --get commit.template
> git show --textconv :app/Http/Controllers/Admin/StoreController.php
> git ls-files --stage -- /home/dias/projetos/ESTUDAPORRA/app/Http/Controllers/Admin/StoreController.php
> git cat-file -s f4a31f836e1cea1896f326f9e0212d2db614c641
> git status -z -u
> git symbolic-ref --short HEAD
> git rev-parse master
> git rev-parse --symbolic-full-name master@{u}
> git rev-list --left-right master...refs/remotes/origin/master
> git for-each-ref --sort -committerdate --format %(refname) %(objectname) %(*objectname)
> git remote --verbose
> git config --get commit.template
> git show --textconv :resources/views/admin/stores/edit.blade.php
> git ls-files --stage -- /home/dias/projetos/ESTUDAPORRA/resources/views/admin/stores/edit.blade.php
> git cat-file -s f3e88eeac9f780794cd1e3e47b1285b84703f6c3
> git status -z -u
> git symbolic-ref --short HEAD
> git rev-parse master
> git rev-parse --symbolic-full-name master@{u}
> git rev-list --left-right master...refs/remotes/origin/master
> git for-each-ref --sort -committerdate --format %(refname) %(objectname) %(*objectname)
> git remote --verbose
> git config --get commit.template
> git status -z -u
> git symbolic-ref --short HEAD
> git rev-parse master
> git rev-parse --symbolic-full-name master@{u}
> git rev-list --left-right master...refs/remotes/origin/master
> git for-each-ref --sort -committerdate --format %(refname) %(objectname) %(*objectname)
> git remote --verbose
> git config --get commit.template
> git status -z -u
> git symbolic-ref --short HEAD
> git rev-parse master
> git rev-parse --symbolic-full-name master@{u}
> git rev-list --left-right master...refs/remotes/origin/master
> git for-each-ref --sort -committerdate --format %(refname) %(objectname) %(*objectname)
> git remote --verbose
> git config --get commit.template
> git status -z -u
> git symbolic-ref --short HEAD
> git rev-parse master
> git rev-parse --symbolic-full-name master@{u}
> git rev-list --left-right master...refs/remotes/origin/master
> git for-each-ref --sort -committerdate --format %(refname) %(objectname) %(*objectname)
> git remote --verbose
> git config --get commit.template
> git status -z -u
> git symbolic-ref --short HEAD
> git rev-parse master
> git rev-parse --symbolic-full-name master@{u}
> git rev-list --left-right master...refs/remotes/origin/master
> git for-each-ref --sort -committerdate --format %(refname) %(objectname) %(*objectname)
> git remote --verbose
> git config --get commit.template
> git check-ignore -v -z --stdin
> git status -z -u
> git symbolic-ref --short HEAD
> git rev-parse master
> git rev-parse --symbolic-full-name master@{u}
> git rev-list --left-right master...refs/remotes/origin/master
> git for-each-ref --sort -committerdate --format %(refname) %(objectname) %(*objectname)
> git remote --verbose
> git config --get commit.template
> git status -z -u
> git symbolic-ref --short HEAD
> git rev-parse master
> git rev-parse --symbolic-full-name master@{u}
> git rev-list --left-right master...refs/remotes/origin/master
> git for-each-ref --sort -committerdate --format %(refname) %(objectname) %(*objectname)
> git remote --verbose
> git config --get commit.template
> git show --textconv :resources/views/admin/stores/edit.blade.php
> git ls-files --stage -- /home/dias/projetos/ESTUDAPORRA/resources/views/admin/stores/edit.blade.php
> git cat-file -s f3e88eeac9f780794cd1e3e47b1285b84703f6c3
> git check-ignore -v -z --stdin
> git check-ignore -v -z --stdin
> git status -z -u
> git symbolic-ref --short HEAD
> git rev-parse master
> git rev-parse --symbolic-full-name master@{u}
> git rev-list --left-right master...refs/remotes/origin/master
> git for-each-ref --sort -committerdate --format %(refname) %(objectname) %(*objectname)
> git remote --verbose
> git config --get commit.template
> git status -z -u
> git symbolic-ref --short HEAD
> git rev-parse master
> git rev-parse --symbolic-full-name master@{u}
> git rev-list --left-right master...refs/remotes/origin/master
> git for-each-ref --sort -committerdate --format %(refname) %(objectname) %(*objectname)
> git remote --verbose
> git config --get commit.template
> git status -z -u
> git symbolic-ref --short HEAD
> git rev-parse master
> git rev-parse --symbolic-full-name master@{u}
> git rev-list --left-right master...refs/remotes/origin/master
> git for-each-ref --sort -committerdate --format %(refname) %(objectname) %(*objectname)
> git remote --verbose
> git config --get commit.template
> git status -z -u
> git symbolic-ref --short HEAD
> git rev-parse master
> git rev-parse --symbolic-full-name master@{u}
> git rev-list --left-right master...refs/remotes/origin/master
> git for-each-ref --sort -committerdate --format %(refname) %(objectname) %(*objectname)
> git remote --verbose
> git config --get commit.template
> git show --textconv :resources/views/admin/stores/index.blade.php
> git ls-files --stage -- /home/dias/projetos/ESTUDAPORRA/resources/views/admin/stores/index.blade.php
> git cat-file -s 20b12fb8251c988e9e6179f6302f8c5da2fceaf2
> git status -z -u
> git symbolic-ref --short HEAD
> git rev-parse master
> git rev-parse --symbolic-full-name master@{u}
> git rev-list --left-right master...refs/remotes/origin/master
> git for-each-ref --sort -committerdate --format %(refname) %(objectname) %(*objectname)
> git remote --verbose
> git config --get commit.template
> git status -z -u
> git symbolic-ref --short HEAD
> git rev-parse master
> git rev-parse --symbolic-full-name master@{u}
> git rev-list --left-right master...refs/remotes/origin/master
> git for-each-ref --sort -committerdate --format %(refname) %(objectname) %(*objectname)
> git remote --verbose
> git config --get commit.template
> git status -z -u
> git symbolic-ref --short HEAD
> git rev-parse master
> git rev-parse --symbolic-full-name master@{u}
> git rev-list --left-right master...refs/remotes/origin/master
> git for-each-ref --sort -committerdate --format %(refname) %(objectname) %(*objectname)
> git remote --verbose
> git config --get commit.template
> git status -z -u
> git symbolic-ref --short HEAD
> git rev-parse master
> git rev-parse --symbolic-full-name master@{u}
> git rev-list --left-right master...refs/remotes/origin/master
> git for-each-ref --sort -committerdate --format %(refname) %(objectname) %(*objectname)
> git remote --verbose
> git config --get commit.template
> git status -z -u
> git symbolic-ref --short HEAD
> git rev-parse master
> git rev-parse --symbolic-full-name master@{u}
> git rev-list --left-right master...refs/remotes/origin/master
> git for-each-ref --sort -committerdate --format %(refname) %(objectname) %(*objectname)
> git remote --verbose
> git config --get commit.template
> git show --textconv :app/Http/Controllers/Admin/ProductController.php
> git ls-files --stage -- /home/dias/projetos/ESTUDAPORRA/app/Http/Controllers/Admin/ProductController.php
> git cat-file -s d51fe24d5ac781e93e30c39fd5d135674049d09a
> git status -z -u
> git symbolic-ref --short HEAD
> git rev-parse master
> git rev-parse --symbolic-full-name master@{u}
> git rev-list --left-right master...refs/remotes/origin/master
> git for-each-ref --sort -committerdate --format %(refname) %(objectname) %(*objectname)
> git remote --verbose
> git config --get commit.template
> git status -z -u
> git symbolic-ref --short HEAD
> git rev-parse master
> git rev-parse --symbolic-full-name master@{u}
> git rev-list --left-right master...refs/remotes/origin/master
> git for-each-ref --sort -committerdate --format %(refname) %(objectname) %(*objectname)
> git remote --verbose
> git config --get commit.template
> git status -z -u
> git symbolic-ref --short HEAD
> git rev-parse master
> git rev-parse --symbolic-full-name master@{u}
> git rev-list --left-right master...refs/remotes/origin/master
> git for-each-ref --sort -committerdate --format %(refname) %(objectname) %(*objectname)
> git remote --verbose
> git config --get commit.template
> git status -z -u
> git symbolic-ref --short HEAD
> git rev-parse master
> git rev-parse --symbolic-full-name master@{u}
> git rev-list --left-right master...refs/remotes/origin/master
> git for-each-ref --sort -committerdate --format %(refname) %(objectname) %(*objectname)
> git remote --verbose
> git config --get commit.template
> git status -z -u
> git symbolic-ref --short HEAD
> git rev-parse master
> git rev-parse --symbolic-full-name master@{u}
> git rev-list --left-right master...refs/remotes/origin/master
> git for-each-ref --sort -committerdate --format %(refname) %(objectname) %(*objectname)
> git remote --verbose
> git config --get commit.template
> git status -z -u
> git symbolic-ref --short HEAD
> git rev-parse master
> git rev-parse --symbolic-full-name master@{u}
> git rev-list --left-right master...refs/remotes/origin/master
> git for-each-ref --sort -committerdate --format %(refname) %(objectname) %(*objectname)
> git remote --verbose
> git config --get commit.template
> git show --textconv :resources/views/admin/stores/index.blade.php
> git ls-files --stage -- /home/dias/projetos/ESTUDAPORRA/resources/views/admin/stores/index.blade.php
> git cat-file -s 20b12fb8251c988e9e6179f6302f8c5da2fceaf2
> git status -z -u
> git symbolic-ref --short HEAD
> git rev-parse master
> git rev-parse --symbolic-full-name master@{u}
> git rev-list --left-right master...refs/remotes/origin/master
> git for-each-ref --sort -committerdate --format %(refname) %(objectname) %(*objectname)
> git remote --verbose
> git config --get commit.template
> git status -z -u
> git symbolic-ref --short HEAD
> git rev-parse master
> git rev-parse --symbolic-full-name master@{u}
> git rev-list --left-right master...refs/remotes/origin/master
> git for-each-ref --sort -committerdate --format %(refname) %(objectname) %(*objectname)
> git remote --verbose
> git config --get commit.template
> git config --local branch.master.github-pr-owner-number
