[2021-01-24 13:28:27.653] [exthost] [info] extension host started
[2021-01-24 13:28:29.441] [exthost] [info] ExtensionService#_doActivateExtension vscode.microsoft-authentication {"startup":false,"extensionId":{"value":"vscode.microsoft-authentication","_lower":"vscode.microsoft-authentication"},"activationEvent":"onAuthenticationRequest:microsoft"}
[2021-01-24 13:28:29.443] [exthost] [info] ExtensionService#loadCommonJSModule file:///snap/code/52/usr/share/code/resources/app/extensions/microsoft-authentication/dist/extension.js
[2021-01-24 13:28:29.651] [exthost] [info] ExtensionService#_doActivateExtension vscode.debug-auto-launch {"startup":true,"extensionId":{"value":"vscode.debug-auto-launch","_lower":"vscode.debug-auto-launch"},"activationEvent":"*"}
[2021-01-24 13:28:29.658] [exthost] [info] ExtensionService#loadCommonJSModule file:///snap/code/52/usr/share/code/resources/app/extensions/debug-auto-launch/dist/extension
[2021-01-24 13:28:29.691] [exthost] [info] ExtensionService#_doActivateExtension vscode.emmet {"startup":true,"extensionId":{"value":"vscode.emmet","_lower":"vscode.emmet"},"activationEvent":"*"}
[2021-01-24 13:28:29.702] [exthost] [info] ExtensionService#loadCommonJSModule file:///snap/code/52/usr/share/code/resources/app/extensions/emmet/dist/node/emmetNodeMain
[2021-01-24 13:28:29.936] [exthost] [info] ExtensionService#_doActivateExtension vscode.git {"startup":true,"extensionId":{"value":"vscode.github","_lower":"vscode.github"},"activationEvent":"*"}
[2021-01-24 13:28:29.937] [exthost] [info] ExtensionService#loadCommonJSModule file:///snap/code/52/usr/share/code/resources/app/extensions/git/dist/main
[2021-01-24 13:28:30.299] [exthost] [info] ExtensionService#_doActivateExtension vscode.merge-conflict {"startup":true,"extensionId":{"value":"vscode.merge-conflict","_lower":"vscode.merge-conflict"},"activationEvent":"*"}
[2021-01-24 13:28:30.318] [exthost] [info] ExtensionService#loadCommonJSModule file:///snap/code/52/usr/share/code/resources/app/extensions/merge-conflict/dist/mergeConflictMain
[2021-01-24 13:28:30.383] [exthost] [info] ExtensionService#_doActivateExtension vscode.search-result {"startup":true,"extensionId":{"value":"vscode.search-result","_lower":"vscode.search-result"},"activationEvent":"*"}
[2021-01-24 13:28:30.393] [exthost] [info] ExtensionService#loadCommonJSModule file:///snap/code/52/usr/share/code/resources/app/extensions/search-result/dist/extension.js
[2021-01-24 13:28:30.407] [exthost] [info] ExtensionService#_doActivateExtension vscode.npm {"startup":true,"extensionId":{"value":"vscode.npm","_lower":"vscode.npm"},"activationEvent":"workspaceContains:package.json"}
[2021-01-24 13:28:30.409] [exthost] [info] ExtensionService#loadCommonJSModule file:///snap/code/52/usr/share/code/resources/app/extensions/npm/dist/npmMain
[2021-01-24 13:28:33.026] [exthost] [info] ExtensionService#_doActivateExtension vscode.github {"startup":true,"extensionId":{"value":"vscode.github","_lower":"vscode.github"},"activationEvent":"*"}
[2021-01-24 13:28:33.030] [exthost] [info] ExtensionService#loadCommonJSModule file:///snap/code/52/usr/share/code/resources/app/extensions/github/dist/extension.js
[2021-01-24 13:28:33.523] [exthost] [info] ExtensionService#_doActivateExtension ms-vscode.js-debug {"startup":false,"extensionId":{"value":"ms-vscode.js-debug","_lower":"ms-vscode.js-debug"},"activationEvent":"onCommand:extension.js-debug.clearAutoAttachVariables"}
[2021-01-24 13:28:33.528] [exthost] [info] ExtensionService#loadCommonJSModule file:///snap/code/52/usr/share/code/resources/app/extensions/ms-vscode.js-debug/src/extension.js
[2021-01-24 13:28:34.602] [exthost] [info] eager extensions activated
[2021-01-24 13:28:34.986] [exthost] [info] ExtensionService#_doActivateExtension GitHub.vscode-pull-request-github {"startup":false,"extensionId":{"value":"GitHub.vscode-pull-request-github","_lower":"github.vscode-pull-request-github"},"activationEvent":"onStartupFinished"}
[2021-01-24 13:28:34.987] [exthost] [info] ExtensionService#loadCommonJSModule file:///root/.vscode/extensions/github.vscode-pull-request-github-0.22.0/media/extension
[2021-01-24 13:28:35.844] [exthost] [info] ExtensionService#_doActivateExtension ms-vscode-remote.remote-containers {"startup":false,"extensionId":{"value":"ms-vscode-remote.remote-containers","_lower":"ms-vscode-remote.remote-containers"},"activationEvent":"onStartupFinished"}
[2021-01-24 13:28:35.856] [exthost] [info] ExtensionService#loadCommonJSModule file:///root/.vscode/extensions/ms-vscode-remote.remote-containers-0.155.1/dist/extension
[2021-01-24 13:28:38.837] [exthost] [info] ExtensionService#_doActivateExtension vscode.github-authentication {"startup":false,"extensionId":{"value":"vscode.github-authentication","_lower":"vscode.github-authentication"},"activationEvent":"onAuthenticationRequest:github"}
[2021-01-24 13:28:38.842] [exthost] [info] ExtensionService#loadCommonJSModule file:///snap/code/52/usr/share/code/resources/app/extensions/github-authentication/dist/extension.js
[2021-01-24 13:31:50.044] [exthost] [info] ExtensionService#_doActivateExtension vscode.php-language-features {"startup":false,"extensionId":{"value":"vscode.php-language-features","_lower":"vscode.php-language-features"},"activationEvent":"onLanguage:php"}
[2021-01-24 13:31:50.045] [exthost] [info] ExtensionService#loadCommonJSModule file:///snap/code/52/usr/share/code/resources/app/extensions/php-language-features/dist/phpMain
[2021-01-24 14:02:34.023] [exthost] [info] ExtensionService#_doActivateExtension vscode.image-preview {"startup":false,"extensionId":{"value":"vscode.image-preview","_lower":"vscode.image-preview"},"activationEvent":"onCustomEditor:imagePreview.previewEditor"}
[2021-01-24 14:02:34.024] [exthost] [info] ExtensionService#loadCommonJSModule file:///snap/code/52/usr/share/code/resources/app/extensions/image-preview/dist/extension
[2021-01-24 14:16:06.100] [exthost] [error] {"message":"Git error","stdout":"","stderr":"fatal: pathspec '/home/dias/projetos/ESTUDAPORRA/public/storage/products' is beyond a symbolic link\n","exitCode":128}
[2021-01-24 14:16:06.100] [exthost] [error] {"message":"Git error","stdout":"","stderr":"fatal: pathspec '/home/dias/projetos/ESTUDAPORRA/public/storage/products' is beyond a symbolic link\n","exitCode":128}
[2021-01-24 14:16:07.440] [exthost] [error] {"message":"Git error","stdout":"","stderr":"fatal: pathspec '/home/dias/projetos/ESTUDAPORRA/public/storage/products/2DvqaFHGLjS0br0S9eM5abHK9SXf1hGY4BK7pvVX.jpg' is beyond a symbolic link\n","exitCode":128}
[2021-01-24 14:16:07.440] [exthost] [error] {"message":"Git error","stdout":"","stderr":"fatal: pathspec '/home/dias/projetos/ESTUDAPORRA/public/storage/products/2DvqaFHGLjS0br0S9eM5abHK9SXf1hGY4BK7pvVX.jpg' is beyond a symbolic link\n","exitCode":128}
[2021-01-24 14:16:07.441] [exthost] [error] {"message":"Git error","stdout":"","stderr":"fatal: pathspec '/home/dias/projetos/ESTUDAPORRA/public/storage/products/2DvqaFHGLjS0br0S9eM5abHK9SXf1hGY4BK7pvVX.jpg' is beyond a symbolic link\n","exitCode":128}
[2021-01-24 14:16:07.441] [exthost] [error] {"message":"Git error","stdout":"","stderr":"fatal: pathspec '/home/dias/projetos/ESTUDAPORRA/public/storage/products/2DvqaFHGLjS0br0S9eM5abHK9SXf1hGY4BK7pvVX.jpg' is beyond a symbolic link\n","exitCode":128}
[2021-01-24 14:16:07.441] [exthost] [error] {"message":"Git error","stdout":"","stderr":"fatal: pathspec '/home/dias/projetos/ESTUDAPORRA/public/storage/products/2DvqaFHGLjS0br0S9eM5abHK9SXf1hGY4BK7pvVX.jpg' is beyond a symbolic link\n","exitCode":128}
[2021-01-24 14:16:07.441] [exthost] [error] {"message":"Git error","stdout":"","stderr":"fatal: pathspec '/home/dias/projetos/ESTUDAPORRA/public/storage/products/2DvqaFHGLjS0br0S9eM5abHK9SXf1hGY4BK7pvVX.jpg' is beyond a symbolic link\n","exitCode":128}
[2021-01-24 14:16:07.441] [exthost] [error] {"message":"Git error","stdout":"","stderr":"fatal: pathspec '/home/dias/projetos/ESTUDAPORRA/public/storage/products/2DvqaFHGLjS0br0S9eM5abHK9SXf1hGY4BK7pvVX.jpg' is beyond a symbolic link\n","exitCode":128}
[2021-01-24 14:16:07.441] [exthost] [error] {"message":"Git error","stdout":"","stderr":"fatal: pathspec '/home/dias/projetos/ESTUDAPORRA/public/storage/products/2DvqaFHGLjS0br0S9eM5abHK9SXf1hGY4BK7pvVX.jpg' is beyond a symbolic link\n","exitCode":128}
[2021-01-24 14:16:07.441] [exthost] [error] {"message":"Git error","stdout":"","stderr":"fatal: pathspec '/home/dias/projetos/ESTUDAPORRA/public/storage/products/2DvqaFHGLjS0br0S9eM5abHK9SXf1hGY4BK7pvVX.jpg' is beyond a symbolic link\n","exitCode":128}
[2021-01-24 14:16:08.197] [exthost] [error] {"message":"Git error","stdout":"","stderr":"fatal: pathspec '/home/dias/projetos/ESTUDAPORRA/public/storage/products/WN2p2x7Czq1sR0AM6TyHe18EB9CdKQjGYwLbuLfh.jpg' is beyond a symbolic link\n","exitCode":128}
[2021-01-24 14:16:08.199] [exthost] [error] {"message":"Git error","stdout":"","stderr":"fatal: pathspec '/home/dias/projetos/ESTUDAPORRA/public/storage/products/WN2p2x7Czq1sR0AM6TyHe18EB9CdKQjGYwLbuLfh.jpg' is beyond a symbolic link\n","exitCode":128}
[2021-01-24 14:39:32.662] [exthost] [error] {"message":"Git error","stdout":"","stderr":"fatal: pathspec '/home/dias/projetos/ESTUDAPORRA/public/storage/products/8KiTMWu204cZJ6AudRy4F8aKLltMyTbxstGVhaO9.jpg' is beyond a symbolic link\n","exitCode":128}
[2021-01-24 14:39:32.662] [exthost] [error] {"message":"Git error","stdout":"","stderr":"fatal: pathspec '/home/dias/projetos/ESTUDAPORRA/public/storage/products/8KiTMWu204cZJ6AudRy4F8aKLltMyTbxstGVhaO9.jpg' is beyond a symbolic link\n","exitCode":128}
