[2021-02-14 14:22:34.536] [exthost] [info] extension host started
[2021-02-14 14:22:43.203] [exthost] [info] ExtensionService#_doActivateExtension vscode.microsoft-authentication {"startup":false,"extensionId":{"value":"vscode.microsoft-authentication","_lower":"vscode.microsoft-authentication"},"activationEvent":"onAuthenticationRequest:microsoft"}
[2021-02-14 14:22:43.206] [exthost] [info] ExtensionService#loadCommonJSModule file:///snap/code/55/usr/share/code/resources/app/extensions/microsoft-authentication/dist/extension.js
[2021-02-14 14:22:43.783] [exthost] [info] ExtensionService#_doActivateExtension vscode.configuration-editing {"startup":false,"extensionId":{"value":"vscode.configuration-editing","_lower":"vscode.configuration-editing"},"activationEvent":"onLanguage:json"}
[2021-02-14 14:22:43.786] [exthost] [info] ExtensionService#loadCommonJSModule file:///snap/code/55/usr/share/code/resources/app/extensions/configuration-editing/dist/configurationEditingMain
[2021-02-14 14:22:43.899] [exthost] [info] ExtensionService#_doActivateExtension vscode.extension-editing {"startup":false,"extensionId":{"value":"vscode.extension-editing","_lower":"vscode.extension-editing"},"activationEvent":"onLanguage:json"}
[2021-02-14 14:22:43.917] [exthost] [info] ExtensionService#loadCommonJSModule file:///snap/code/55/usr/share/code/resources/app/extensions/extension-editing/dist/extensionEditingMain
[2021-02-14 14:22:44.392] [exthost] [info] ExtensionService#_doActivateExtension vscode.json-language-features {"startup":false,"extensionId":{"value":"vscode.json-language-features","_lower":"vscode.json-language-features"},"activationEvent":"onLanguage:json"}
[2021-02-14 14:22:44.397] [exthost] [info] ExtensionService#loadCommonJSModule file:///snap/code/55/usr/share/code/resources/app/extensions/json-language-features/client/dist/node/jsonClientMain
[2021-02-14 14:22:45.566] [exthost] [info] ExtensionService#_doActivateExtension ms-vscode.js-debug {"startup":false,"extensionId":{"value":"ms-vscode.js-debug","_lower":"ms-vscode.js-debug"},"activationEvent":"onLanguage:json"}
[2021-02-14 14:22:45.566] [exthost] [info] ExtensionService#loadCommonJSModule file:///snap/code/55/usr/share/code/resources/app/extensions/ms-vscode.js-debug/src/extension.js
[2021-02-14 14:22:55.888] [exthost] [info] ExtensionService#_doActivateExtension vscode.npm {"startup":false,"extensionId":{"value":"vscode.npm","_lower":"vscode.npm"},"activationEvent":"onLanguage:json"}
[2021-02-14 14:22:55.900] [exthost] [info] ExtensionService#loadCommonJSModule file:///snap/code/55/usr/share/code/resources/app/extensions/npm/dist/npmMain
[2021-02-14 14:22:57.270] [exthost] [info] ExtensionService#_doActivateExtension vscode.typescript-language-features {"startup":false,"extensionId":{"value":"vscode.typescript-language-features","_lower":"vscode.typescript-language-features"},"activationEvent":"onLanguage:typescript"}
[2021-02-14 14:22:57.271] [exthost] [info] ExtensionService#loadCommonJSModule file:///snap/code/55/usr/share/code/resources/app/extensions/typescript-language-features/dist/extension
[2021-02-14 14:22:58.034] [exthost] [info] ExtensionService#_doActivateExtension vscode.php-language-features {"startup":false,"extensionId":{"value":"vscode.php-language-features","_lower":"vscode.php-language-features"},"activationEvent":"onLanguage:php"}
[2021-02-14 14:22:58.035] [exthost] [info] ExtensionService#loadCommonJSModule file:///snap/code/55/usr/share/code/resources/app/extensions/php-language-features/dist/phpMain
[2021-02-14 14:22:58.308] [exthost] [info] ExtensionService#_doActivateExtension vscode.debug-auto-launch {"startup":true,"extensionId":{"value":"vscode.debug-auto-launch","_lower":"vscode.debug-auto-launch"},"activationEvent":"*"}
[2021-02-14 14:22:58.308] [exthost] [info] ExtensionService#loadCommonJSModule file:///snap/code/55/usr/share/code/resources/app/extensions/debug-auto-launch/dist/extension
[2021-02-14 14:22:58.486] [exthost] [info] ExtensionService#_doActivateExtension vscode.git {"startup":true,"extensionId":{"value":"vscode.github","_lower":"vscode.github"},"activationEvent":"*"}
[2021-02-14 14:22:58.489] [exthost] [info] ExtensionService#loadCommonJSModule file:///snap/code/55/usr/share/code/resources/app/extensions/git/dist/main
[2021-02-14 14:23:01.869] [exthost] [info] ExtensionService#_doActivateExtension GitHub.vscode-pull-request-github {"startup":false,"extensionId":{"value":"GitHub.vscode-pull-request-github","_lower":"github.vscode-pull-request-github"},"activationEvent":"onStartupFinished"}
[2021-02-14 14:23:01.869] [exthost] [info] ExtensionService#loadCommonJSModule file:///root/.vscode/extensions/github.vscode-pull-request-github-0.22.0/media/extension
[2021-02-14 14:23:07.633] [exthost] [info] ExtensionService#_doActivateExtension vscode.emmet {"startup":false,"extensionId":{"value":"vscode.emmet","_lower":"vscode.emmet"},"activationEvent":"onStartupFinished"}
[2021-02-14 14:23:07.634] [exthost] [info] ExtensionService#loadCommonJSModule file:///snap/code/55/usr/share/code/resources/app/extensions/emmet/dist/node/emmetNodeMain
[2021-02-14 14:23:07.736] [exthost] [info] ExtensionService#_doActivateExtension vscode.merge-conflict {"startup":false,"extensionId":{"value":"vscode.merge-conflict","_lower":"vscode.merge-conflict"},"activationEvent":"onStartupFinished"}
[2021-02-14 14:23:07.737] [exthost] [info] ExtensionService#loadCommonJSModule file:///snap/code/55/usr/share/code/resources/app/extensions/merge-conflict/dist/mergeConflictMain
[2021-02-14 14:23:07.766] [exthost] [info] ExtensionService#_doActivateExtension vscode.testing-editor-contributions {"startup":false,"extensionId":{"value":"vscode.testing-editor-contributions","_lower":"vscode.testing-editor-contributions"},"activationEvent":"onStartupFinished"}
[2021-02-14 14:23:07.766] [exthost] [info] ExtensionService#loadCommonJSModule file:///snap/code/55/usr/share/code/resources/app/extensions/testing-editor-contributions/dist/extension.js
[2021-02-14 14:23:07.791] [exthost] [info] ExtensionService#_doActivateExtension ms-vscode-remote.remote-containers {"startup":false,"extensionId":{"value":"ms-vscode-remote.remote-containers","_lower":"ms-vscode-remote.remote-containers"},"activationEvent":"onStartupFinished"}
[2021-02-14 14:23:07.791] [exthost] [info] ExtensionService#loadCommonJSModule file:///root/.vscode/extensions/ms-vscode-remote.remote-containers-0.155.1/dist/extension
[2021-02-14 14:23:08.430] [exthost] [info] ExtensionService#_doActivateExtension vscode.github {"startup":true,"extensionId":{"value":"vscode.github","_lower":"vscode.github"},"activationEvent":"*"}
[2021-02-14 14:23:08.431] [exthost] [info] ExtensionService#loadCommonJSModule file:///snap/code/55/usr/share/code/resources/app/extensions/github/dist/extension.js
[2021-02-14 14:23:11.711] [exthost] [info] eager extensions activated
[2021-02-14 14:23:12.586] [exthost] [info] ExtensionService#_doActivateExtension vscode.github-authentication {"startup":false,"extensionId":{"value":"vscode.github-authentication","_lower":"vscode.github-authentication"},"activationEvent":"onAuthenticationRequest:github"}
[2021-02-14 14:23:12.591] [exthost] [info] ExtensionService#loadCommonJSModule file:///snap/code/55/usr/share/code/resources/app/extensions/github-authentication/dist/extension.js
[2021-02-14 14:24:17.126] [exthost] [warning] [Decorations] CAPPING events from decorations provider vscode.git 271
[2021-02-14 14:24:30.276] [exthost] [warning] [Decorations] CAPPING events from decorations provider vscode.git 271
[2021-02-14 15:01:51.531] [exthost] [warning] [Decorations] CAPPING events from decorations provider vscode.git 271
[2021-02-14 15:01:56.891] [exthost] [warning] [Decorations] CAPPING events from decorations provider vscode.git 271
[2021-02-14 15:02:19.688] [exthost] [info] ExtensionService#_doActivateExtension vscode.image-preview {"startup":false,"extensionId":{"value":"vscode.image-preview","_lower":"vscode.image-preview"},"activationEvent":"onCustomEditor:imagePreview.previewEditor"}
[2021-02-14 15:02:19.688] [exthost] [info] ExtensionService#loadCommonJSModule file:///snap/code/55/usr/share/code/resources/app/extensions/image-preview/dist/extension
[2021-02-14 15:02:21.015] [exthost] [warning] [Decorations] CAPPING events from decorations provider vscode.git 272
[2021-02-14 17:37:44.478] [exthost] [warning] [Decorations] CAPPING events from decorations provider vscode.git 273
[2021-02-14 17:40:05.819] [exthost] [warning] [Decorations] CAPPING events from decorations provider vscode.git 273
[2021-02-14 17:40:37.036] [exthost] [warning] [Decorations] CAPPING events from decorations provider vscode.git 273
[2021-02-14 17:44:02.462] [exthost] [warning] [Decorations] CAPPING events from decorations provider vscode.git 273
[2021-02-14 17:46:17.214] [exthost] [warning] [Decorations] CAPPING events from decorations provider vscode.git 273
[2021-02-14 17:53:50.436] [exthost] [warning] [Decorations] CAPPING events from decorations provider vscode.git 274
[2021-02-14 17:53:56.522] [exthost] [warning] [Decorations] CAPPING events from decorations provider vscode.git 275
[2021-02-14 17:54:29.264] [exthost] [warning] [Decorations] CAPPING events from decorations provider vscode.git 275
[2021-02-14 17:54:48.109] [exthost] [warning] [Decorations] CAPPING events from decorations provider vscode.git 275
[2021-02-14 17:55:34.296] [exthost] [warning] [Decorations] CAPPING events from decorations provider vscode.git 274
[2021-02-14 17:55:55.167] [exthost] [warning] [Decorations] CAPPING events from decorations provider vscode.git 274
[2021-02-14 17:56:01.482] [exthost] [warning] [Decorations] CAPPING events from decorations provider vscode.git 274
[2021-02-14 17:59:22.804] [exthost] [warning] [Decorations] CAPPING events from decorations provider vscode.git 274
[2021-02-14 17:59:29.604] [exthost] [warning] [Decorations] CAPPING events from decorations provider vscode.git 274
[2021-02-14 18:00:08.833] [exthost] [warning] [Decorations] CAPPING events from decorations provider vscode.git 274
[2021-02-14 18:01:15.467] [exthost] [warning] [Decorations] CAPPING events from decorations provider vscode.git 274
[2021-02-14 18:01:20.883] [exthost] [warning] [Decorations] CAPPING events from decorations provider vscode.git 275
[2021-02-14 18:02:50.433] [exthost] [warning] [Decorations] CAPPING events from decorations provider vscode.git 275
[2021-02-14 18:03:12.883] [exthost] [warning] [Decorations] CAPPING events from decorations provider vscode.git 274
[2021-02-14 18:03:27.102] [exthost] [warning] [Decorations] CAPPING events from decorations provider vscode.git 274
[2021-02-14 18:03:37.219] [exthost] [warning] [Decorations] CAPPING events from decorations provider vscode.git 274
[2021-02-14 18:04:02.484] [exthost] [warning] [Decorations] CAPPING events from decorations provider vscode.git 274
[2021-02-14 18:04:35.143] [exthost] [warning] [Decorations] CAPPING events from decorations provider vscode.git 274
[2021-02-14 18:04:40.532] [exthost] [warning] [Decorations] CAPPING events from decorations provider vscode.git 274
[2021-02-14 18:04:51.861] [exthost] [warning] [Decorations] CAPPING events from decorations provider vscode.git 274
[2021-02-14 18:04:57.871] [exthost] [warning] [Decorations] CAPPING events from decorations provider vscode.git 274
[2021-02-14 18:05:05.324] [exthost] [warning] [Decorations] CAPPING events from decorations provider vscode.git 274
[2021-02-14 18:05:12.357] [exthost] [warning] [Decorations] CAPPING events from decorations provider vscode.git 274
[2021-02-14 18:05:20.825] [exthost] [warning] [Decorations] CAPPING events from decorations provider vscode.git 274
[2021-02-14 18:05:26.247] [exthost] [warning] [Decorations] CAPPING events from decorations provider vscode.git 275
[2021-02-14 18:05:54.602] [exthost] [warning] [Decorations] CAPPING events from decorations provider vscode.git 275
[2021-02-14 18:06:00.851] [exthost] [warning] [Decorations] CAPPING events from decorations provider vscode.git 275
[2021-02-14 18:06:10.740] [exthost] [warning] [Decorations] CAPPING events from decorations provider vscode.git 275
[2021-02-14 18:06:16.078] [exthost] [warning] [Decorations] CAPPING events from decorations provider vscode.git 274
[2021-02-14 18:06:35.261] [exthost] [warning] [Decorations] CAPPING events from decorations provider vscode.git 274
[2021-02-14 18:06:40.823] [exthost] [warning] [Decorations] CAPPING events from decorations provider vscode.git 274
[2021-02-14 18:06:52.256] [exthost] [warning] [Decorations] CAPPING events from decorations provider vscode.git 274
[2021-02-14 18:06:57.533] [exthost] [warning] [Decorations] CAPPING events from decorations provider vscode.git 274
[2021-02-14 18:07:46.093] [exthost] [warning] [Decorations] CAPPING events from decorations provider vscode.git 274
[2021-02-14 18:07:51.514] [exthost] [warning] [Decorations] CAPPING events from decorations provider vscode.git 274
[2021-02-14 18:07:58.420] [exthost] [warning] [Decorations] CAPPING events from decorations provider vscode.git 274
[2021-02-14 18:08:06.365] [exthost] [warning] [Decorations] CAPPING events from decorations provider vscode.git 274
[2021-02-14 18:08:12.266] [exthost] [warning] [Decorations] CAPPING events from decorations provider vscode.git 274
[2021-02-14 18:08:23.341] [exthost] [warning] [Decorations] CAPPING events from decorations provider vscode.git 274
[2021-02-14 18:08:29.506] [exthost] [warning] [Decorations] CAPPING events from decorations provider vscode.git 274
[2021-02-14 18:08:39.463] [exthost] [warning] [Decorations] CAPPING events from decorations provider vscode.git 274
[2021-02-14 18:09:10.893] [exthost] [warning] [Decorations] CAPPING events from decorations provider vscode.git 274
[2021-02-14 18:09:16.438] [exthost] [warning] [Decorations] CAPPING events from decorations provider vscode.git 274
[2021-02-14 18:09:42.251] [exthost] [warning] [Decorations] CAPPING events from decorations provider vscode.git 274
[2021-02-14 18:09:50.114] [exthost] [warning] [Decorations] CAPPING events from decorations provider vscode.git 274
[2021-02-14 18:12:24.829] [exthost] [warning] [Decorations] CAPPING events from decorations provider vscode.git 274
[2021-02-14 18:12:30.116] [exthost] [warning] [Decorations] CAPPING events from decorations provider vscode.git 274
[2021-02-14 18:15:02.696] [exthost] [warning] [Decorations] CAPPING events from decorations provider vscode.git 274
[2021-02-14 18:16:08.935] [exthost] [warning] [Decorations] CAPPING events from decorations provider vscode.git 274
[2021-02-14 18:16:15.416] [exthost] [warning] [Decorations] CAPPING events from decorations provider vscode.git 275
[2021-02-14 18:17:11.616] [exthost] [warning] [Decorations] CAPPING events from decorations provider vscode.git 275
[2021-02-14 18:17:48.978] [exthost] [warning] [Decorations] CAPPING events from decorations provider vscode.git 274
[2021-02-14 18:18:02.434] [exthost] [warning] [Decorations] CAPPING events from decorations provider vscode.git 274
[2021-02-14 18:18:49.618] [exthost] [warning] [Decorations] CAPPING events from decorations provider vscode.git 274
[2021-02-14 18:18:55.921] [exthost] [warning] [Decorations] CAPPING events from decorations provider vscode.git 274
[2021-02-14 18:19:21.125] [exthost] [warning] [Decorations] CAPPING events from decorations provider vscode.git 274
[2021-02-14 22:34:40.599] [exthost] [warning] [Decorations] CAPPING events from decorations provider vscode.git 274
[2021-02-14 22:34:45.941] [exthost] [warning] [Decorations] CAPPING events from decorations provider vscode.git 274
[2021-02-14 22:35:40.846] [exthost] [warning] [Decorations] CAPPING events from decorations provider vscode.git 274
[2021-02-14 22:37:41.484] [exthost] [warning] [Decorations] CAPPING events from decorations provider vscode.git 274
[2021-02-14 22:37:46.796] [exthost] [warning] [Decorations] CAPPING events from decorations provider vscode.git 274
[2021-02-14 22:38:59.959] [exthost] [warning] [Decorations] CAPPING events from decorations provider vscode.git 274
[2021-02-14 22:41:20.292] [exthost] [warning] [Decorations] CAPPING events from decorations provider vscode.git 274
[2021-02-14 22:41:28.190] [exthost] [warning] [Decorations] CAPPING events from decorations provider vscode.git 274
[2021-02-14 22:42:07.909] [exthost] [warning] [Decorations] CAPPING events from decorations provider vscode.git 274
[2021-02-14 22:42:13.461] [exthost] [warning] [Decorations] CAPPING events from decorations provider vscode.git 275
[2021-02-14 22:42:40.436] [exthost] [warning] [Decorations] CAPPING events from decorations provider vscode.git 275
[2021-02-14 22:42:54.175] [exthost] [warning] [Decorations] CAPPING events from decorations provider vscode.git 274
[2021-02-14 22:44:36.170] [exthost] [warning] [Decorations] CAPPING events from decorations provider vscode.git 274
[2021-02-14 22:44:41.455] [exthost] [warning] [Decorations] CAPPING events from decorations provider vscode.git 275
[2021-02-14 22:48:37.810] [exthost] [warning] [Decorations] CAPPING events from decorations provider vscode.git 275
[2021-02-14 22:50:17.789] [exthost] [warning] [Decorations] CAPPING events from decorations provider vscode.git 276
[2021-02-14 22:51:46.647] [exthost] [warning] [Decorations] CAPPING events from decorations provider vscode.git 276
[2021-02-14 22:55:34.094] [exthost] [warning] [Decorations] CAPPING events from decorations provider vscode.git 275
[2021-02-14 22:55:44.288] [exthost] [warning] [Decorations] CAPPING events from decorations provider vscode.git 275
[2021-02-14 22:56:36.983] [exthost] [warning] [Decorations] CAPPING events from decorations provider vscode.git 275
[2021-02-14 22:56:42.321] [exthost] [warning] [Decorations] CAPPING events from decorations provider vscode.git 275
[2021-02-14 22:56:51.718] [exthost] [warning] [Decorations] CAPPING events from decorations provider vscode.git 275
[2021-02-14 22:58:00.503] [exthost] [warning] [Decorations] CAPPING events from decorations provider vscode.git 275
[2021-02-14 22:58:05.804] [exthost] [warning] [Decorations] CAPPING events from decorations provider vscode.git 275
[2021-02-14 23:08:16.031] [exthost] [warning] [Decorations] CAPPING events from decorations provider vscode.git 275
[2021-02-14 23:09:42.174] [exthost] [warning] [Decorations] CAPPING events from decorations provider vscode.git 275
[2021-02-14 23:10:12.717] [exthost] [warning] [Decorations] CAPPING events from decorations provider vscode.git 275
[2021-02-14 23:10:25.552] [exthost] [warning] [Decorations] CAPPING events from decorations provider vscode.git 275
[2021-02-14 23:10:40.060] [exthost] [info] ExtensionService#_doActivateExtension ms-vscode.node-debug2 {"startup":false,"extensionId":{"value":"ms-vscode.node-debug","_lower":"ms-vscode.node-debug"},"activationEvent":"onDebugInitialConfigurations"}
[2021-02-14 23:10:40.062] [exthost] [info] ExtensionService#loadCommonJSModule file:///snap/code/55/usr/share/code/resources/app/extensions/ms-vscode.node-debug2/out/src/extension
[2021-02-14 23:10:40.154] [exthost] [info] ExtensionService#_doActivateExtension ms-vscode.node-debug {"startup":false,"extensionId":{"value":"ms-vscode.node-debug","_lower":"ms-vscode.node-debug"},"activationEvent":"onDebugInitialConfigurations"}
[2021-02-14 23:10:40.154] [exthost] [info] ExtensionService#loadCommonJSModule file:///snap/code/55/usr/share/code/resources/app/extensions/ms-vscode.node-debug/dist/extension.js
[2021-02-14 23:10:40.524] [exthost] [info] ExtensionService#_doActivateExtension vscode.debug-server-ready {"startup":false,"extensionId":{"value":"vscode.debug-server-ready","_lower":"vscode.debug-server-ready"},"activationEvent":"onDebugResolve"}
[2021-02-14 23:10:40.527] [exthost] [info] ExtensionService#loadCommonJSModule file:///snap/code/55/usr/share/code/resources/app/extensions/debug-server-ready/dist/extension
[2021-02-14 23:11:01.821] [exthost] [warning] [Decorations] CAPPING events from decorations provider vscode.git 278
[2021-02-14 23:11:07.100] [exthost] [warning] [Decorations] CAPPING events from decorations provider vscode.git 279
[2021-02-14 23:12:49.028] [exthost] [warning] [Decorations] CAPPING events from decorations provider vscode.git 279
[2021-02-14 23:17:07.438] [exthost] [warning] [Decorations] CAPPING events from decorations provider vscode.git 278
[2021-02-14 23:17:13.671] [exthost] [warning] [Decorations] CAPPING events from decorations provider vscode.git 278
[2021-02-14 23:17:29.506] [exthost] [warning] [Decorations] CAPPING events from decorations provider vscode.git 279
[2021-02-14 23:27:13.053] [exthost] [warning] [Decorations] CAPPING events from decorations provider vscode.git 279
[2021-02-14 23:29:32.073] [exthost] [warning] [Decorations] CAPPING events from decorations provider vscode.git 279
[2021-02-14 23:29:53.406] [exthost] [warning] [Decorations] CAPPING events from decorations provider vscode.git 279
[2021-02-14 23:30:07.298] [exthost] [warning] [Decorations] CAPPING events from decorations provider vscode.git 279
[2021-02-14 23:30:50.935] [exthost] [warning] [Decorations] CAPPING events from decorations provider vscode.git 279
[2021-02-14 23:32:06.726] [exthost] [warning] [Decorations] CAPPING events from decorations provider vscode.git 279
[2021-02-14 23:32:36.035] [exthost] [warning] [Decorations] CAPPING events from decorations provider vscode.git 279
[2021-02-14 23:33:26.586] [exthost] [warning] [Decorations] CAPPING events from decorations provider vscode.git 279
[2021-02-14 23:33:51.183] [exthost] [warning] [Decorations] CAPPING events from decorations provider vscode.git 279
[2021-02-14 23:34:07.854] [exthost] [warning] [Decorations] CAPPING events from decorations provider vscode.git 279
[2021-02-14 23:34:25.660] [exthost] [warning] [Decorations] CAPPING events from decorations provider vscode.git 279
[2021-02-14 23:34:31.843] [exthost] [warning] [Decorations] CAPPING events from decorations provider vscode.git 279
[2021-02-14 23:34:52.007] [exthost] [warning] [Decorations] CAPPING events from decorations provider vscode.git 279
[2021-02-14 23:35:10.734] [exthost] [warning] [Decorations] CAPPING events from decorations provider vscode.git 279
[2021-02-14 23:35:16.017] [exthost] [warning] [Decorations] CAPPING events from decorations provider vscode.git 280
[2021-02-14 23:35:31.003] [exthost] [warning] [Decorations] CAPPING events from decorations provider vscode.git 280
[2021-02-14 23:35:37.824] [exthost] [warning] [Decorations] CAPPING events from decorations provider vscode.git 279
[2021-02-14 23:35:58.735] [exthost] [warning] [Decorations] CAPPING events from decorations provider vscode.git 279
[2021-02-14 23:36:04.025] [exthost] [warning] [Decorations] CAPPING events from decorations provider vscode.git 279
[2021-02-14 23:40:20.929] [exthost] [warning] [Decorations] CAPPING events from decorations provider vscode.git 279
[2021-02-14 23:40:46.053] [exthost] [warning] [Decorations] CAPPING events from decorations provider vscode.git 279
[2021-02-14 23:40:58.184] [exthost] [warning] [Decorations] CAPPING events from decorations provider vscode.git 279
[2021-02-14 23:41:04.819] [exthost] [warning] [Decorations] CAPPING events from decorations provider vscode.git 279
[2021-02-14 23:41:18.192] [exthost] [warning] [Decorations] CAPPING events from decorations provider vscode.git 279
[2021-02-14 23:41:28.494] [exthost] [warning] [Decorations] CAPPING events from decorations provider vscode.git 279
[2021-02-14 23:41:34.768] [exthost] [warning] [Decorations] CAPPING events from decorations provider vscode.git 279
[2021-02-14 23:41:44.478] [exthost] [warning] [Decorations] CAPPING events from decorations provider vscode.git 279
[2021-02-14 23:41:53.688] [exthost] [warning] [Decorations] CAPPING events from decorations provider vscode.git 279
[2021-02-14 23:41:58.975] [exthost] [warning] [Decorations] CAPPING events from decorations provider vscode.git 280
[2021-02-14 23:42:46.578] [exthost] [warning] [Decorations] CAPPING events from decorations provider vscode.git 280
[2021-02-15 00:52:15.358] [exthost] [warning] [Decorations] CAPPING events from decorations provider vscode.git 279
[2021-02-15 00:52:20.697] [exthost] [warning] [Decorations] CAPPING events from decorations provider vscode.git 279
[2021-02-15 00:53:54.181] [exthost] [warning] [Decorations] CAPPING events from decorations provider vscode.git 279
[2021-02-15 03:48:13.691] [exthost] [warning] [Decorations] CAPPING events from decorations provider vscode.git 279
[2021-02-15 23:33:19.559] [exthost] [warning] [Decorations] CAPPING events from decorations provider vscode.git 279
[2021-02-15 23:33:24.843] [exthost] [warning] [Decorations] CAPPING events from decorations provider vscode.git 279
[2021-02-15 23:35:00.867] [exthost] [warning] [Decorations] CAPPING events from decorations provider vscode.git 279
[2021-02-15 23:35:18.250] [exthost] [warning] [Decorations] CAPPING events from decorations provider vscode.git 279
[2021-02-15 23:35:27.492] [exthost] [warning] [Decorations] CAPPING events from decorations provider vscode.git 279
[2021-02-15 23:35:32.777] [exthost] [warning] [Decorations] CAPPING events from decorations provider vscode.git 280
[2021-02-15 23:40:14.138] [exthost] [warning] [Decorations] CAPPING events from decorations provider vscode.git 280
[2021-02-15 23:40:19.417] [exthost] [warning] [Decorations] CAPPING events from decorations provider vscode.git 279
[2021-02-15 23:40:25.525] [exthost] [warning] [Decorations] CAPPING events from decorations provider vscode.git 279
[2021-02-15 23:40:34.492] [exthost] [warning] [Decorations] CAPPING events from decorations provider vscode.git 279
[2021-02-15 23:40:44.528] [exthost] [warning] [Decorations] CAPPING events from decorations provider vscode.git 279
[2021-02-15 23:42:28.289] [exthost] [warning] [Decorations] CAPPING events from decorations provider vscode.git 279
[2021-02-15 23:42:33.585] [exthost] [warning] [Decorations] CAPPING events from decorations provider vscode.git 279
[2021-02-15 23:46:17.783] [exthost] [warning] [Decorations] CAPPING events from decorations provider vscode.git 279
[2021-02-15 23:46:39.445] [exthost] [warning] [Decorations] CAPPING events from decorations provider vscode.git 279
[2021-02-15 23:46:44.708] [exthost] [warning] [Decorations] CAPPING events from decorations provider vscode.git 280
[2021-02-15 23:48:43.061] [exthost] [warning] [Decorations] CAPPING events from decorations provider vscode.git 280
[2021-02-15 23:49:14.034] [exthost] [warning] [Decorations] CAPPING events from decorations provider vscode.git 279
[2021-02-15 23:49:19.314] [exthost] [warning] [Decorations] CAPPING events from decorations provider vscode.git 280
[2021-02-15 23:51:32.363] [exthost] [warning] [Decorations] CAPPING events from decorations provider vscode.git 280
[2021-02-15 23:53:49.098] [exthost] [warning] [Decorations] CAPPING events from decorations provider vscode.git 279
[2021-02-15 23:53:54.504] [exthost] [warning] [Decorations] CAPPING events from decorations provider vscode.git 279
[2021-02-15 23:54:49.355] [exthost] [warning] [Decorations] CAPPING events from decorations provider vscode.git 279
[2021-02-15 23:55:15.038] [exthost] [warning] [Decorations] CAPPING events from decorations provider vscode.git 279
[2021-02-15 23:55:20.346] [exthost] [warning] [Decorations] CAPPING events from decorations provider vscode.git 279
[2021-02-15 23:55:30.551] [exthost] [warning] [Decorations] CAPPING events from decorations provider vscode.git 279
[2021-02-15 23:59:04.029] [exthost] [warning] [Decorations] CAPPING events from decorations provider vscode.git 279
[2021-02-15 23:59:35.973] [exthost] [warning] [Decorations] CAPPING events from decorations provider vscode.git 279
[2021-02-15 23:59:47.399] [exthost] [warning] [Decorations] CAPPING events from decorations provider vscode.git 279
[2021-02-15 23:59:59.098] [exthost] [warning] [Decorations] CAPPING events from decorations provider vscode.git 279
[2021-02-16 00:00:04.614] [exthost] [warning] [Decorations] CAPPING events from decorations provider vscode.git 279
[2021-02-16 00:00:11.043] [exthost] [warning] [Decorations] CAPPING events from decorations provider vscode.git 279
[2021-02-16 00:00:18.102] [exthost] [warning] [Decorations] CAPPING events from decorations provider vscode.git 279
[2021-02-16 00:00:23.396] [exthost] [warning] [Decorations] CAPPING events from decorations provider vscode.git 279
[2021-02-16 00:00:28.701] [exthost] [warning] [Decorations] CAPPING events from decorations provider vscode.git 279
[2021-02-16 00:00:41.345] [exthost] [warning] [Decorations] CAPPING events from decorations provider vscode.git 279
[2021-02-16 00:05:35.679] [exthost] [warning] [Decorations] CAPPING events from decorations provider vscode.git 279
[2021-02-16 00:05:40.956] [exthost] [warning] [Decorations] CAPPING events from decorations provider vscode.git 279
[2021-02-16 00:11:51.853] [exthost] [warning] [Decorations] CAPPING events from decorations provider vscode.git 279
[2021-02-16 00:12:30.551] [exthost] [warning] [Decorations] CAPPING events from decorations provider vscode.git 279
[2021-02-16 00:12:36.780] [exthost] [warning] [Decorations] CAPPING events from decorations provider vscode.git 279
[2021-02-16 00:17:02.117] [exthost] [warning] [Decorations] CAPPING events from decorations provider vscode.git 279
[2021-02-16 00:17:11.951] [exthost] [warning] [Decorations] CAPPING events from decorations provider vscode.git 279
[2021-02-16 00:17:37.144] [exthost] [warning] [Decorations] CAPPING events from decorations provider vscode.git 279
[2021-02-16 00:19:17.592] [exthost] [warning] [Decorations] CAPPING events from decorations provider vscode.git 279
[2021-02-16 00:29:26.579] [exthost] [warning] [Decorations] CAPPING events from decorations provider vscode.git 279
[2021-02-16 00:29:43.147] [exthost] [warning] [Decorations] CAPPING events from decorations provider vscode.git 279
